[2022-08-01 23:19:52.055] [exthost] [info] Extension host with pid 9011 started
[2022-08-01 23:19:52.230] [exthost] [info] ExtensionService#_doActivateExtension vscode.html-language-features, startup: false, activationEvent: 'onLanguage:html'
[2022-08-01 23:19:52.520] [exthost] [info] ExtensionService#_doActivateExtension vscode.debug-auto-launch, startup: true, activationEvent: '*'
[2022-08-01 23:19:52.537] [exthost] [info] ExtensionService#_doActivateExtension vscode.git-base, startup: true, activationEvent: '*', root cause: vscode.git
[2022-08-01 23:19:52.551] [exthost] [info] ExtensionService#_doActivateExtension vscode.ipynb, startup: true, activationEvent: '*'
[2022-08-01 23:19:52.659] [exthost] [info] Lock '/home/mash/.vscode-server/data/User/workspaceStorage/5d90bb51b3f730da09f617fe00b4df66/vscode.lock': Lock acquired.
[2022-08-01 23:19:52.968] [exthost] [info] ExtensionService#_doActivateExtension vscode.git, startup: true, activationEvent: '*'
[2022-08-01 23:19:53.230] [exthost] [info] ExtensionService#_doActivateExtension vscode.github, startup: true, activationEvent: '*'
[2022-08-01 23:19:53.557] [exthost] [info] ExtensionService#_doActivateExtension vscode.emmet, startup: false, activationEvent: 'onStartupFinished'
[2022-08-01 23:19:53.628] [exthost] [info] ExtensionService#_doActivateExtension vscode.merge-conflict, startup: false, activationEvent: 'onStartupFinished'
[2022-08-01 23:19:53.647] [exthost] [info] ExtensionService#_doActivateExtension ritwickdey.LiveServer, startup: false, activationEvent: 'onStartupFinished'
[2022-08-01 23:19:54.003] [exthost] [info] Eager extensions activated
[2022-08-01 23:22:02.807] [exthost] [error] {"message":"Git error","stdout":"","stderr":"fatal: Pathspec '/home/mash/phase-0-html-experiencing-html-lab/.github' is in submodule 'phase-0-html-experiencing-html-lab'\n","exitCode":128,"gitErrorCode":"IsInSubmodule"}
[2022-08-01 23:22:02.808] [exthost] [error] {"message":"Git error","stdout":"","stderr":"fatal: Pathspec '/home/mash/phase-0-html-experiencing-html-lab/.github' is in submodule 'phase-0-html-experiencing-html-lab'\n","exitCode":128,"gitErrorCode":"IsInSubmodule"}
[2022-08-01 23:22:02.808] [exthost] [error] {"message":"Git error","stdout":"","stderr":"fatal: Pathspec '/home/mash/phase-0-html-experiencing-html-lab/.github' is in submodule 'phase-0-html-experiencing-html-lab'\n","exitCode":128,"gitErrorCode":"IsInSubmodule"}
[2022-08-01 23:22:02.808] [exthost] [error] {"message":"Git error","stdout":"","stderr":"fatal: Pathspec '/home/mash/phase-0-html-experiencing-html-lab/.github' is in submodule 'phase-0-html-experiencing-html-lab'\n","exitCode":128,"gitErrorCode":"IsInSubmodule"}
[2022-08-01 23:22:02.808] [exthost] [error] {"message":"Git error","stdout":"","stderr":"fatal: Pathspec '/home/mash/phase-0-html-experiencing-html-lab/.github' is in submodule 'phase-0-html-experiencing-html-lab'\n","exitCode":128,"gitErrorCode":"IsInSubmodule"}
[2022-08-01 23:22:02.808] [exthost] [error] {"message":"Git error","stdout":"","stderr":"fatal: Pathspec '/home/mash/phase-0-html-experiencing-html-lab/.github' is in submodule 'phase-0-html-experiencing-html-lab'\n","exitCode":128,"gitErrorCode":"IsInSubmodule"}
[2022-08-01 23:22:02.809] [exthost] [error] {"message":"Git error","stdout":"","stderr":"fatal: Pathspec '/home/mash/phase-0-html-experiencing-html-lab/.github' is in submodule 'phase-0-html-experiencing-html-lab'\n","exitCode":128,"gitErrorCode":"IsInSubmodule"}
[2022-08-01 23:22:02.809] [exthost] [error] {"message":"Git error","stdout":"","stderr":"fatal: Pathspec '/home/mash/phase-0-html-experiencing-html-lab/.github' is in submodule 'phase-0-html-experiencing-html-lab'\n","exitCode":128,"gitErrorCode":"IsInSubmodule"}
[2022-08-01 23:22:02.812] [exthost] [error] {"message":"Git error","stdout":"","stderr":"fatal: Pathspec '/home/mash/phase-0-html-experiencing-html-lab/.github' is in submodule 'phase-0-html-experiencing-html-lab'\n","exitCode":128,"gitErrorCode":"IsInSubmodule"}
[2022-08-01 23:22:02.812] [exthost] [error] {"message":"Git error","stdout":"","stderr":"fatal: Pathspec '/home/mash/phase-0-html-experiencing-html-lab/.github' is in submodule 'phase-0-html-experiencing-html-lab'\n","exitCode":128,"gitErrorCode":"IsInSubmodule"}
[2022-08-01 23:22:14.979] [exthost] [info] ExtensionService#_doActivateExtension vscode.configuration-editing, startup: false, activationEvent: 'onLanguage:jsonc'
[2022-08-01 23:22:14.992] [exthost] [info] ExtensionService#_doActivateExtension vscode.json-language-features, startup: false, activationEvent: 'onLanguage:jsonc'
[2022-08-01 23:22:15.239] [exthost] [info] ExtensionService#_doActivateExtension vscode.typescript-language-features, startup: false, activationEvent: 'onLanguage:jsonc'
[2022-08-01 23:27:59.291] [exthost] [error] {"message":"Git error","stdout":"","stderr":"fatal: Pathspec '/home/mash/phase-0-completing-assignments-learn-lab-gem/.github' is in submodule 'phase-0-completing-assignments-learn-lab-gem'\n","exitCode":128,"gitErrorCode":"IsInSubmodule"}
[2022-08-01 23:27:59.291] [exthost] [error] {"message":"Git error","stdout":"","stderr":"fatal: Pathspec '/home/mash/phase-0-completing-assignments-learn-lab-gem/.github' is in submodule 'phase-0-completing-assignments-learn-lab-gem'\n","exitCode":128,"gitErrorCode":"IsInSubmodule"}
[2022-08-01 23:27:59.291] [exthost] [error] {"message":"Git error","stdout":"","stderr":"fatal: Pathspec '/home/mash/phase-0-completing-assignments-learn-lab-gem/.github' is in submodule 'phase-0-completing-assignments-learn-lab-gem'\n","exitCode":128,"gitErrorCode":"IsInSubmodule"}
[2022-08-01 23:27:59.291] [exthost] [error] {"message":"Git error","stdout":"","stderr":"fatal: Pathspec '/home/mash/phase-0-completing-assignments-learn-lab-gem/.github' is in submodule 'phase-0-completing-assignments-learn-lab-gem'\n","exitCode":128,"gitErrorCode":"IsInSubmodule"}
[2022-08-01 23:27:59.292] [exthost] [error] {"message":"Git error","stdout":"","stderr":"fatal: Pathspec '/home/mash/phase-0-completing-assignments-learn-lab-gem/.github' is in submodule 'phase-0-completing-assignments-learn-lab-gem'\n","exitCode":128,"gitErrorCode":"IsInSubmodule"}
[2022-08-01 23:27:59.292] [exthost] [error] {"message":"Git error","stdout":"","stderr":"fatal: Pathspec '/home/mash/phase-0-completing-assignments-learn-lab-gem/.github' is in submodule 'phase-0-completing-assignments-learn-lab-gem'\n","exitCode":128,"gitErrorCode":"IsInSubmodule"}
[2022-08-01 23:27:59.292] [exthost] [error] {"message":"Git error","stdout":"","stderr":"fatal: Pathspec '/home/mash/phase-0-completing-assignments-learn-lab-gem/.github' is in submodule 'phase-0-completing-assignments-learn-lab-gem'\n","exitCode":128,"gitErrorCode":"IsInSubmodule"}
[2022-08-01 23:27:59.292] [exthost] [error] {"message":"Git error","stdout":"","stderr":"fatal: Pathspec '/home/mash/phase-0-completing-assignments-learn-lab-gem/.github' is in submodule 'phase-0-completing-assignments-learn-lab-gem'\n","exitCode":128,"gitErrorCode":"IsInSubmodule"}
[2022-08-01 23:27:59.292] [exthost] [error] {"message":"Git error","stdout":"","stderr":"fatal: Pathspec '/home/mash/phase-0-completing-assignments-learn-lab-gem/.github' is in submodule 'phase-0-completing-assignments-learn-lab-gem'\n","exitCode":128,"gitErrorCode":"IsInSubmodule"}
[2022-08-01 23:27:59.292] [exthost] [error] {"message":"Git error","stdout":"","stderr":"fatal: Pathspec '/home/mash/phase-0-completing-assignments-learn-lab-gem/.github' is in submodule 'phase-0-completing-assignments-learn-lab-gem'\n","exitCode":128,"gitErrorCode":"IsInSubmodule"}
[2022-08-01 23:27:59.292] [exthost] [error] {"message":"Git error","stdout":"","stderr":"fatal: Pathspec '/home/mash/phase-0-completing-assignments-learn-lab-gem/.github' is in submodule 'phase-0-completing-assignments-learn-lab-gem'\n","exitCode":128,"gitErrorCode":"IsInSubmodule"}
[2022-08-01 23:27:59.292] [exthost] [error] {"message":"Git error","stdout":"","stderr":"fatal: Pathspec '/home/mash/phase-0-completing-assignments-learn-lab-gem/.github' is in submodule 'phase-0-completing-assignments-learn-lab-gem'\n","exitCode":128,"gitErrorCode":"IsInSubmodule"}
[2022-08-04 01:17:29.637] [exthost] [info] Extension host terminating: received terminate message from renderer
[2022-08-04 01:17:29.649] [exthost] [info] Lock '/home/mash/.vscode-server/data/User/workspaceStorage/5d90bb51b3f730da09f617fe00b4df66/vscode.lock': Marking the lockfile as scheduled to be released in 6000 ms.
[2022-08-04 01:17:30.000] [exthost] [info] Extension host with pid 9011 exiting with code 0
