[2022-08-04 10:49:13.860] [exthost] [info] Extension host with pid 1697 started
[2022-08-04 10:49:14.005] [exthost] [info] ExtensionService#_doActivateExtension vscode.html-language-features, startup: false, activationEvent: 'onLanguage:html'
[2022-08-04 10:49:14.278] [exthost] [info] ExtensionService#_doActivateExtension vscode.debug-auto-launch, startup: true, activationEvent: '*'
[2022-08-04 10:49:14.292] [exthost] [info] ExtensionService#_doActivateExtension vscode.git-base, startup: true, activationEvent: '*', root cause: vscode.git
[2022-08-04 10:49:14.314] [exthost] [info] ExtensionService#_doActivateExtension vscode.ipynb, startup: true, activationEvent: '*'
[2022-08-04 10:49:14.363] [exthost] [info] Lock '/home/mash/.vscode-server/data/User/workspaceStorage/5d90bb51b3f730da09f617fe00b4df66/vscode.lock': Lock acquired.
[2022-08-04 10:49:15.094] [exthost] [info] ExtensionService#_doActivateExtension vscode.git, startup: true, activationEvent: '*'
[2022-08-04 10:49:15.273] [exthost] [info] ExtensionService#_doActivateExtension vscode.github, startup: true, activationEvent: '*'
[2022-08-04 10:49:15.569] [exthost] [info] ExtensionService#_doActivateExtension vscode.emmet, startup: false, activationEvent: 'onStartupFinished'
[2022-08-04 10:49:15.655] [exthost] [info] ExtensionService#_doActivateExtension vscode.merge-conflict, startup: false, activationEvent: 'onStartupFinished'
[2022-08-04 10:49:15.676] [exthost] [info] ExtensionService#_doActivateExtension ritwickdey.LiveServer, startup: false, activationEvent: 'onStartupFinished'
[2022-08-04 10:49:16.671] [exthost] [info] Eager extensions activated
[2022-08-04 10:49:17.491] [exthost] [error] {"message":"Git error","stdout":"","stderr":"fatal: Pathspec '/home/mash/phase-0-html-document-structure-lab/index.html' is in submodule 'phase-0-html-document-structure-lab'\n","exitCode":128,"gitErrorCode":"IsInSubmodule"}
[2022-08-04 10:49:17.491] [exthost] [error] {"message":"Git error","stdout":"","stderr":"fatal: Pathspec '/home/mash/phase-0-html-document-structure-lab/index.html' is in submodule 'phase-0-html-document-structure-lab'\n","exitCode":128,"gitErrorCode":"IsInSubmodule"}
[2022-08-04 10:49:17.491] [exthost] [error] {"message":"Git error","stdout":"","stderr":"fatal: Pathspec '/home/mash/phase-0-html-document-structure-lab/index.html' is in submodule 'phase-0-html-document-structure-lab'\n","exitCode":128,"gitErrorCode":"IsInSubmodule"}
[2022-08-04 10:49:17.491] [exthost] [error] {"message":"Git error","stdout":"","stderr":"fatal: Pathspec '/home/mash/phase-0-html-document-structure-lab/index.html' is in submodule 'phase-0-html-document-structure-lab'\n","exitCode":128,"gitErrorCode":"IsInSubmodule"}
[2022-08-04 10:49:17.491] [exthost] [error] {"message":"Git error","stdout":"","stderr":"fatal: Pathspec '/home/mash/phase-0-html-document-structure-lab/index.html' is in submodule 'phase-0-html-document-structure-lab'\n","exitCode":128,"gitErrorCode":"IsInSubmodule"}
[2022-08-04 10:49:17.491] [exthost] [error] {"message":"Git error","stdout":"","stderr":"fatal: Pathspec '/home/mash/phase-0-html-document-structure-lab/index.html' is in submodule 'phase-0-html-document-structure-lab'\n","exitCode":128,"gitErrorCode":"IsInSubmodule"}
[2022-08-04 10:49:17.491] [exthost] [error] {"message":"Git error","stdout":"","stderr":"fatal: Pathspec '/home/mash/phase-0-html-document-structure-lab/index.html' is in submodule 'phase-0-html-document-structure-lab'\n","exitCode":128,"gitErrorCode":"IsInSubmodule"}
[2022-08-04 10:49:17.491] [exthost] [error] {"message":"Git error","stdout":"","stderr":"fatal: Pathspec '/home/mash/phase-0-html-document-structure-lab/index.html' is in submodule 'phase-0-html-document-structure-lab'\n","exitCode":128,"gitErrorCode":"IsInSubmodule"}
[2022-08-04 10:49:17.491] [exthost] [error] {"message":"Git error","stdout":"","stderr":"fatal: Pathspec '/home/mash/phase-0-html-document-structure-lab/index.html' is in submodule 'phase-0-html-document-structure-lab'\n","exitCode":128,"gitErrorCode":"IsInSubmodule"}
[2022-08-04 10:49:17.491] [exthost] [error] {"message":"Git error","stdout":"","stderr":"fatal: Pathspec '/home/mash/phase-0-html-document-structure-lab/index.html' is in submodule 'phase-0-html-document-structure-lab'\n","exitCode":128,"gitErrorCode":"IsInSubmodule"}
[2022-08-04 10:49:17.491] [exthost] [error] {"message":"Git error","stdout":"","stderr":"fatal: Pathspec '/home/mash/phase-0-html-document-structure-lab/index.html' is in submodule 'phase-0-html-document-structure-lab'\n","exitCode":128,"gitErrorCode":"IsInSubmodule"}
[2022-08-04 10:49:17.491] [exthost] [error] {"message":"Git error","stdout":"","stderr":"fatal: Pathspec '/home/mash/phase-0-html-document-structure-lab/index.html' is in submodule 'phase-0-html-document-structure-lab'\n","exitCode":128,"gitErrorCode":"IsInSubmodule"}
[2022-08-04 10:49:17.491] [exthost] [error] {"message":"Git error","stdout":"","stderr":"fatal: Pathspec '/home/mash/phase-0-html-document-structure-lab/index.html' is in submodule 'phase-0-html-document-structure-lab'\n","exitCode":128,"gitErrorCode":"IsInSubmodule"}
[2022-08-04 10:49:17.491] [exthost] [error] {"message":"Git error","stdout":"","stderr":"fatal: Pathspec '/home/mash/phase-0-html-document-structure-lab/index.html' is in submodule 'phase-0-html-document-structure-lab'\n","exitCode":128,"gitErrorCode":"IsInSubmodule"}
[2022-08-04 10:49:17.491] [exthost] [error] {"message":"Git error","stdout":"","stderr":"fatal: Pathspec '/home/mash/phase-0-html-document-structure-lab/index.html' is in submodule 'phase-0-html-document-structure-lab'\n","exitCode":128,"gitErrorCode":"IsInSubmodule"}
[2022-08-04 10:49:17.491] [exthost] [error] {"message":"Git error","stdout":"","stderr":"fatal: Pathspec '/home/mash/phase-0-html-document-structure-lab/index.html' is in submodule 'phase-0-html-document-structure-lab'\n","exitCode":128,"gitErrorCode":"IsInSubmodule"}
[2022-08-04 10:49:17.491] [exthost] [error] {"message":"Git error","stdout":"","stderr":"fatal: Pathspec '/home/mash/phase-0-html-document-structure-lab/index.html' is in submodule 'phase-0-html-document-structure-lab'\n","exitCode":128,"gitErrorCode":"IsInSubmodule"}
[2022-08-04 10:49:17.491] [exthost] [error] {"message":"Git error","stdout":"","stderr":"fatal: Pathspec '/home/mash/phase-0-html-document-structure-lab/index.html' is in submodule 'phase-0-html-document-structure-lab'\n","exitCode":128,"gitErrorCode":"IsInSubmodule"}
[2022-08-04 10:49:17.491] [exthost] [error] {"message":"Git error","stdout":"","stderr":"fatal: Pathspec '/home/mash/phase-0-html-document-structure-lab/index.html' is in submodule 'phase-0-html-document-structure-lab'\n","exitCode":128,"gitErrorCode":"IsInSubmodule"}
[2022-08-04 10:49:17.491] [exthost] [error] {"message":"Git error","stdout":"","stderr":"fatal: Pathspec '/home/mash/phase-0-html-document-structure-lab/index.html' is in submodule 'phase-0-html-document-structure-lab'\n","exitCode":128,"gitErrorCode":"IsInSubmodule"}
[2022-08-04 10:49:17.492] [exthost] [error] {"message":"Git error","stdout":"","stderr":"fatal: Pathspec '/home/mash/phase-0-html-document-structure-lab/index.html' is in submodule 'phase-0-html-document-structure-lab'\n","exitCode":128,"gitErrorCode":"IsInSubmodule"}
[2022-08-04 10:49:17.492] [exthost] [error] {"message":"Git error","stdout":"","stderr":"fatal: Pathspec '/home/mash/phase-0-html-document-structure-lab/index.html' is in submodule 'phase-0-html-document-structure-lab'\n","exitCode":128,"gitErrorCode":"IsInSubmodule"}
[2022-08-04 10:49:17.492] [exthost] [error] {"message":"Git error","stdout":"","stderr":"fatal: Pathspec '/home/mash/phase-0-html-document-structure-lab/index.html' is in submodule 'phase-0-html-document-structure-lab'\n","exitCode":128,"gitErrorCode":"IsInSubmodule"}
[2022-08-04 10:49:17.492] [exthost] [error] {"message":"Git error","stdout":"","stderr":"fatal: Pathspec '/home/mash/phase-0-html-document-structure-lab/index.html' is in submodule 'phase-0-html-document-structure-lab'\n","exitCode":128,"gitErrorCode":"IsInSubmodule"}
[2022-08-04 10:49:17.492] [exthost] [error] {"message":"Git error","stdout":"","stderr":"fatal: Pathspec '/home/mash/phase-0-html-document-structure-lab/index.html' is in submodule 'phase-0-html-document-structure-lab'\n","exitCode":128,"gitErrorCode":"IsInSubmodule"}
[2022-08-04 10:49:17.492] [exthost] [error] {"message":"Git error","stdout":"","stderr":"fatal: Pathspec '/home/mash/phase-0-html-document-structure-lab/index.html' is in submodule 'phase-0-html-document-structure-lab'\n","exitCode":128,"gitErrorCode":"IsInSubmodule"}
[2022-08-04 10:49:17.492] [exthost] [error] {"message":"Git error","stdout":"","stderr":"fatal: Pathspec '/home/mash/phase-0-html-document-structure-lab/index.html' is in submodule 'phase-0-html-document-structure-lab'\n","exitCode":128,"gitErrorCode":"IsInSubmodule"}
[2022-08-04 10:49:17.492] [exthost] [error] {"message":"Git error","stdout":"","stderr":"fatal: Pathspec '/home/mash/phase-0-html-document-structure-lab/index.html' is in submodule 'phase-0-html-document-structure-lab'\n","exitCode":128,"gitErrorCode":"IsInSubmodule"}
[2022-08-04 10:49:17.492] [exthost] [error] {"message":"Git error","stdout":"","stderr":"fatal: Pathspec '/home/mash/phase-0-html-document-structure-lab/index.html' is in submodule 'phase-0-html-document-structure-lab'\n","exitCode":128,"gitErrorCode":"IsInSubmodule"}
[2022-08-04 10:49:17.492] [exthost] [error] {"message":"Git error","stdout":"","stderr":"fatal: Pathspec '/home/mash/phase-0-html-document-structure-lab/index.html' is in submodule 'phase-0-html-document-structure-lab'\n","exitCode":128,"gitErrorCode":"IsInSubmodule"}
[2022-08-04 10:50:39.043] [exthost] [error] {"message":"Git error","stdout":"","stderr":"fatal: Pathspec '/home/mash/phase-0-completing-assignments-learn-lab-gem/.github' is in submodule 'phase-0-completing-assignments-learn-lab-gem'\n","exitCode":128,"gitErrorCode":"IsInSubmodule"}
[2022-08-04 10:50:39.043] [exthost] [error] {"message":"Git error","stdout":"","stderr":"fatal: Pathspec '/home/mash/phase-0-completing-assignments-learn-lab-gem/.github' is in submodule 'phase-0-completing-assignments-learn-lab-gem'\n","exitCode":128,"gitErrorCode":"IsInSubmodule"}
[2022-08-04 10:50:39.043] [exthost] [error] {"message":"Git error","stdout":"","stderr":"fatal: Pathspec '/home/mash/phase-0-completing-assignments-learn-lab-gem/.github' is in submodule 'phase-0-completing-assignments-learn-lab-gem'\n","exitCode":128,"gitErrorCode":"IsInSubmodule"}
[2022-08-04 10:50:39.043] [exthost] [error] {"message":"Git error","stdout":"","stderr":"fatal: Pathspec '/home/mash/phase-0-completing-assignments-learn-lab-gem/.github' is in submodule 'phase-0-completing-assignments-learn-lab-gem'\n","exitCode":128,"gitErrorCode":"IsInSubmodule"}
[2022-08-04 10:50:39.043] [exthost] [error] {"message":"Git error","stdout":"","stderr":"fatal: Pathspec '/home/mash/phase-0-completing-assignments-learn-lab-gem/.github' is in submodule 'phase-0-completing-assignments-learn-lab-gem'\n","exitCode":128,"gitErrorCode":"IsInSubmodule"}
[2022-08-04 10:50:39.043] [exthost] [error] {"message":"Git error","stdout":"","stderr":"fatal: Pathspec '/home/mash/phase-0-completing-assignments-learn-lab-gem/.github' is in submodule 'phase-0-completing-assignments-learn-lab-gem'\n","exitCode":128,"gitErrorCode":"IsInSubmodule"}
[2022-08-04 10:50:39.043] [exthost] [error] {"message":"Git error","stdout":"","stderr":"fatal: Pathspec '/home/mash/phase-0-completing-assignments-learn-lab-gem/.github' is in submodule 'phase-0-completing-assignments-learn-lab-gem'\n","exitCode":128,"gitErrorCode":"IsInSubmodule"}
[2022-08-04 10:50:39.043] [exthost] [error] {"message":"Git error","stdout":"","stderr":"fatal: Pathspec '/home/mash/phase-0-completing-assignments-learn-lab-gem/.github' is in submodule 'phase-0-completing-assignments-learn-lab-gem'\n","exitCode":128,"gitErrorCode":"IsInSubmodule"}
[2022-08-04 10:50:39.043] [exthost] [error] {"message":"Git error","stdout":"","stderr":"fatal: Pathspec '/home/mash/phase-0-completing-assignments-learn-lab-gem/.github' is in submodule 'phase-0-completing-assignments-learn-lab-gem'\n","exitCode":128,"gitErrorCode":"IsInSubmodule"}
[2022-08-04 10:50:39.043] [exthost] [error] {"message":"Git error","stdout":"","stderr":"fatal: Pathspec '/home/mash/phase-0-completing-assignments-learn-lab-gem/.github' is in submodule 'phase-0-completing-assignments-learn-lab-gem'\n","exitCode":128,"gitErrorCode":"IsInSubmodule"}
[2022-08-04 10:50:39.043] [exthost] [error] {"message":"Git error","stdout":"","stderr":"fatal: Pathspec '/home/mash/phase-0-completing-assignments-learn-lab-gem/.github' is in submodule 'phase-0-completing-assignments-learn-lab-gem'\n","exitCode":128,"gitErrorCode":"IsInSubmodule"}
[2022-08-04 10:50:39.043] [exthost] [error] {"message":"Git error","stdout":"","stderr":"fatal: Pathspec '/home/mash/phase-0-completing-assignments-learn-lab-gem/.github' is in submodule 'phase-0-completing-assignments-learn-lab-gem'\n","exitCode":128,"gitErrorCode":"IsInSubmodule"}
[2022-08-04 13:33:59.935] [exthost] [info] Extension host terminating: received terminate message from renderer
[2022-08-04 13:33:59.938] [exthost] [info] Lock '/home/mash/.vscode-server/data/User/workspaceStorage/5d90bb51b3f730da09f617fe00b4df66/vscode.lock': Marking the lockfile as scheduled to be released in 6000 ms.
[2022-08-04 13:34:00.145] [exthost] [info] Extension host with pid 1697 exiting with code 0
