[2022-08-01 09:23:31.732] [exthost] [info] Extension host with pid 1707 started
[2022-08-01 09:23:31.745] [exthost] [error] Error: EEXIST: file already exists, open '/home/mash/.vscode-server/data/User/workspaceStorage/5d90bb51b3f730da09f617fe00b4df66/vscode.lock'
[2022-08-01 09:23:31.781] [exthost] [info] Lock '/home/mash/.vscode-server/data/User/workspaceStorage/5d90bb51b3f730da09f617fe00b4df66/vscode.lock': Could not acquire lock, checking if the file is stale.
[2022-08-01 09:23:31.798] [exthost] [info] Lock '/home/mash/.vscode-server/data/User/workspaceStorage/5d90bb51b3f730da09f617fe00b4df66/vscode.lock': The pid 2305 appears to be gone.
[2022-08-01 09:23:31.798] [exthost] [info] Lock '/home/mash/.vscode-server/data/User/workspaceStorage/5d90bb51b3f730da09f617fe00b4df66/vscode.lock': Deleting a stale lock.
[2022-08-01 09:23:31.815] [exthost] [info] Lock '/home/mash/.vscode-server/data/User/workspaceStorage/5d90bb51b3f730da09f617fe00b4df66/vscode.lock': Lock acquired.
[2022-08-01 09:23:32.212] [exthost] [info] ExtensionService#_doActivateExtension vscode.html-language-features, startup: false, activationEvent: 'onLanguage:html'
[2022-08-01 09:23:32.402] [exthost] [info] ExtensionService#_doActivateExtension vscode.debug-auto-launch, startup: true, activationEvent: '*'
[2022-08-01 09:23:32.414] [exthost] [info] ExtensionService#_doActivateExtension vscode.git-base, startup: true, activationEvent: '*', root cause: vscode.git
[2022-08-01 09:23:32.429] [exthost] [info] ExtensionService#_doActivateExtension vscode.ipynb, startup: true, activationEvent: '*'
[2022-08-01 09:23:32.692] [exthost] [info] ExtensionService#_doActivateExtension vscode.git, startup: true, activationEvent: '*'
[2022-08-01 09:23:32.919] [exthost] [info] ExtensionService#_doActivateExtension vscode.github, startup: true, activationEvent: '*'
[2022-08-01 09:23:33.173] [exthost] [info] ExtensionService#_doActivateExtension vscode.emmet, startup: false, activationEvent: 'onStartupFinished'
[2022-08-01 09:23:33.225] [exthost] [info] ExtensionService#_doActivateExtension vscode.merge-conflict, startup: false, activationEvent: 'onStartupFinished'
[2022-08-01 09:23:33.243] [exthost] [info] Eager extensions activated
[2022-08-01 09:23:35.388] [exthost] [warning] [Decorations] CAPPING events from decorations provider vscode.git 3514
[2022-08-01 09:23:37.725] [exthost] [warning] [Decorations] CAPPING events from decorations provider vscode.git 3514
[2022-08-01 09:24:52.956] [exthost] [warning] [Decorations] CAPPING events from decorations provider vscode.git 3514
[2022-08-01 09:25:02.195] [exthost] [warning] [Decorations] CAPPING events from decorations provider vscode.git 3514
[2022-08-01 09:25:12.051] [exthost] [warning] [Decorations] CAPPING events from decorations provider vscode.git 3514
[2022-08-01 09:27:35.606] [exthost] [warning] [Decorations] CAPPING events from decorations provider vscode.git 3514
[2022-08-01 09:27:40.843] [exthost] [warning] [Decorations] CAPPING events from decorations provider vscode.git 3514
[2022-08-01 09:27:46.098] [exthost] [warning] [Decorations] CAPPING events from decorations provider vscode.git 3514
[2022-08-01 09:27:51.471] [exthost] [warning] [Decorations] CAPPING events from decorations provider vscode.git 3514
[2022-08-01 15:23:37.435] [exthost] [warning] [Decorations] CAPPING events from decorations provider vscode.git 3514
[2022-08-01 15:23:42.851] [exthost] [warning] [Decorations] CAPPING events from decorations provider vscode.git 3514
[2022-08-01 15:23:50.401] [exthost] [warning] [Decorations] CAPPING events from decorations provider vscode.git 3514
[2022-08-01 15:23:55.769] [exthost] [warning] [Decorations] CAPPING events from decorations provider vscode.git 3514
[2022-08-01 15:24:03.459] [exthost] [warning] [Decorations] CAPPING events from decorations provider vscode.git 3514
[2022-08-01 15:24:08.737] [exthost] [warning] [Decorations] CAPPING events from decorations provider vscode.git 3514
[2022-08-01 15:24:14.027] [exthost] [warning] [Decorations] CAPPING events from decorations provider vscode.git 3514
[2022-08-01 15:24:19.351] [exthost] [warning] [Decorations] CAPPING events from decorations provider vscode.git 3514
[2022-08-01 17:31:59.157] [exthost] [warning] [Decorations] CAPPING events from decorations provider vscode.git 3514
[2022-08-01 17:32:04.426] [exthost] [warning] [Decorations] CAPPING events from decorations provider vscode.git 3514
[2022-08-01 17:32:09.728] [exthost] [warning] [Decorations] CAPPING events from decorations provider vscode.git 3514
[2022-08-01 17:32:17.421] [exthost] [warning] [Decorations] CAPPING events from decorations provider vscode.git 3514
[2022-08-01 17:32:22.682] [exthost] [warning] [Decorations] CAPPING events from decorations provider vscode.git 3514
[2022-08-01 17:32:29.996] [exthost] [warning] [Decorations] CAPPING events from decorations provider vscode.git 3514
[2022-08-01 17:32:35.233] [exthost] [warning] [Decorations] CAPPING events from decorations provider vscode.git 3514
[2022-08-01 17:32:40.561] [exthost] [warning] [Decorations] CAPPING events from decorations provider vscode.git 3514
[2022-08-01 17:32:48.306] [exthost] [warning] [Decorations] CAPPING events from decorations provider vscode.git 3514
[2022-08-01 17:32:53.765] [exthost] [warning] [Decorations] CAPPING events from decorations provider vscode.git 3514
[2022-08-01 17:32:59.056] [exthost] [warning] [Decorations] CAPPING events from decorations provider vscode.git 3514
[2022-08-01 17:33:04.351] [exthost] [warning] [Decorations] CAPPING events from decorations provider vscode.git 3514
[2022-08-01 17:33:09.662] [exthost] [warning] [Decorations] CAPPING events from decorations provider vscode.git 3514
[2022-08-01 17:33:14.975] [exthost] [warning] [Decorations] CAPPING events from decorations provider vscode.git 3514
[2022-08-01 17:33:20.363] [exthost] [warning] [Decorations] CAPPING events from decorations provider vscode.git 3514
[2022-08-01 17:33:28.028] [exthost] [warning] [Decorations] CAPPING events from decorations provider vscode.git 3514
[2022-08-01 17:33:33.384] [exthost] [warning] [Decorations] CAPPING events from decorations provider vscode.git 3514
[2022-08-01 17:33:38.671] [exthost] [warning] [Decorations] CAPPING events from decorations provider vscode.git 3514
[2022-08-01 17:33:44.054] [exthost] [warning] [Decorations] CAPPING events from decorations provider vscode.git 3514
[2022-08-01 17:33:51.521] [exthost] [warning] [Decorations] CAPPING events from decorations provider vscode.git 3514
[2022-08-01 17:33:59.227] [exthost] [warning] [Decorations] CAPPING events from decorations provider vscode.git 3514
[2022-08-01 17:34:04.498] [exthost] [warning] [Decorations] CAPPING events from decorations provider vscode.git 3514
[2022-08-01 17:34:09.777] [exthost] [warning] [Decorations] CAPPING events from decorations provider vscode.git 3514
[2022-08-01 17:34:15.288] [exthost] [warning] [Decorations] CAPPING events from decorations provider vscode.git 3514
[2022-08-01 17:34:20.750] [exthost] [warning] [Decorations] CAPPING events from decorations provider vscode.git 3514
[2022-08-01 17:34:29.554] [exthost] [warning] [Decorations] CAPPING events from decorations provider vscode.git 3514
[2022-08-01 17:34:35.972] [exthost] [warning] [Decorations] CAPPING events from decorations provider vscode.git 3514
[2022-08-01 17:34:41.369] [exthost] [warning] [Decorations] CAPPING events from decorations provider vscode.git 3514
[2022-08-01 17:34:46.720] [exthost] [warning] [Decorations] CAPPING events from decorations provider vscode.git 3514
[2022-08-01 17:34:52.075] [exthost] [warning] [Decorations] CAPPING events from decorations provider vscode.git 3514
[2022-08-01 17:34:59.501] [exthost] [warning] [Decorations] CAPPING events from decorations provider vscode.git 3514
[2022-08-01 17:35:04.768] [exthost] [warning] [Decorations] CAPPING events from decorations provider vscode.git 3514
[2022-08-01 17:35:10.802] [exthost] [warning] [Decorations] CAPPING events from decorations provider vscode.git 3514
[2022-08-01 17:35:18.654] [exthost] [warning] [Decorations] CAPPING events from decorations provider vscode.git 3514
[2022-08-01 17:35:23.909] [exthost] [warning] [Decorations] CAPPING events from decorations provider vscode.git 3514
[2022-08-01 17:35:29.291] [exthost] [warning] [Decorations] CAPPING events from decorations provider vscode.git 3514
[2022-08-01 17:35:34.738] [exthost] [warning] [Decorations] CAPPING events from decorations provider vscode.git 3514
[2022-08-01 17:35:42.152] [exthost] [warning] [Decorations] CAPPING events from decorations provider vscode.git 3514
[2022-08-01 17:35:47.494] [exthost] [warning] [Decorations] CAPPING events from decorations provider vscode.git 3514
[2022-08-01 17:35:52.786] [exthost] [warning] [Decorations] CAPPING events from decorations provider vscode.git 3514
[2022-08-01 17:35:58.539] [exthost] [warning] [Decorations] CAPPING events from decorations provider vscode.git 3514
[2022-08-01 17:36:05.883] [exthost] [warning] [Decorations] CAPPING events from decorations provider vscode.git 3514
[2022-08-01 17:36:11.193] [exthost] [warning] [Decorations] CAPPING events from decorations provider vscode.git 3514
[2022-08-01 17:36:16.599] [exthost] [warning] [Decorations] CAPPING events from decorations provider vscode.git 3514
[2022-08-01 17:36:24.110] [exthost] [warning] [Decorations] CAPPING events from decorations provider vscode.git 3514
[2022-08-01 17:36:29.382] [exthost] [warning] [Decorations] CAPPING events from decorations provider vscode.git 3514
[2022-08-01 17:36:34.755] [exthost] [warning] [Decorations] CAPPING events from decorations provider vscode.git 3514
[2022-08-01 17:36:42.195] [exthost] [warning] [Decorations] CAPPING events from decorations provider vscode.git 3514
[2022-08-01 17:36:47.471] [exthost] [warning] [Decorations] CAPPING events from decorations provider vscode.git 3514
[2022-08-01 17:36:53.913] [exthost] [warning] [Decorations] CAPPING events from decorations provider vscode.git 3514
[2022-08-01 17:36:59.095] [exthost] [warning] [Decorations] CAPPING events from decorations provider vscode.git 3514
[2022-08-01 17:37:04.709] [exthost] [warning] [Decorations] CAPPING events from decorations provider vscode.git 3514
[2022-08-01 17:37:12.250] [exthost] [warning] [Decorations] CAPPING events from decorations provider vscode.git 3514
[2022-08-01 17:37:17.526] [exthost] [warning] [Decorations] CAPPING events from decorations provider vscode.git 3514
[2022-08-01 17:37:22.824] [exthost] [warning] [Decorations] CAPPING events from decorations provider vscode.git 3514
[2022-08-01 17:37:28.234] [exthost] [warning] [Decorations] CAPPING events from decorations provider vscode.git 3514
[2022-08-01 17:37:33.521] [exthost] [warning] [Decorations] CAPPING events from decorations provider vscode.git 3514
[2022-08-01 17:37:39.431] [exthost] [warning] [Decorations] CAPPING events from decorations provider vscode.git 3514
[2022-08-01 17:37:44.959] [exthost] [warning] [Decorations] CAPPING events from decorations provider vscode.git 3514
[2022-08-01 17:37:50.540] [exthost] [warning] [Decorations] CAPPING events from decorations provider vscode.git 3514
[2022-08-01 17:37:56.043] [exthost] [warning] [Decorations] CAPPING events from decorations provider vscode.git 3514
[2022-08-01 17:38:04.634] [exthost] [warning] [Decorations] CAPPING events from decorations provider vscode.git 3514
[2022-08-01 17:38:12.250] [exthost] [warning] [Decorations] CAPPING events from decorations provider vscode.git 3514
[2022-08-01 17:38:17.588] [exthost] [warning] [Decorations] CAPPING events from decorations provider vscode.git 3514
[2022-08-01 17:38:25.348] [exthost] [warning] [Decorations] CAPPING events from decorations provider vscode.git 3514
[2022-08-01 17:38:30.708] [exthost] [warning] [Decorations] CAPPING events from decorations provider vscode.git 3514
[2022-08-01 17:38:37.997] [exthost] [warning] [Decorations] CAPPING events from decorations provider vscode.git 3514
[2022-08-01 17:38:43.272] [exthost] [warning] [Decorations] CAPPING events from decorations provider vscode.git 3514
[2022-08-01 17:38:48.643] [exthost] [warning] [Decorations] CAPPING events from decorations provider vscode.git 3514
[2022-08-01 17:38:56.188] [exthost] [warning] [Decorations] CAPPING events from decorations provider vscode.git 3514
[2022-08-01 17:39:01.468] [exthost] [warning] [Decorations] CAPPING events from decorations provider vscode.git 3514
[2022-08-01 17:39:06.729] [exthost] [warning] [Decorations] CAPPING events from decorations provider vscode.git 3514
[2022-08-01 17:39:11.999] [exthost] [warning] [Decorations] CAPPING events from decorations provider vscode.git 3514
[2022-08-01 17:39:17.398] [exthost] [warning] [Decorations] CAPPING events from decorations provider vscode.git 3514
[2022-08-01 17:39:22.848] [exthost] [warning] [Decorations] CAPPING events from decorations provider vscode.git 3514
[2022-08-01 17:39:28.241] [exthost] [warning] [Decorations] CAPPING events from decorations provider vscode.git 3514
[2022-08-01 17:39:35.614] [exthost] [warning] [Decorations] CAPPING events from decorations provider vscode.git 3514
[2022-08-01 17:39:41.007] [exthost] [warning] [Decorations] CAPPING events from decorations provider vscode.git 3514
[2022-08-01 17:39:48.253] [exthost] [warning] [Decorations] CAPPING events from decorations provider vscode.git 3514
[2022-08-01 17:39:53.598] [exthost] [warning] [Decorations] CAPPING events from decorations provider vscode.git 3514
[2022-08-01 17:39:58.855] [exthost] [warning] [Decorations] CAPPING events from decorations provider vscode.git 3514
[2022-08-01 17:40:04.133] [exthost] [warning] [Decorations] CAPPING events from decorations provider vscode.git 3514
[2022-08-01 17:40:12.374] [exthost] [warning] [Decorations] CAPPING events from decorations provider vscode.git 3514
[2022-08-01 17:40:17.754] [exthost] [warning] [Decorations] CAPPING events from decorations provider vscode.git 3514
[2022-08-01 17:40:25.169] [exthost] [warning] [Decorations] CAPPING events from decorations provider vscode.git 3514
[2022-08-01 17:40:30.449] [exthost] [warning] [Decorations] CAPPING events from decorations provider vscode.git 3514
[2022-08-01 17:40:35.860] [exthost] [warning] [Decorations] CAPPING events from decorations provider vscode.git 3514
[2022-08-01 17:40:41.139] [exthost] [warning] [Decorations] CAPPING events from decorations provider vscode.git 3514
[2022-08-01 17:40:46.772] [exthost] [warning] [Decorations] CAPPING events from decorations provider vscode.git 3514
[2022-08-01 17:40:52.043] [exthost] [warning] [Decorations] CAPPING events from decorations provider vscode.git 3514
[2022-08-01 17:40:57.527] [exthost] [warning] [Decorations] CAPPING events from decorations provider vscode.git 3514
[2022-08-01 17:41:03.382] [exthost] [warning] [Decorations] CAPPING events from decorations provider vscode.git 3514
[2022-08-01 17:41:08.715] [exthost] [warning] [Decorations] CAPPING events from decorations provider vscode.git 3514
[2022-08-01 17:41:13.976] [exthost] [warning] [Decorations] CAPPING events from decorations provider vscode.git 3514
[2022-08-01 17:41:19.231] [exthost] [warning] [Decorations] CAPPING events from decorations provider vscode.git 3514
[2022-08-01 17:41:24.503] [exthost] [warning] [Decorations] CAPPING events from decorations provider vscode.git 3514
[2022-08-01 17:41:30.264] [exthost] [warning] [Decorations] CAPPING events from decorations provider vscode.git 3514
[2022-08-01 17:41:35.538] [exthost] [warning] [Decorations] CAPPING events from decorations provider vscode.git 3514
[2022-08-01 17:41:40.807] [exthost] [warning] [Decorations] CAPPING events from decorations provider vscode.git 3514
[2022-08-01 17:41:46.234] [exthost] [warning] [Decorations] CAPPING events from decorations provider vscode.git 3514
[2022-08-01 17:41:51.718] [exthost] [warning] [Decorations] CAPPING events from decorations provider vscode.git 3514
[2022-08-01 17:41:56.970] [exthost] [warning] [Decorations] CAPPING events from decorations provider vscode.git 3514
[2022-08-01 17:42:02.227] [exthost] [warning] [Decorations] CAPPING events from decorations provider vscode.git 3514
[2022-08-01 17:42:07.500] [exthost] [warning] [Decorations] CAPPING events from decorations provider vscode.git 3514
[2022-08-01 17:42:13.347] [exthost] [warning] [Decorations] CAPPING events from decorations provider vscode.git 3514
[2022-08-01 17:42:18.811] [exthost] [warning] [Decorations] CAPPING events from decorations provider vscode.git 3514
[2022-08-01 17:42:24.607] [exthost] [warning] [Decorations] CAPPING events from decorations provider vscode.git 3514
[2022-08-01 17:42:29.875] [exthost] [warning] [Decorations] CAPPING events from decorations provider vscode.git 3514
[2022-08-01 17:42:35.138] [exthost] [warning] [Decorations] CAPPING events from decorations provider vscode.git 3514
[2022-08-01 17:42:40.538] [exthost] [warning] [Decorations] CAPPING events from decorations provider vscode.git 3514
[2022-08-01 17:42:46.308] [exthost] [warning] [Decorations] CAPPING events from decorations provider vscode.git 3514
[2022-08-01 17:42:51.690] [exthost] [warning] [Decorations] CAPPING events from decorations provider vscode.git 3514
[2022-08-01 17:42:59.181] [exthost] [warning] [Decorations] CAPPING events from decorations provider vscode.git 3514
[2022-08-01 17:43:04.521] [exthost] [warning] [Decorations] CAPPING events from decorations provider vscode.git 3514
[2022-08-01 17:43:09.802] [exthost] [warning] [Decorations] CAPPING events from decorations provider vscode.git 3514
[2022-08-01 17:43:15.050] [exthost] [warning] [Decorations] CAPPING events from decorations provider vscode.git 3514
[2022-08-01 17:43:21.736] [exthost] [warning] [Decorations] CAPPING events from decorations provider vscode.git 3514
[2022-08-01 17:43:27.004] [exthost] [warning] [Decorations] CAPPING events from decorations provider vscode.git 3514
[2022-08-01 17:43:32.268] [exthost] [warning] [Decorations] CAPPING events from decorations provider vscode.git 3514
[2022-08-01 17:43:37.549] [exthost] [warning] [Decorations] CAPPING events from decorations provider vscode.git 3514
[2022-08-01 17:43:45.157] [exthost] [warning] [Decorations] CAPPING events from decorations provider vscode.git 3514
[2022-08-01 17:43:52.577] [exthost] [warning] [Decorations] CAPPING events from decorations provider vscode.git 3514
[2022-08-01 17:43:57.856] [exthost] [warning] [Decorations] CAPPING events from decorations provider vscode.git 3514
[2022-08-01 17:44:03.300] [exthost] [warning] [Decorations] CAPPING events from decorations provider vscode.git 3514
[2022-08-01 17:44:10.561] [exthost] [warning] [Decorations] CAPPING events from decorations provider vscode.git 3514
[2022-08-01 17:44:15.815] [exthost] [warning] [Decorations] CAPPING events from decorations provider vscode.git 3514
[2022-08-01 17:44:21.086] [exthost] [warning] [Decorations] CAPPING events from decorations provider vscode.git 3514
[2022-08-01 17:44:26.551] [exthost] [warning] [Decorations] CAPPING events from decorations provider vscode.git 3514
[2022-08-01 17:44:31.831] [exthost] [warning] [Decorations] CAPPING events from decorations provider vscode.git 3514
[2022-08-01 17:44:37.145] [exthost] [warning] [Decorations] CAPPING events from decorations provider vscode.git 3514
[2022-08-01 17:44:42.432] [exthost] [warning] [Decorations] CAPPING events from decorations provider vscode.git 3514
[2022-08-01 17:44:47.698] [exthost] [warning] [Decorations] CAPPING events from decorations provider vscode.git 3514
[2022-08-01 17:44:52.979] [exthost] [warning] [Decorations] CAPPING events from decorations provider vscode.git 3514
[2022-08-01 17:44:58.293] [exthost] [warning] [Decorations] CAPPING events from decorations provider vscode.git 3514
[2022-08-01 17:45:03.637] [exthost] [warning] [Decorations] CAPPING events from decorations provider vscode.git 3514
[2022-08-01 17:45:09.103] [exthost] [warning] [Decorations] CAPPING events from decorations provider vscode.git 3514
[2022-08-01 17:45:16.858] [exthost] [warning] [Decorations] CAPPING events from decorations provider vscode.git 3514
[2022-08-01 17:45:22.149] [exthost] [warning] [Decorations] CAPPING events from decorations provider vscode.git 3514
[2022-08-01 17:45:30.447] [exthost] [warning] [Decorations] CAPPING events from decorations provider vscode.git 3514
[2022-08-01 17:45:36.057] [exthost] [warning] [Decorations] CAPPING events from decorations provider vscode.git 3514
[2022-08-01 17:45:41.390] [exthost] [warning] [Decorations] CAPPING events from decorations provider vscode.git 3514
[2022-08-01 17:45:46.704] [exthost] [warning] [Decorations] CAPPING events from decorations provider vscode.git 3514
[2022-08-01 17:45:51.989] [exthost] [warning] [Decorations] CAPPING events from decorations provider vscode.git 3514
[2022-08-01 17:45:57.587] [exthost] [warning] [Decorations] CAPPING events from decorations provider vscode.git 3514
[2022-08-01 17:46:02.873] [exthost] [warning] [Decorations] CAPPING events from decorations provider vscode.git 3514
[2022-08-01 17:46:08.156] [exthost] [warning] [Decorations] CAPPING events from decorations provider vscode.git 3514
[2022-08-01 17:46:13.395] [exthost] [warning] [Decorations] CAPPING events from decorations provider vscode.git 3514
[2022-08-01 17:46:18.758] [exthost] [warning] [Decorations] CAPPING events from decorations provider vscode.git 3514
[2022-08-01 17:46:25.603] [exthost] [warning] [Decorations] CAPPING events from decorations provider vscode.git 3514
[2022-08-01 17:46:30.897] [exthost] [warning] [Decorations] CAPPING events from decorations provider vscode.git 3514
[2022-08-01 17:46:36.145] [exthost] [warning] [Decorations] CAPPING events from decorations provider vscode.git 3514
[2022-08-01 17:46:41.403] [exthost] [warning] [Decorations] CAPPING events from decorations provider vscode.git 3514
[2022-08-01 17:46:51.342] [exthost] [warning] [Decorations] CAPPING events from decorations provider vscode.git 3514
[2022-08-01 17:46:58.248] [exthost] [warning] [Decorations] CAPPING events from decorations provider vscode.git 3514
[2022-08-01 17:47:05.534] [exthost] [warning] [Decorations] CAPPING events from decorations provider vscode.git 3514
[2022-08-01 17:47:10.832] [exthost] [warning] [Decorations] CAPPING events from decorations provider vscode.git 3514
[2022-08-01 17:47:16.108] [exthost] [warning] [Decorations] CAPPING events from decorations provider vscode.git 3514
[2022-08-01 17:47:21.759] [exthost] [warning] [Decorations] CAPPING events from decorations provider vscode.git 3514
[2022-08-01 17:47:27.034] [exthost] [warning] [Decorations] CAPPING events from decorations provider vscode.git 3514
[2022-08-01 17:47:32.305] [exthost] [warning] [Decorations] CAPPING events from decorations provider vscode.git 3514
[2022-08-01 17:47:37.573] [exthost] [warning] [Decorations] CAPPING events from decorations provider vscode.git 3514
[2022-08-01 17:47:42.844] [exthost] [warning] [Decorations] CAPPING events from decorations provider vscode.git 3514
[2022-08-01 17:47:48.198] [exthost] [warning] [Decorations] CAPPING events from decorations provider vscode.git 3514
[2022-08-01 17:47:55.455] [exthost] [warning] [Decorations] CAPPING events from decorations provider vscode.git 3514
[2022-08-01 17:48:00.785] [exthost] [warning] [Decorations] CAPPING events from decorations provider vscode.git 3514
[2022-08-01 17:48:06.069] [exthost] [warning] [Decorations] CAPPING events from decorations provider vscode.git 3514
[2022-08-01 17:48:11.367] [exthost] [warning] [Decorations] CAPPING events from decorations provider vscode.git 3514
[2022-08-01 17:48:16.649] [exthost] [warning] [Decorations] CAPPING events from decorations provider vscode.git 3514
[2022-08-01 17:48:21.933] [exthost] [warning] [Decorations] CAPPING events from decorations provider vscode.git 3514
[2022-08-01 17:48:27.255] [exthost] [warning] [Decorations] CAPPING events from decorations provider vscode.git 3514
[2022-08-01 17:48:34.564] [exthost] [warning] [Decorations] CAPPING events from decorations provider vscode.git 3514
[2022-08-01 17:48:39.894] [exthost] [warning] [Decorations] CAPPING events from decorations provider vscode.git 3514
[2022-08-01 17:48:45.198] [exthost] [warning] [Decorations] CAPPING events from decorations provider vscode.git 3514
[2022-08-01 17:48:50.505] [exthost] [warning] [Decorations] CAPPING events from decorations provider vscode.git 3514
[2022-08-01 17:48:55.777] [exthost] [warning] [Decorations] CAPPING events from decorations provider vscode.git 3514
[2022-08-01 17:49:01.149] [exthost] [warning] [Decorations] CAPPING events from decorations provider vscode.git 3514
[2022-08-01 17:49:08.948] [exthost] [warning] [Decorations] CAPPING events from decorations provider vscode.git 3514
[2022-08-01 17:49:14.326] [exthost] [warning] [Decorations] CAPPING events from decorations provider vscode.git 3514
[2022-08-01 17:49:21.317] [exthost] [warning] [Decorations] CAPPING events from decorations provider vscode.git 3514
[2022-08-01 17:49:26.578] [exthost] [warning] [Decorations] CAPPING events from decorations provider vscode.git 3514
[2022-08-01 17:49:31.850] [exthost] [warning] [Decorations] CAPPING events from decorations provider vscode.git 3514
[2022-08-01 17:49:37.119] [exthost] [warning] [Decorations] CAPPING events from decorations provider vscode.git 3514
[2022-08-01 17:49:42.416] [exthost] [warning] [Decorations] CAPPING events from decorations provider vscode.git 3514
[2022-08-01 17:49:47.762] [exthost] [warning] [Decorations] CAPPING events from decorations provider vscode.git 3514
[2022-08-01 17:49:53.389] [exthost] [warning] [Decorations] CAPPING events from decorations provider vscode.git 3514
[2022-08-01 17:49:59.088] [exthost] [warning] [Decorations] CAPPING events from decorations provider vscode.git 3514
[2022-08-01 17:50:04.726] [exthost] [warning] [Decorations] CAPPING events from decorations provider vscode.git 3514
[2022-08-01 17:50:12.147] [exthost] [warning] [Decorations] CAPPING events from decorations provider vscode.git 3514
[2022-08-01 17:50:17.430] [exthost] [warning] [Decorations] CAPPING events from decorations provider vscode.git 3514
[2022-08-01 17:50:23.005] [exthost] [warning] [Decorations] CAPPING events from decorations provider vscode.git 3514
[2022-08-01 17:50:28.807] [exthost] [warning] [Decorations] CAPPING events from decorations provider vscode.git 3514
[2022-08-01 17:50:34.121] [exthost] [warning] [Decorations] CAPPING events from decorations provider vscode.git 3514
[2022-08-01 17:50:39.383] [exthost] [warning] [Decorations] CAPPING events from decorations provider vscode.git 3514
[2022-08-01 17:50:44.714] [exthost] [warning] [Decorations] CAPPING events from decorations provider vscode.git 3514
[2022-08-01 17:50:49.973] [exthost] [warning] [Decorations] CAPPING events from decorations provider vscode.git 3514
[2022-08-01 17:50:55.272] [exthost] [warning] [Decorations] CAPPING events from decorations provider vscode.git 3514
[2022-08-01 17:51:00.540] [exthost] [warning] [Decorations] CAPPING events from decorations provider vscode.git 3514
[2022-08-01 17:51:05.829] [exthost] [warning] [Decorations] CAPPING events from decorations provider vscode.git 3514
[2022-08-01 17:51:11.326] [exthost] [warning] [Decorations] CAPPING events from decorations provider vscode.git 3514
[2022-08-01 17:51:17.389] [exthost] [warning] [Decorations] CAPPING events from decorations provider vscode.git 3514
[2022-08-01 17:51:27.105] [exthost] [warning] [Decorations] CAPPING events from decorations provider vscode.git 3514
[2022-08-01 17:51:32.686] [exthost] [warning] [Decorations] CAPPING events from decorations provider vscode.git 3514
[2022-08-01 17:51:40.202] [exthost] [warning] [Decorations] CAPPING events from decorations provider vscode.git 3514
[2022-08-01 17:51:45.463] [exthost] [warning] [Decorations] CAPPING events from decorations provider vscode.git 3514
[2022-08-01 17:51:51.127] [exthost] [warning] [Decorations] CAPPING events from decorations provider vscode.git 3514
[2022-08-01 17:51:58.558] [exthost] [warning] [Decorations] CAPPING events from decorations provider vscode.git 3514
[2022-08-01 17:52:03.232] [exthost] [info] ExtensionService#_doActivateExtension vscode.configuration-editing, startup: false, activationEvent: 'onLanguage:jsonc'
[2022-08-01 17:52:03.267] [exthost] [info] ExtensionService#_doActivateExtension vscode.json-language-features, startup: false, activationEvent: 'onLanguage:jsonc'
[2022-08-01 17:52:03.604] [exthost] [info] ExtensionService#_doActivateExtension vscode.typescript-language-features, startup: false, activationEvent: 'onLanguage:jsonc'
[2022-08-01 17:52:04.080] [exthost] [warning] [Decorations] CAPPING events from decorations provider vscode.git 3514
[2022-08-01 17:52:12.007] [exthost] [warning] [Decorations] CAPPING events from decorations provider vscode.git 3515
[2022-08-01 17:52:17.420] [exthost] [warning] [Decorations] CAPPING events from decorations provider vscode.git 3515
[2022-08-01 17:52:24.644] [exthost] [warning] [Decorations] CAPPING events from decorations provider vscode.git 3515
[2022-08-01 17:52:29.929] [exthost] [warning] [Decorations] CAPPING events from decorations provider vscode.git 3515
[2022-08-01 17:52:35.731] [exthost] [warning] [Decorations] CAPPING events from decorations provider vscode.git 3515
[2022-08-01 17:52:41.995] [exthost] [warning] [Decorations] CAPPING events from decorations provider vscode.git 3515
[2022-08-01 17:52:47.181] [exthost] [warning] [Decorations] CAPPING events from decorations provider vscode.git 3515
[2022-08-01 17:52:52.717] [exthost] [warning] [Decorations] CAPPING events from decorations provider vscode.git 3515
[2022-08-01 17:52:58.378] [exthost] [warning] [Decorations] CAPPING events from decorations provider vscode.git 3515
[2022-08-01 17:53:04.358] [exthost] [warning] [Decorations] CAPPING events from decorations provider vscode.git 3515
[2022-08-01 17:53:11.018] [exthost] [warning] [Decorations] CAPPING events from decorations provider vscode.git 3515
[2022-08-01 17:53:16.296] [exthost] [warning] [Decorations] CAPPING events from decorations provider vscode.git 3515
[2022-08-01 17:53:21.710] [exthost] [warning] [Decorations] CAPPING events from decorations provider vscode.git 3515
[2022-08-01 17:53:27.081] [exthost] [warning] [Decorations] CAPPING events from decorations provider vscode.git 3515
[2022-08-01 17:53:34.424] [exthost] [warning] [Decorations] CAPPING events from decorations provider vscode.git 3515
[2022-08-01 17:53:39.709] [exthost] [warning] [Decorations] CAPPING events from decorations provider vscode.git 3515
[2022-08-01 17:53:45.236] [exthost] [warning] [Decorations] CAPPING events from decorations provider vscode.git 3515
[2022-08-01 17:53:52.792] [exthost] [warning] [Decorations] CAPPING events from decorations provider vscode.git 3515
[2022-08-01 17:54:00.244] [exthost] [warning] [Decorations] CAPPING events from decorations provider vscode.git 3515
[2022-08-01 17:54:05.562] [exthost] [warning] [Decorations] CAPPING events from decorations provider vscode.git 3515
[2022-08-01 17:54:11.164] [exthost] [warning] [Decorations] CAPPING events from decorations provider vscode.git 3515
[2022-08-01 17:54:18.982] [exthost] [warning] [Decorations] CAPPING events from decorations provider vscode.git 3515
[2022-08-01 17:54:26.795] [exthost] [warning] [Decorations] CAPPING events from decorations provider vscode.git 3515
[2022-08-01 17:54:32.397] [exthost] [warning] [Decorations] CAPPING events from decorations provider vscode.git 3515
[2022-08-01 18:21:35.396] [exthost] [warning] [Decorations] CAPPING events from decorations provider vscode.git 3515
[2022-08-01 18:21:40.528] [exthost] [warning] [Decorations] CAPPING events from decorations provider vscode.git 3515
[2022-08-01 18:21:45.691] [exthost] [warning] [Decorations] CAPPING events from decorations provider vscode.git 3515
[2022-08-01 18:21:50.830] [exthost] [warning] [Decorations] CAPPING events from decorations provider vscode.git 3515
[2022-08-01 18:21:55.972] [exthost] [warning] [Decorations] CAPPING events from decorations provider vscode.git 3515
[2022-08-01 18:22:01.115] [exthost] [warning] [Decorations] CAPPING events from decorations provider vscode.git 3515
[2022-08-01 18:23:46.479] [exthost] [warning] [Decorations] CAPPING events from decorations provider vscode.git 3515
[2022-08-01 18:23:51.657] [exthost] [warning] [Decorations] CAPPING events from decorations provider vscode.git 3515
[2022-08-01 18:23:56.812] [exthost] [warning] [Decorations] CAPPING events from decorations provider vscode.git 3516
[2022-08-01 18:24:02.153] [exthost] [warning] [Decorations] CAPPING events from decorations provider vscode.git 3516
[2022-08-01 18:24:09.096] [exthost] [warning] [Decorations] CAPPING events from decorations provider vscode.git 3516
[2022-08-01 18:24:14.274] [exthost] [warning] [Decorations] CAPPING events from decorations provider vscode.git 3516
[2022-08-01 18:24:20.077] [exthost] [warning] [Decorations] CAPPING events from decorations provider vscode.git 3516
[2022-08-01 18:24:25.327] [exthost] [warning] [Decorations] CAPPING events from decorations provider vscode.git 3516
[2022-08-01 18:24:30.448] [exthost] [warning] [Decorations] CAPPING events from decorations provider vscode.git 3516
[2022-08-01 18:24:35.577] [exthost] [warning] [Decorations] CAPPING events from decorations provider vscode.git 3516
[2022-08-01 18:24:40.748] [exthost] [warning] [Decorations] CAPPING events from decorations provider vscode.git 3516
[2022-08-01 18:24:45.927] [exthost] [warning] [Decorations] CAPPING events from decorations provider vscode.git 3516
[2022-08-01 18:24:47.679] [exthost] [info] ExtensionService#_doActivateExtension vscode.debug-server-ready, startup: false, activationEvent: 'onDebugResolve'
[2022-08-01 18:24:47.695] [exthost] [info] ExtensionService#_doActivateExtension ms-vscode.js-debug, startup: false, activationEvent: 'onDebugResolve:pwa-chrome'
[2022-08-01 18:25:02.252] [exthost] [warning] [Decorations] CAPPING events from decorations provider vscode.git 3516
[2022-08-01 18:25:09.413] [exthost] [warning] [Decorations] CAPPING events from decorations provider vscode.git 3516
[2022-08-01 18:25:14.556] [exthost] [warning] [Decorations] CAPPING events from decorations provider vscode.git 3516
[2022-08-01 18:25:19.707] [exthost] [warning] [Decorations] CAPPING events from decorations provider vscode.git 3516
[2022-08-01 18:25:24.840] [exthost] [warning] [Decorations] CAPPING events from decorations provider vscode.git 3516
[2022-08-01 18:25:29.966] [exthost] [warning] [Decorations] CAPPING events from decorations provider vscode.git 3516
[2022-08-01 18:25:35.134] [exthost] [warning] [Decorations] CAPPING events from decorations provider vscode.git 3516
[2022-08-01 18:25:40.380] [exthost] [warning] [Decorations] CAPPING events from decorations provider vscode.git 3516
[2022-08-01 18:25:45.530] [exthost] [warning] [Decorations] CAPPING events from decorations provider vscode.git 3516
[2022-08-01 18:25:50.759] [exthost] [warning] [Decorations] CAPPING events from decorations provider vscode.git 3516
[2022-08-01 18:25:57.302] [exthost] [warning] [Decorations] CAPPING events from decorations provider vscode.git 3516
[2022-08-01 18:26:05.614] [exthost] [warning] [Decorations] CAPPING events from decorations provider vscode.git 3516
[2022-08-01 18:26:12.493] [exthost] [warning] [Decorations] CAPPING events from decorations provider vscode.git 3516
[2022-08-01 18:26:17.645] [exthost] [warning] [Decorations] CAPPING events from decorations provider vscode.git 3516
[2022-08-01 18:26:22.776] [exthost] [warning] [Decorations] CAPPING events from decorations provider vscode.git 3516
[2022-08-01 18:26:27.922] [exthost] [warning] [Decorations] CAPPING events from decorations provider vscode.git 3516
[2022-08-01 18:26:33.059] [exthost] [warning] [Decorations] CAPPING events from decorations provider vscode.git 3516
[2022-08-01 18:26:38.209] [exthost] [warning] [Decorations] CAPPING events from decorations provider vscode.git 3516
[2022-08-01 18:26:43.387] [exthost] [warning] [Decorations] CAPPING events from decorations provider vscode.git 3516
[2022-08-01 18:26:48.575] [exthost] [warning] [Decorations] CAPPING events from decorations provider vscode.git 3516
[2022-08-01 18:26:53.322] [exthost] [info] ExtensionService#_doActivateExtension ritwickdey.LiveServer, startup: false, activationEvent: 'onStartupFinished'
[2022-08-01 18:26:58.468] [exthost] [warning] [Decorations] CAPPING events from decorations provider vscode.git 4733
[2022-08-01 18:27:03.737] [exthost] [warning] [Decorations] CAPPING events from decorations provider vscode.git 4732
[2022-08-01 18:27:08.890] [exthost] [warning] [Decorations] CAPPING events from decorations provider vscode.git 4732
[2022-08-01 18:27:14.132] [exthost] [warning] [Decorations] CAPPING events from decorations provider vscode.git 4733
[2022-08-01 19:08:50.170] [exthost] [warning] [Decorations] CAPPING events from decorations provider vscode.git 4734
[2022-08-01 19:08:55.329] [exthost] [warning] [Decorations] CAPPING events from decorations provider vscode.git 4734
[2022-08-01 19:09:00.829] [exthost] [warning] [Decorations] CAPPING events from decorations provider vscode.git 4734
[2022-08-01 19:09:06.726] [exthost] [warning] [Decorations] CAPPING events from decorations provider vscode.git 4734
[2022-08-01 19:09:13.927] [exthost] [warning] [Decorations] CAPPING events from decorations provider vscode.git 4734
[2022-08-01 19:09:19.149] [exthost] [warning] [Decorations] CAPPING events from decorations provider vscode.git 4734
[2022-08-01 19:09:26.538] [exthost] [warning] [Decorations] CAPPING events from decorations provider vscode.git 4734
[2022-08-01 19:09:31.706] [exthost] [warning] [Decorations] CAPPING events from decorations provider vscode.git 4734
[2022-08-01 19:09:37.087] [exthost] [warning] [Decorations] CAPPING events from decorations provider vscode.git 4734
[2022-08-01 19:09:42.286] [exthost] [warning] [Decorations] CAPPING events from decorations provider vscode.git 4734
[2022-08-01 19:09:47.557] [exthost] [warning] [Decorations] CAPPING events from decorations provider vscode.git 4734
[2022-08-01 19:09:54.933] [exthost] [warning] [Decorations] CAPPING events from decorations provider vscode.git 4734
[2022-08-01 19:10:11.243] [exthost] [warning] [Decorations] CAPPING events from decorations provider vscode.git 4734
[2022-08-01 19:10:16.481] [exthost] [warning] [Decorations] CAPPING events from decorations provider vscode.git 4734
[2022-08-01 19:10:23.773] [exthost] [warning] [Decorations] CAPPING events from decorations provider vscode.git 4736
[2022-08-01 19:10:28.940] [exthost] [warning] [Decorations] CAPPING events from decorations provider vscode.git 4736
[2022-08-01 19:10:35.388] [exthost] [warning] [Decorations] CAPPING events from decorations provider vscode.git 4736
[2022-08-01 19:10:41.009] [exthost] [warning] [Decorations] CAPPING events from decorations provider vscode.git 4736
[2022-08-01 19:10:53.940] [exthost] [warning] [Decorations] CAPPING events from decorations provider vscode.git 4736
[2022-08-01 19:10:59.144] [exthost] [warning] [Decorations] CAPPING events from decorations provider vscode.git 4736
[2022-08-01 19:11:07.291] [exthost] [warning] [Decorations] CAPPING events from decorations provider vscode.git 4736
[2022-08-01 19:11:13.620] [exthost] [warning] [Decorations] CAPPING events from decorations provider vscode.git 4736
[2022-08-01 19:11:19.755] [exthost] [warning] [Decorations] CAPPING events from decorations provider vscode.git 4736
[2022-08-01 19:11:28.134] [exthost] [warning] [Decorations] CAPPING events from decorations provider vscode.git 4736
[2022-08-01 19:11:33.307] [exthost] [warning] [Decorations] CAPPING events from decorations provider vscode.git 4736
[2022-08-01 19:11:38.530] [exthost] [warning] [Decorations] CAPPING events from decorations provider vscode.git 4736
[2022-08-01 19:11:44.038] [exthost] [warning] [Decorations] CAPPING events from decorations provider vscode.git 4736
[2022-08-01 19:11:49.273] [exthost] [warning] [Decorations] CAPPING events from decorations provider vscode.git 4736
[2022-08-01 19:11:54.972] [exthost] [warning] [Decorations] CAPPING events from decorations provider vscode.git 4736
[2022-08-01 19:13:32.281] [exthost] [warning] [Decorations] CAPPING events from decorations provider vscode.git 4736
[2022-08-01 19:13:37.430] [exthost] [warning] [Decorations] CAPPING events from decorations provider vscode.git 4736
[2022-08-01 19:13:42.579] [exthost] [warning] [Decorations] CAPPING events from decorations provider vscode.git 4736
[2022-08-01 19:13:47.755] [exthost] [warning] [Decorations] CAPPING events from decorations provider vscode.git 4736
[2022-08-01 19:13:52.928] [exthost] [warning] [Decorations] CAPPING events from decorations provider vscode.git 4736
[2022-08-01 19:13:58.157] [exthost] [warning] [Decorations] CAPPING events from decorations provider vscode.git 4736
[2022-08-01 19:14:05.358] [exthost] [warning] [Decorations] CAPPING events from decorations provider vscode.git 4736
[2022-08-01 19:14:10.577] [exthost] [warning] [Decorations] CAPPING events from decorations provider vscode.git 4736
[2022-08-01 19:14:15.767] [exthost] [warning] [Decorations] CAPPING events from decorations provider vscode.git 4736
[2022-08-01 19:14:20.929] [exthost] [warning] [Decorations] CAPPING events from decorations provider vscode.git 4736
[2022-08-01 19:14:26.172] [exthost] [warning] [Decorations] CAPPING events from decorations provider vscode.git 4736
[2022-08-01 19:14:33.756] [exthost] [warning] [Decorations] CAPPING events from decorations provider vscode.git 4736
[2022-08-01 19:15:13.872] [exthost] [warning] [Decorations] CAPPING events from decorations provider vscode.git 4737
[2022-08-01 19:15:19.021] [exthost] [warning] [Decorations] CAPPING events from decorations provider vscode.git 4737
[2022-08-01 19:15:24.359] [exthost] [warning] [Decorations] CAPPING events from decorations provider vscode.git 4737
[2022-08-01 19:15:33.832] [exthost] [warning] [Decorations] CAPPING events from decorations provider vscode.git 4737
[2022-08-01 19:15:38.985] [exthost] [warning] [Decorations] CAPPING events from decorations provider vscode.git 4737
[2022-08-01 19:15:44.140] [exthost] [warning] [Decorations] CAPPING events from decorations provider vscode.git 4737
[2022-08-01 19:15:49.410] [exthost] [warning] [Decorations] CAPPING events from decorations provider vscode.git 4737
[2022-08-01 19:15:56.714] [exthost] [warning] [Decorations] CAPPING events from decorations provider vscode.git 4737
[2022-08-01 19:16:29.922] [exthost] [warning] [Decorations] CAPPING events from decorations provider vscode.git 4737
[2022-08-01 19:16:35.091] [exthost] [warning] [Decorations] CAPPING events from decorations provider vscode.git 4737
[2022-08-01 19:16:41.497] [exthost] [warning] [Decorations] CAPPING events from decorations provider vscode.git 4737
[2022-08-01 19:16:46.820] [exthost] [warning] [Decorations] CAPPING events from decorations provider vscode.git 4737
[2022-08-01 19:16:54.062] [exthost] [warning] [Decorations] CAPPING events from decorations provider vscode.git 4737
[2022-08-01 19:16:59.670] [exthost] [warning] [Decorations] CAPPING events from decorations provider vscode.git 4737
[2022-08-01 19:17:06.243] [exthost] [warning] [Decorations] CAPPING events from decorations provider vscode.git 4737
[2022-08-01 19:17:11.415] [exthost] [warning] [Decorations] CAPPING events from decorations provider vscode.git 4737
[2022-08-01 19:17:16.963] [exthost] [warning] [Decorations] CAPPING events from decorations provider vscode.git 4737
[2022-08-01 19:17:22.601] [exthost] [warning] [Decorations] CAPPING events from decorations provider vscode.git 4737
[2022-08-01 19:17:29.781] [exthost] [warning] [Decorations] CAPPING events from decorations provider vscode.git 4737
[2022-08-01 19:17:39.647] [exthost] [warning] [Decorations] CAPPING events from decorations provider vscode.git 4737
[2022-08-01 19:17:44.819] [exthost] [warning] [Decorations] CAPPING events from decorations provider vscode.git 4737
[2022-08-01 19:17:49.985] [exthost] [warning] [Decorations] CAPPING events from decorations provider vscode.git 4737
[2022-08-01 19:17:55.215] [exthost] [warning] [Decorations] CAPPING events from decorations provider vscode.git 4737
[2022-08-01 19:18:00.604] [exthost] [warning] [Decorations] CAPPING events from decorations provider vscode.git 4737
[2022-08-01 19:18:08.385] [exthost] [warning] [Decorations] CAPPING events from decorations provider vscode.git 4737
[2022-08-01 19:18:13.644] [exthost] [warning] [Decorations] CAPPING events from decorations provider vscode.git 4737
[2022-08-01 19:18:37.671] [exthost] [warning] [Decorations] CAPPING events from decorations provider vscode.git 4737
[2022-08-01 19:18:42.933] [exthost] [warning] [Decorations] CAPPING events from decorations provider vscode.git 4737
[2022-08-01 19:18:48.089] [exthost] [warning] [Decorations] CAPPING events from decorations provider vscode.git 4737
[2022-08-01 19:18:53.406] [exthost] [warning] [Decorations] CAPPING events from decorations provider vscode.git 4737
[2022-08-01 19:18:58.583] [exthost] [warning] [Decorations] CAPPING events from decorations provider vscode.git 4737
[2022-08-01 19:19:05.320] [exthost] [warning] [Decorations] CAPPING events from decorations provider vscode.git 4737
[2022-08-01 19:19:12.579] [exthost] [warning] [Decorations] CAPPING events from decorations provider vscode.git 4737
[2022-08-01 19:19:27.311] [exthost] [warning] [Decorations] CAPPING events from decorations provider vscode.git 4738
[2022-08-01 19:19:32.469] [exthost] [warning] [Decorations] CAPPING events from decorations provider vscode.git 4738
[2022-08-01 19:19:41.866] [exthost] [warning] [Decorations] CAPPING events from decorations provider vscode.git 4738
[2022-08-01 19:19:47.141] [exthost] [warning] [Decorations] CAPPING events from decorations provider vscode.git 4739
[2022-08-01 19:19:58.925] [exthost] [warning] [Decorations] CAPPING events from decorations provider vscode.git 4739
[2022-08-01 19:27:57.173] [exthost] [warning] [Decorations] CAPPING events from decorations provider vscode.git 4739
[2022-08-01 19:28:02.490] [exthost] [warning] [Decorations] CAPPING events from decorations provider vscode.git 4739
[2022-08-01 19:28:07.669] [exthost] [warning] [Decorations] CAPPING events from decorations provider vscode.git 4739
[2022-08-01 19:28:12.905] [exthost] [warning] [Decorations] CAPPING events from decorations provider vscode.git 4739
[2022-08-01 19:28:20.110] [exthost] [warning] [Decorations] CAPPING events from decorations provider vscode.git 4739
[2022-08-01 19:28:25.325] [exthost] [warning] [Decorations] CAPPING events from decorations provider vscode.git 4739
[2022-08-01 19:28:30.530] [exthost] [warning] [Decorations] CAPPING events from decorations provider vscode.git 4739
[2022-08-01 19:28:35.699] [exthost] [warning] [Decorations] CAPPING events from decorations provider vscode.git 4739
[2022-08-01 19:28:40.859] [exthost] [warning] [Decorations] CAPPING events from decorations provider vscode.git 4739
[2022-08-01 19:28:46.021] [exthost] [warning] [Decorations] CAPPING events from decorations provider vscode.git 4739
[2022-08-01 19:28:51.178] [exthost] [warning] [Decorations] CAPPING events from decorations provider vscode.git 4739
[2022-08-01 19:28:56.330] [exthost] [warning] [Decorations] CAPPING events from decorations provider vscode.git 4739
[2022-08-01 19:29:01.941] [exthost] [warning] [Decorations] CAPPING events from decorations provider vscode.git 4739
[2022-08-01 19:29:09.753] [exthost] [warning] [Decorations] CAPPING events from decorations provider vscode.git 4739
[2022-08-01 19:29:14.928] [exthost] [warning] [Decorations] CAPPING events from decorations provider vscode.git 4739
[2022-08-01 19:29:20.080] [exthost] [warning] [Decorations] CAPPING events from decorations provider vscode.git 4739
[2022-08-01 19:29:25.245] [exthost] [warning] [Decorations] CAPPING events from decorations provider vscode.git 4739
[2022-08-01 19:29:30.460] [exthost] [warning] [Decorations] CAPPING events from decorations provider vscode.git 4739
[2022-08-01 19:29:37.617] [exthost] [warning] [Decorations] CAPPING events from decorations provider vscode.git 4739
[2022-08-01 19:29:42.842] [exthost] [warning] [Decorations] CAPPING events from decorations provider vscode.git 4739
[2022-08-01 19:29:48.024] [exthost] [warning] [Decorations] CAPPING events from decorations provider vscode.git 4739
