0 verbose cli /home/mash/.nvm/versions/node/v18.6.0/bin/node /home/mash/.nvm/versions/node/v18.6.0/bin/npm
1 info using npm@8.13.2
2 info using node@v18.6.0
3 timing npm:load:whichnode Completed in 1ms
4 timing config:load:defaults Completed in 2ms
5 timing config:load:file:/home/mash/.nvm/versions/node/v18.6.0/lib/node_modules/npm/npmrc Completed in 2ms
6 timing config:load:builtin Completed in 2ms
7 timing config:load:cli Completed in 2ms
8 timing config:load:env Completed in 1ms
9 timing config:load:project Completed in 11ms
10 timing config:load:file:/home/mash/.npmrc Completed in 1ms
11 timing config:load:user Completed in 1ms
12 timing config:load:file:/home/mash/.nvm/versions/node/v18.6.0/etc/npmrc Completed in 1ms
13 timing config:load:global Completed in 1ms
14 timing config:load:validate Completed in 0ms
15 timing config:load:credentials Completed in 1ms
16 timing config:load:setEnvs Completed in 2ms
17 timing config:load Completed in 23ms
18 timing npm:load:configload Completed in 23ms
19 timing npm:load:mkdirpcache Completed in 2ms
20 timing npm:load:mkdirplogs Completed in 1ms
21 verbose title npm test
22 verbose argv "test"
23 timing npm:load:setTitle Completed in 1ms
24 timing config:load:flatten Completed in 4ms
25 timing npm:load:display Completed in 6ms
26 verbose logfile logs-max:10 dir:/home/mash/.npm/_logs
27 verbose logfile /home/mash/.npm/_logs/2022-07-29T23_44_04_970Z-debug-0.log
28 timing npm:load:logFile Completed in 5ms
29 timing npm:load:timers Completed in 0ms
30 timing npm:load:configScope Completed in 0ms
31 timing npm:load Completed in 39ms
32 silly logfile done cleaning log files
33 timing command:run-script Completed in 3ms
34 timing command:test Completed in 6ms
35 verbose stack Error: ENOENT: no such file or directory, open '/home/mash/package.json'
36 verbose cwd /home/mash
37 verbose Linux 5.10.16.3-microsoft-standard-WSL2
38 verbose node v18.6.0
39 verbose npm  v8.13.2
40 error code ENOENT
41 error syscall open
42 error path /home/mash/package.json
43 error errno -2
44 error enoent ENOENT: no such file or directory, open '/home/mash/package.json'
45 error enoent This is related to npm not being able to find a file.
45 error enoent
46 verbose exit -2
47 timing npm Completed in 59ms
48 verbose code -2
49 error A complete log of this run can be found in:
49 error     /home/mash/.npm/_logs/2022-07-29T23_44_04_970Z-debug-0.log
