0 verbose cli /home/mash/.nvm/versions/node/v18.6.0/bin/node /home/mash/.nvm/versions/node/v18.6.0/bin/npm
1 info using npm@8.13.2
2 info using node@v18.6.0
3 timing npm:load:whichnode Completed in 0ms
4 timing config:load:defaults Completed in 1ms
5 timing config:load:file:/home/mash/.nvm/versions/node/v18.6.0/lib/node_modules/npm/npmrc Completed in 2ms
6 timing config:load:builtin Completed in 2ms
7 timing config:load:cli Completed in 2ms
8 timing config:load:env Completed in 0ms
9 timing config:load:file:/home/mash/phase-0-completing-assignments-learn-lab-gem/.npmrc Completed in 0ms
10 timing config:load:project Completed in 10ms
11 timing config:load:file:/home/mash/.npmrc Completed in 0ms
12 timing config:load:user Completed in 0ms
13 timing config:load:file:/home/mash/.nvm/versions/node/v18.6.0/etc/npmrc Completed in 0ms
14 timing config:load:global Completed in 0ms
15 timing config:load:validate Completed in 1ms
16 timing config:load:credentials Completed in 0ms
17 timing config:load:setEnvs Completed in 1ms
18 timing config:load Completed in 18ms
19 timing npm:load:configload Completed in 18ms
20 timing npm:load:mkdirpcache Completed in 2ms
21 timing npm:load:mkdirplogs Completed in 1ms
22 verbose title npm audit fix
23 verbose argv "audit" "fix" "--force"
24 timing npm:load:setTitle Completed in 1ms
25 timing config:load:flatten Completed in 3ms
26 timing npm:load:display Completed in 5ms
27 verbose logfile logs-max:10 dir:/home/mash/.npm/_logs
28 verbose logfile /home/mash/.npm/_logs/2022-07-29T22_18_46_467Z-debug-0.log
29 timing npm:load:logFile Completed in 5ms
30 timing npm:load:timers Completed in 0ms
31 timing npm:load:configScope Completed in 0ms
32 warn using --force Recommended protections disabled.
33 timing npm:load Completed in 35ms
34 timing arborist:ctor Completed in 1ms
35 silly logfile done cleaning log files
36 silly audit bulk request {
36 silly audit   abab: [ '1.0.4' ],
36 silly audit   acorn: [ '4.0.13' ],
36 silly audit   'acorn-globals': [ '3.1.0' ],
36 silly audit   ajv: [ '6.12.6' ],
36 silly audit   'ansi-colors': [ '3.2.3' ],
36 silly audit   'ansi-regex': [ '3.0.1', '4.1.1' ],
36 silly audit   'ansi-styles': [ '3.2.1' ],
36 silly audit   argparse: [ '1.0.10' ],
36 silly audit   'array-equal': [ '1.0.0' ],
36 silly audit   'array-events': [ '0.2.0' ],
36 silly audit   'array.prototype.reduce': [ '1.0.4' ],
36 silly audit   asn1: [ '0.2.6' ],
36 silly audit   'assert-plus': [ '1.0.0' ],
36 silly audit   'assertion-error': [ '1.1.0' ],
36 silly audit   'async-arrays': [ '1.0.1' ],
36 silly audit   asynckit: [ '0.4.0' ],
36 silly audit   'available-typed-arrays': [ '1.0.5' ],
36 silly audit   'aws-sign2': [ '0.7.0' ],
36 silly audit   aws4: [ '1.11.0' ],
36 silly audit   'balanced-match': [ '1.0.2' ],
36 silly audit   'bcrypt-pbkdf': [ '1.0.2' ],
36 silly audit   'bit-mask': [ '1.0.2' ],
36 silly audit   'brace-expansion': [ '1.1.11' ],
36 silly audit   'browser-stdout': [ '1.3.1' ],
36 silly audit   'call-bind': [ '1.0.2' ],
36 silly audit   'call-me-maybe': [ '1.0.1' ],
36 silly audit   camelcase: [ '5.3.1' ],
36 silly audit   caseless: [ '0.12.0' ],
36 silly audit   chai: [ '3.5.0' ],
36 silly audit   'chai-fs': [ '2.0.0' ],
36 silly audit   chalk: [ '2.4.2' ],
36 silly audit   'supports-color': [ '5.5.0', '6.0.0' ],
36 silly audit   cliui: [ '5.0.0' ],
36 silly audit   'string-width': [ '3.1.0', '2.1.1' ],
36 silly audit   'strip-ansi': [ '5.2.0', '4.0.0' ],
36 silly audit   'color-convert': [ '1.9.3' ],
36 silly audit   'color-name': [ '1.1.3' ],
36 silly audit   'combined-stream': [ '1.0.8' ],
36 silly audit   'concat-map': [ '0.0.1' ],
36 silly audit   'content-type-parser': [ '1.0.2' ],
36 silly audit   'core-util-is': [ '1.0.2' ],
36 silly audit   cssom: [ '0.3.8' ],
36 silly audit   cssstyle: [ '0.2.37' ],
36 silly audit   dashdash: [ '1.14.1' ],
36 silly audit   debug: [ '3.2.6', '4.3.4' ],
36 silly audit   decamelize: [ '1.2.0' ],
36 silly audit   'deep-eql': [ '0.1.3' ],
36 silly audit   'type-detect': [ '0.1.1', '1.0.0' ],
36 silly audit   'deep-is': [ '0.1.4' ],
36 silly audit   'define-properties': [ '1.1.4' ],
36 silly audit   'delayed-stream': [ '1.0.0' ],
36 silly audit   diff: [ '3.5.0' ],
36 silly audit   'ecc-jsbn': [ '0.1.2' ],
36 silly audit   'emoji-regex': [ '7.0.3' ],
36 silly audit   'es-abstract': [ '1.20.1' ],
36 silly audit   'object.assign': [ '4.1.2', '4.1.0' ],
36 silly audit   'es-array-method-boxes-properly': [ '1.0.0' ],
36 silly audit   'es-get-iterator': [ '1.1.2' ],
36 silly audit   'es-to-primitive': [ '1.2.1' ],
36 silly audit   'es6-promise': [ '4.2.8' ],
36 silly audit   'escape-string-regexp': [ '1.0.5' ],
36 silly audit   escodegen: [ '1.14.3' ],
36 silly audit   esprima: [ '4.0.1' ],
36 silly audit   estraverse: [ '4.3.0' ],
36 silly audit   esutils: [ '2.0.3' ],
36 silly audit   expect: [ '1.20.2' ],
36 silly audit   extend: [ '3.0.2' ],
36 silly audit   'extended-emitter': [ '1.1.0' ],
36 silly audit   extsprintf: [ '1.3.0' ],
36 silly audit   'fast-deep-equal': [ '3.1.3' ],
36 silly audit   'fast-json-stable-stringify': [ '2.1.0' ],
36 silly audit   'fast-levenshtein': [ '2.0.6' ],
36 silly audit   'find-up': [ '3.0.0' ],
36 silly audit   flat: [ '4.1.1' ],
36 silly audit   'for-each': [ '0.3.3' ],
36 silly audit   'forever-agent': [ '0.6.1' ],
36 silly audit   'form-data': [ '2.3.3' ],
36 silly audit   'fs.realpath': [ '1.0.0' ],
36 silly audit   'function-bind': [ '1.1.1' ],
36 silly audit   'function.prototype.name': [ '1.1.5' ],
36 silly audit   'functions-have-names': [ '1.2.3' ],
36 silly audit   'get-caller-file': [ '2.0.5' ],
36 silly audit   'get-intrinsic': [ '1.1.2' ],
36 silly audit   'get-symbol-description': [ '1.0.0' ],
36 silly audit   getpass: [ '0.1.7' ],
36 silly audit   glob: [ '7.1.3' ],
36 silly audit   'glob-to-regexp': [ '0.3.0' ],
36 silly audit   growl: [ '1.10.5' ],
36 silly audit   'har-schema': [ '2.0.0' ],
36 silly audit   'har-validator': [ '5.1.5' ],
36 silly audit   has: [ '1.0.3' ],
36 silly audit   'has-bigints': [ '1.0.2' ],
36 silly audit   'has-flag': [ '3.0.0' ],
36 silly audit   'has-property-descriptors': [ '1.0.0' ],
36 silly audit   'has-symbols': [ '1.0.3' ],
36 silly audit   'has-tostringtag': [ '1.0.0' ],
36 silly audit   he: [ '1.2.0' ],
36 silly audit   'html-encoding-sniffer': [ '1.0.2' ],
36 silly audit   'http-signature': [ '1.2.0' ],
36 silly audit   'iconv-lite': [ '0.4.24' ],
36 silly audit   inflight: [ '1.0.6' ],
36 silly audit   inherits: [ '2.0.4' ],
36 silly audit   'internal-slot': [ '1.0.3' ],
36 silly audit   'is-arguments': [ '1.1.1' ],
36 silly audit   'is-arrow-function': [ '2.0.3' ],
36 silly audit   'is-async-function': [ '2.0.0' ],
36 silly audit   'is-bigint': [ '1.0.4' ],
36 silly audit   'is-boolean-object': [ '1.1.2' ],
36 silly audit   'is-buffer': [ '2.0.5' ],
36 silly audit   'is-callable': [ '1.2.4' ],
36 silly audit   'is-date-object': [ '1.0.5' ],
36 silly audit   'is-equal': [ '1.6.4' ],
36 silly audit   'is-finalizationregistry': [ '1.0.2' ],
36 silly audit   'is-fullwidth-code-point': [ '2.0.0' ],
36 silly audit   'is-generator-function': [ '1.0.10' ],
36 silly audit   'is-map': [ '2.0.2' ],
36 silly audit   'is-negative-zero': [ '2.0.2' ],
36 silly audit   'is-number-object': [ '1.0.7' ],
36 silly audit   'is-regex': [ '1.1.4' ],
36 silly audit   'is-set': [ '2.0.2' ],
36 silly audit   'is-shared-array-buffer': [ '1.0.2' ],
36 silly audit   'is-string': [ '1.0.7' ],
36 silly audit   'is-symbol': [ '1.0.4' ],
36 silly audit   'is-typed-array': [ '1.1.9' ],
36 silly audit   'is-typedarray': [ '1.0.0' ],
36 silly audit   'is-weakmap': [ '2.0.1' ],
36 silly audit   'is-weakref': [ '1.0.2' ],
36 silly audit   'is-weakset': [ '2.0.2' ],
36 silly audit   isarray: [ '2.0.5' ],
36 silly audit   isexe: [ '2.0.0' ],
36 silly audit   isstream: [ '0.1.2' ],
36 silly audit   'js-yaml': [ '3.13.1' ],
36 silly audit   jsbn: [ '0.1.1' ],
36 silly audit   jsdom: [ '9.12.0' ],
36 silly audit   'json-schema': [ '0.4.0' ],
36 silly audit   'json-schema-traverse': [ '0.4.1' ],
36 silly audit   'json-stringify-safe': [ '5.0.1' ],
36 silly audit   jsprim: [ '1.4.2' ],
36 silly audit   levn: [ '0.3.0' ],
36 silly audit   'locate-path': [ '3.0.0' ],
36 silly audit   lodash: [ '4.17.21' ],
36 silly audit   'lodash.once': [ '4.1.1' ],
36 silly audit   'log-symbols': [ '2.2.0' ],
36 silly audit   'mime-db': [ '1.52.0' ],
36 silly audit   'mime-types': [ '2.1.35' ],
36 silly audit   minimatch: [ '3.0.4' ],
36 silly audit   minimist: [ '1.2.6' ],
36 silly audit   mkdirp: [ '0.5.4', '1.0.4' ],
36 silly audit   mocha: [ '6.2.3' ],
36 silly audit   'mocha-jsdom': [ '1.1.0' ],
36 silly audit   'mocha-multi': [ '1.1.6' ],
36 silly audit   ms: [ '2.1.2', '2.1.1' ],
36 silly audit   'node-environment-flags': [ '1.0.5' ],
36 silly audit   nwmatcher: [ '1.4.4' ],
36 silly audit   'oauth-sign': [ '0.9.0' ],
36 silly audit   'object-assign': [ '4.1.1' ],
36 silly audit   'object-inspect': [ '1.12.2' ],
36 silly audit   'object-keys': [ '1.1.1' ],
36 silly audit   'object.entries': [ '1.1.5' ],
36 silly audit   'object.getownpropertydescriptors': [ '2.1.4' ],
36 silly audit   'object.getprototypeof': [ '1.0.3' ],
36 silly audit   once: [ '1.4.0' ],
36 silly audit   optionator: [ '0.8.3' ],
36 silly audit   'p-limit': [ '2.3.0' ],
36 silly audit   'p-locate': [ '3.0.0' ],
36 silly audit   'p-try': [ '2.2.0' ],
36 silly audit   parse5: [ '1.5.1' ],
36 silly audit   'path-exists': [ '3.0.0' ],
36 silly audit   'path-is-absolute': [ '1.0.1' ],
36 silly audit   'performance-now': [ '2.1.0' ],
36 silly audit   'prelude-ls': [ '1.1.2' ],
36 silly audit   psl: [ '1.9.0' ],
36 silly audit   punycode: [ '2.1.1' ],
36 silly audit   qs: [ '6.5.3' ],
36 silly audit   'readdir-enhanced': [ '1.5.2' ],
36 silly audit   'reflect.getprototypeof': [ '1.0.2' ],
36 silly audit   'regexp.prototype.flags': [ '1.4.3' ],
36 silly audit   request: [ '2.88.2' ],
36 silly audit   'require-directory': [ '2.1.1' ],
36 silly audit   'require-main-filename': [ '2.0.0' ],
36 silly audit   'safe-buffer': [ '5.2.1' ],
36 silly audit   'safer-buffer': [ '2.1.2' ],
36 silly audit   sax: [ '1.2.4' ],
36 silly audit   semver: [ '5.7.1' ],
36 silly audit   'set-blocking': [ '2.0.0' ],
36 silly audit   'side-channel': [ '1.0.4' ],
36 silly audit   sift: [ '16.0.0' ],
36 silly audit   'source-map': [ '0.6.1' ],
36 silly audit   'sprintf-js': [ '1.0.3' ],
36 silly audit   sshpk: [ '1.17.0' ],
36 silly audit   'string.prototype.trimend': [ '1.0.5' ],
36 silly audit   'string.prototype.trimstart': [ '1.0.5' ],
36 silly audit   'strip-json-comments': [ '2.0.1' ],
36 silly audit   'symbol-tree': [ '3.2.4' ],
36 silly audit   tmatch: [ '2.0.1' ],
36 silly audit   'tough-cookie': [ '2.5.0' ],
36 silly audit   tr46: [ '0.0.3' ],
36 silly audit   'tunnel-agent': [ '0.6.0' ],
36 silly audit   tweetnacl: [ '0.14.5' ],
36 silly audit   'type-check': [ '0.3.2' ],
36 silly audit   'unbox-primitive': [ '1.0.2' ],
36 silly audit   'uri-js': [ '4.4.1' ],
36 silly audit   uuid: [ '3.4.0' ],
36 silly audit   verror: [ '1.10.0' ],
36 silly audit   'webidl-conversions': [ '4.0.2', '3.0.1' ],
36 silly audit   'whatwg-encoding': [ '1.0.5' ],
36 silly audit   'whatwg-url': [ '4.8.0' ],
36 silly audit   which: [ '1.3.1' ],
36 silly audit   'which-boxed-primitive': [ '1.0.2' ],
36 silly audit   'which-builtin-type': [ '1.1.2' ],
36 silly audit   'which-collection': [ '1.0.1' ],
36 silly audit   'which-module': [ '2.0.0' ],
36 silly audit   'which-typed-array': [ '1.1.8' ],
36 silly audit   'wide-align': [ '1.1.3' ],
36 silly audit   'wolfy87-eventemitter': [ '5.2.9' ],
36 silly audit   'word-wrap': [ '1.2.3' ],
36 silly audit   'wrap-ansi': [ '5.1.0' ],
36 silly audit   wrappy: [ '1.0.2' ],
36 silly audit   'xml-name-validator': [ '2.0.1' ],
36 silly audit   y18n: [ '4.0.3' ],
36 silly audit   yargs: [ '13.3.2' ],
36 silly audit   'yargs-parser': [ '13.1.2' ],
36 silly audit   'yargs-unparser': [ '1.6.0' ]
36 silly audit }
37 http fetch POST 200 https://registry.npmjs.org/-/npm/v1/security/advisories/bulk 875ms
38 timing auditReport:getReport Completed in 882ms
39 silly audit report {
39 silly audit report   jsdom: [
39 silly audit report     {
39 silly audit report       id: 1075671,
39 silly audit report       url: 'https://github.com/advisories/GHSA-f4c9-cqv8-9v98',
39 silly audit report       title: 'Insufficient Granularity of Access Control in JSDom',
39 silly audit report       severity: 'moderate',
39 silly audit report       vulnerable_versions: '<=16.4.0',
39 silly audit report       cwe: [Array],
39 silly audit report       cvss: [Object]
39 silly audit report     }
39 silly audit report   ]
39 silly audit report }
40 timing metavuln:cache:get:security-advisory:jsdom:pYEOzP70lFpHR2kMSFWN8ulCJqHBpvOrbvwCAKgomD7G/Xl2UGoXzHQnNhobV8RyiqvhNsZO8UEsgO3E96FzgQ== Completed in 10ms
41 http fetch GET 200 https://registry.npmjs.org/jsdom 47ms (cache hit)
42 timing metavuln:packument:jsdom Completed in 51ms
43 timing metavuln:load:security-advisory:jsdom:1075671 Completed in 3ms
44 timing metavuln:calculate:security-advisory:jsdom:1075671 Completed in 55ms
45 timing metavuln:cache:get:security-advisory:mocha-jsdom:DMKx3VKL6IoFjgqsC5YFf/I01voeIIB1SJFcHkUAZnm109+OlaY+ZMlAabnpTjk0bI/jC8JrgyJudZlyAo07oQ== Completed in 4ms
46 http fetch GET 200 https://registry.npmjs.org/mocha-jsdom 7ms (cache hit)
47 timing metavuln:packument:mocha-jsdom Completed in 9ms
48 timing metavuln:load:security-advisory:mocha-jsdom:pYEOzP70lFpHR2kMSFWN8ulCJqHBpvOrbvwCAKgomD7G/Xl2UGoXzHQnNhobV8RyiqvhNsZO8UEsgO3E96FzgQ== Completed in 0ms
49 timing metavuln:calculate:security-advisory:mocha-jsdom:pYEOzP70lFpHR2kMSFWN8ulCJqHBpvOrbvwCAKgomD7G/Xl2UGoXzHQnNhobV8RyiqvhNsZO8UEsgO3E96FzgQ== Completed in 9ms
50 timing auditReport:init Completed in 76ms
51 timing audit Completed in 1130ms
52 timing idealTree:init Completed in 3ms
53 warn audit Updating jsdom to 20.0.0, which is a SemVer major change.
54 timing idealTree:userRequests Completed in 8ms
55 silly idealTree buildDeps
56 silly fetch manifest jsdom@20.0.0
57 silly fetch manifest canvas@^2.5.0
58 timing arborist:ctor Completed in 0ms
59 http fetch GET 200 https://registry.npmjs.org/canvas 1621ms (cache miss)
60 silly placeDep ROOT jsdom@20.0.0 REPLACE for: welcome-completing-assignments@1.0.0 want: 20.0.0
61 silly fetch manifest abab@^2.0.6
62 silly fetch manifest acorn@^8.7.1
63 silly fetch manifest acorn-globals@^6.0.0
64 silly fetch manifest cssom@^0.5.0
65 silly fetch manifest cssstyle@^2.3.0
66 silly fetch manifest data-urls@^3.0.2
67 silly fetch manifest decimal.js@^10.3.1
68 silly fetch manifest domexception@^4.0.0
69 silly fetch manifest escodegen@^2.0.0
70 silly fetch manifest form-data@^4.0.0
71 silly fetch manifest html-encoding-sniffer@^3.0.0
72 silly fetch manifest http-proxy-agent@^5.0.0
73 silly fetch manifest https-proxy-agent@^5.0.1
74 silly fetch manifest is-potential-custom-element-name@^1.0.1
75 silly fetch manifest nwsapi@^2.2.0
76 silly fetch manifest parse5@^7.0.0
77 silly fetch manifest saxes@^6.0.0
78 silly fetch manifest tough-cookie@^4.0.0
79 silly fetch manifest w3c-hr-time@^1.0.2
80 silly fetch manifest w3c-xmlserializer@^3.0.0
81 silly fetch manifest webidl-conversions@^7.0.0
82 silly fetch manifest whatwg-encoding@^2.0.0
83 silly fetch manifest whatwg-mimetype@^3.0.0
84 silly fetch manifest whatwg-url@^11.0.0
85 silly fetch manifest ws@^8.8.0
86 silly fetch manifest xml-name-validator@^4.0.0
87 http fetch GET 200 https://registry.npmjs.org/abab 97ms (cache hit)
88 http fetch GET 200 https://registry.npmjs.org/acorn 98ms (cache hit)
89 http fetch GET 200 https://registry.npmjs.org/cssom 99ms (cache hit)
90 http fetch GET 200 https://registry.npmjs.org/form-data 98ms (cache hit)
91 http fetch GET 200 https://registry.npmjs.org/escodegen 100ms (cache hit)
92 http fetch GET 200 https://registry.npmjs.org/cssstyle 102ms (cache hit)
93 http fetch GET 200 https://registry.npmjs.org/parse5 100ms (cache hit)
94 http fetch GET 200 https://registry.npmjs.org/webidl-conversions 99ms (cache hit)
95 http fetch GET 200 https://registry.npmjs.org/acorn-globals 106ms (cache hit)
96 http fetch GET 200 https://registry.npmjs.org/whatwg-encoding 99ms (cache hit)
97 http fetch GET 200 https://registry.npmjs.org/html-encoding-sniffer 105ms (cache hit)
98 http fetch GET 200 https://registry.npmjs.org/tough-cookie 103ms (cache hit)
99 http fetch GET 200 https://registry.npmjs.org/whatwg-url 100ms (cache hit)
100 http fetch GET 200 https://registry.npmjs.org/xml-name-validator 99ms (cache hit)
101 http fetch GET 200 https://registry.npmjs.org/https-proxy-agent 673ms (cache miss)
102 http fetch GET 200 https://registry.npmjs.org/http-proxy-agent 680ms (cache miss)
103 http fetch GET 200 https://registry.npmjs.org/ws 874ms (cache miss)
104 http fetch GET 200 https://registry.npmjs.org/data-urls 1473ms (cache miss)
105 http fetch GET 200 https://registry.npmjs.org/decimal.js 1810ms (cache miss)
106 http fetch GET 200 https://registry.npmjs.org/domexception 1816ms (cache miss)
107 http fetch GET 200 https://registry.npmjs.org/w3c-xmlserializer 1816ms (cache miss)
108 http fetch GET 200 https://registry.npmjs.org/nwsapi 1822ms (cache miss)
109 http fetch GET 200 https://registry.npmjs.org/whatwg-mimetype 1842ms (cache miss)
110 http fetch GET 200 https://registry.npmjs.org/is-potential-custom-element-name 1856ms (cache miss)
111 http fetch GET 200 https://registry.npmjs.org/w3c-hr-time 1882ms (cache miss)
112 http fetch GET 200 https://registry.npmjs.org/saxes 1886ms (cache miss)
113 timing idealTree:#root Completed in 3530ms
114 silly fetch manifest bufferutil@^4.0.1
115 http fetch GET 200 https://registry.npmjs.org/bufferutil 1625ms (cache miss)
116 silly fetch manifest utf-8-validate@^5.0.2
117 http fetch GET 200 https://registry.npmjs.org/utf-8-validate 1459ms (cache miss)
118 silly placeDep ROOT abab@2.0.6 OK for: jsdom@20.0.0 want: ^2.0.6
119 silly placeDep ROOT acorn@8.8.0 OK for: jsdom@20.0.0 want: ^8.7.1
120 silly placeDep ROOT acorn-globals@6.0.0 OK for: jsdom@20.0.0 want: ^6.0.0
121 silly placeDep ROOT cssom@0.5.0 OK for: jsdom@20.0.0 want: ^0.5.0
122 silly placeDep ROOT cssstyle@2.3.0 OK for: jsdom@20.0.0 want: ^2.3.0
123 silly placeDep ROOT data-urls@3.0.2 OK for: jsdom@20.0.0 want: ^3.0.2
124 silly placeDep ROOT decimal.js@10.3.1 OK for: jsdom@20.0.0 want: ^10.3.1
125 silly placeDep ROOT domexception@4.0.0 OK for: jsdom@20.0.0 want: ^4.0.0
126 silly placeDep ROOT escodegen@2.0.0 OK for: jsdom@20.0.0 want: ^2.0.0
127 silly placeDep ROOT form-data@4.0.0 OK for: jsdom@20.0.0 want: ^4.0.0
128 silly placeDep ROOT html-encoding-sniffer@3.0.0 OK for: jsdom@20.0.0 want: ^3.0.0
129 silly placeDep ROOT http-proxy-agent@5.0.0 OK for: jsdom@20.0.0 want: ^5.0.0
130 silly placeDep ROOT https-proxy-agent@5.0.1 OK for: jsdom@20.0.0 want: ^5.0.1
131 silly placeDep ROOT is-potential-custom-element-name@1.0.1 OK for: jsdom@20.0.0 want: ^1.0.1
132 silly placeDep ROOT nwsapi@2.2.1 OK for: jsdom@20.0.0 want: ^2.2.0
133 silly placeDep ROOT parse5@7.0.0 OK for: jsdom@20.0.0 want: ^7.0.0
134 silly placeDep ROOT saxes@6.0.0 OK for: jsdom@20.0.0 want: ^6.0.0
135 silly placeDep ROOT tough-cookie@4.0.0 OK for: jsdom@20.0.0 want: ^4.0.0
136 silly placeDep ROOT w3c-hr-time@1.0.2 OK for: jsdom@20.0.0 want: ^1.0.2
137 silly placeDep ROOT w3c-xmlserializer@3.0.0 OK for: jsdom@20.0.0 want: ^3.0.0
138 silly placeDep ROOT webidl-conversions@7.0.0 OK for: jsdom@20.0.0 want: ^7.0.0
139 silly placeDep ROOT whatwg-encoding@2.0.0 OK for: jsdom@20.0.0 want: ^2.0.0
140 silly placeDep ROOT whatwg-mimetype@3.0.0 OK for: jsdom@20.0.0 want: ^3.0.0
141 silly placeDep ROOT whatwg-url@11.0.0 OK for: jsdom@20.0.0 want: ^11.0.0
142 silly placeDep ROOT ws@8.8.1 OK for: jsdom@20.0.0 want: ^8.8.0
143 silly placeDep ROOT xml-name-validator@4.0.0 OK for: jsdom@20.0.0 want: ^4.0.0
144 silly fetch manifest acorn@^7.1.1
145 silly fetch manifest acorn-walk@^7.1.1
146 silly fetch manifest cssom@~0.3.6
147 silly fetch manifest estraverse@^5.2.0
148 silly fetch manifest esutils@^2.0.2
149 silly fetch manifest optionator@^0.8.1
150 silly fetch manifest source-map@~0.6.1
151 silly fetch manifest asynckit@^0.4.0
152 silly fetch manifest combined-stream@^1.0.8
153 silly fetch manifest mime-types@^2.1.12
154 silly fetch manifest @tootallnate/once@2
155 silly fetch manifest agent-base@6
156 silly fetch manifest debug@4
157 silly fetch manifest entities@^4.3.0
158 silly fetch manifest xmlchars@^2.2.0
159 silly fetch manifest psl@^1.1.33
160 silly fetch manifest punycode@^2.1.1
161 silly fetch manifest universalify@^0.1.2
162 silly fetch manifest browser-process-hrtime@^1.0.0
163 silly fetch manifest iconv-lite@0.6.3
164 silly fetch manifest tr46@^3.0.0
165 http fetch GET 200 https://registry.npmjs.org/esutils 62ms (cache hit)
166 http fetch GET 200 https://registry.npmjs.org/optionator 62ms (cache hit)
167 http fetch GET 200 https://registry.npmjs.org/estraverse 65ms (cache hit)
168 http fetch GET 200 https://registry.npmjs.org/combined-stream 62ms (cache hit)
169 http fetch GET 200 https://registry.npmjs.org/asynckit 63ms (cache hit)
170 http fetch GET 200 https://registry.npmjs.org/source-map 65ms (cache hit)
171 http fetch GET 200 https://registry.npmjs.org/mime-types 64ms (cache hit)
172 http fetch GET 200 https://registry.npmjs.org/debug 62ms (cache hit)
173 http fetch GET 200 https://registry.npmjs.org/psl 61ms (cache hit)
174 http fetch GET 200 https://registry.npmjs.org/punycode 62ms (cache hit)
175 http fetch GET 200 https://registry.npmjs.org/iconv-lite 60ms (cache hit)
176 http fetch GET 200 https://registry.npmjs.org/tr46 60ms (cache hit)
177 http fetch GET 200 https://registry.npmjs.org/acorn-walk 118ms (cache miss)
178 http fetch GET 200 https://registry.npmjs.org/agent-base 130ms (cache miss)
179 http fetch GET 200 https://registry.npmjs.org/entities 167ms (cache miss)
180 http fetch GET 200 https://registry.npmjs.org/universalify 165ms (cache miss)
181 http fetch GET 200 https://registry.npmjs.org/@tootallnate%2fonce 458ms (cache miss)
182 http fetch GET 200 https://registry.npmjs.org/browser-process-hrtime 1639ms (cache miss)
183 http fetch GET 200 https://registry.npmjs.org/xmlchars 1646ms (cache miss)
184 timing idealTree:node_modules/jsdom Completed in 4780ms
185 timing idealTree:node_modules/abab Completed in 1ms
186 timing idealTree:node_modules/acorn Completed in 0ms
187 silly placeDep node_modules/acorn-globals acorn@7.4.1 OK for: acorn-globals@6.0.0 want: ^7.1.1
188 silly placeDep ROOT acorn-walk@7.2.0 OK for: acorn-globals@6.0.0 want: ^7.1.1
189 timing idealTree:node_modules/acorn-globals Completed in 5ms
190 timing idealTree:node_modules/acorn-walk Completed in 0ms
191 timing idealTree:node_modules/cssom Completed in 0ms
192 silly placeDep node_modules/cssstyle cssom@0.3.8 OK for: cssstyle@2.3.0 want: ~0.3.6
193 timing idealTree:node_modules/cssstyle Completed in 2ms
194 timing idealTree:node_modules/data-urls Completed in 0ms
195 timing idealTree:node_modules/decimal.js Completed in 0ms
196 timing idealTree:node_modules/domexception Completed in 0ms
197 silly placeDep ROOT estraverse@5.3.0 OK for: escodegen@2.0.0 want: ^5.2.0
198 silly placeDep ROOT esutils@2.0.3 OK for: escodegen@2.0.0 want: ^2.0.2
199 silly placeDep ROOT optionator@0.8.3 OK for: escodegen@2.0.0 want: ^0.8.1
200 silly placeDep ROOT source-map@0.6.1 OK for: escodegen@2.0.0 want: ~0.6.1
201 silly fetch manifest prelude-ls@~1.1.2
202 silly fetch manifest deep-is@~0.1.3
203 silly fetch manifest word-wrap@~1.2.3
204 silly fetch manifest type-check@~0.3.2
205 silly fetch manifest levn@~0.3.0
206 silly fetch manifest fast-levenshtein@~2.0.6
207 http fetch GET 200 https://registry.npmjs.org/prelude-ls 19ms (cache hit)
208 http fetch GET 200 https://registry.npmjs.org/word-wrap 19ms (cache hit)
209 http fetch GET 200 https://registry.npmjs.org/deep-is 20ms (cache hit)
210 http fetch GET 200 https://registry.npmjs.org/type-check 20ms (cache hit)
211 http fetch GET 200 https://registry.npmjs.org/fast-levenshtein 19ms (cache hit)
212 http fetch GET 200 https://registry.npmjs.org/levn 20ms (cache hit)
213 timing idealTree:node_modules/escodegen Completed in 28ms
214 timing idealTree:node_modules/estraverse Completed in 0ms
215 timing idealTree:node_modules/esutils Completed in 0ms
216 silly placeDep ROOT asynckit@0.4.0 OK for: form-data@4.0.0 want: ^0.4.0
217 silly placeDep ROOT combined-stream@1.0.8 OK for: form-data@4.0.0 want: ^1.0.8
218 silly placeDep ROOT mime-types@2.1.35 OK for: form-data@4.0.0 want: ^2.1.12
219 silly fetch manifest delayed-stream@~1.0.0
220 silly fetch manifest mime-db@1.52.0
221 http fetch GET 200 https://registry.npmjs.org/delayed-stream 8ms (cache hit)
222 http fetch GET 200 https://registry.npmjs.org/mime-db 7ms (cache hit)
223 timing idealTree:node_modules/form-data Completed in 13ms
224 timing idealTree:node_modules/asynckit Completed in 0ms
225 silly placeDep ROOT delayed-stream@1.0.0 OK for: combined-stream@1.0.8 want: ~1.0.0
226 timing idealTree:node_modules/combined-stream Completed in 2ms
227 timing idealTree:node_modules/delayed-stream Completed in 0ms
228 timing idealTree:node_modules/html-encoding-sniffer Completed in 0ms
229 silly placeDep ROOT @tootallnate/once@2.0.0 OK for: http-proxy-agent@5.0.0 want: 2
230 silly placeDep ROOT agent-base@6.0.2 OK for: http-proxy-agent@5.0.0 want: 6
231 silly placeDep node_modules/http-proxy-agent debug@4.3.4 OK for: http-proxy-agent@5.0.0 want: 4
232 silly fetch manifest ms@2.1.2
233 http fetch GET 200 https://registry.npmjs.org/ms 20ms (cache hit)
234 timing idealTree:node_modules/http-proxy-agent Completed in 25ms
235 timing idealTree:node_modules/@tootallnate/once Completed in 0ms
236 silly placeDep node_modules/agent-base debug@4.3.4 OK for: agent-base@6.0.2 want: 4
237 timing idealTree:node_modules/agent-base Completed in 1ms
238 silly placeDep node_modules/https-proxy-agent debug@4.3.4 OK for: https-proxy-agent@5.0.1 want: 4
239 timing idealTree:node_modules/https-proxy-agent Completed in 1ms
240 timing idealTree:node_modules/is-potential-custom-element-name Completed in 0ms
241 silly placeDep ROOT mime-db@1.52.0 OK for: mime-types@2.1.35 want: 1.52.0
242 timing idealTree:node_modules/mime-types Completed in 1ms
243 timing idealTree:node_modules/mime-db Completed in 0ms
244 timing idealTree:node_modules/mocha-jsdom Completed in 0ms
245 timing idealTree:node_modules/nwsapi Completed in 0ms
246 silly placeDep ROOT deep-is@0.1.4 OK for: optionator@0.8.3 want: ~0.1.3
247 silly placeDep ROOT fast-levenshtein@2.0.6 OK for: optionator@0.8.3 want: ~2.0.6
248 silly placeDep ROOT levn@0.3.0 OK for: optionator@0.8.3 want: ~0.3.0
249 silly placeDep ROOT prelude-ls@1.1.2 OK for: optionator@0.8.3 want: ~1.1.2
250 silly placeDep ROOT type-check@0.3.2 OK for: optionator@0.8.3 want: ~0.3.2
251 silly placeDep ROOT word-wrap@1.2.3 OK for: optionator@0.8.3 want: ~1.2.3
252 timing idealTree:node_modules/optionator Completed in 7ms
253 timing idealTree:node_modules/deep-is Completed in 0ms
254 timing idealTree:node_modules/fast-levenshtein Completed in 0ms
255 timing idealTree:node_modules/levn Completed in 0ms
256 silly placeDep ROOT entities@4.3.1 OK for: parse5@7.0.0 want: ^4.3.0
257 timing idealTree:node_modules/parse5 Completed in 1ms
258 timing idealTree:node_modules/entities Completed in 0ms
259 timing idealTree:node_modules/prelude-ls Completed in 0ms
260 silly placeDep ROOT xmlchars@2.2.0 OK for: saxes@6.0.0 want: ^2.2.0
261 timing idealTree:node_modules/saxes Completed in 1ms
262 timing idealTree:node_modules/source-map Completed in 0ms
263 silly placeDep ROOT psl@1.9.0 OK for: tough-cookie@4.0.0 want: ^1.1.33
264 silly placeDep ROOT punycode@2.1.1 OK for: tough-cookie@4.0.0 want: ^2.1.1
265 silly placeDep ROOT universalify@0.1.2 OK for: tough-cookie@4.0.0 want: ^0.1.2
266 timing idealTree:node_modules/tough-cookie Completed in 3ms
267 timing idealTree:node_modules/psl Completed in 0ms
268 timing idealTree:node_modules/punycode Completed in 0ms
269 timing idealTree:node_modules/type-check Completed in 0ms
270 timing idealTree:node_modules/universalify Completed in 0ms
271 silly placeDep ROOT browser-process-hrtime@1.0.0 OK for: w3c-hr-time@1.0.2 want: ^1.0.0
272 timing idealTree:node_modules/w3c-hr-time Completed in 2ms
273 timing idealTree:node_modules/browser-process-hrtime Completed in 0ms
274 timing idealTree:node_modules/w3c-xmlserializer Completed in 0ms
275 timing idealTree:node_modules/webidl-conversions Completed in 0ms
276 silly placeDep ROOT iconv-lite@0.6.3 OK for: whatwg-encoding@2.0.0 want: 0.6.3
277 silly fetch manifest safer-buffer@>= 2.1.2 < 3.0.0
278 http fetch GET 200 https://registry.npmjs.org/safer-buffer 6ms (cache hit)
279 timing idealTree:node_modules/whatwg-encoding Completed in 8ms
280 silly placeDep ROOT safer-buffer@2.1.2 OK for: iconv-lite@0.6.3 want: >= 2.1.2 < 3.0.0
281 timing idealTree:node_modules/iconv-lite Completed in 1ms
282 timing idealTree:node_modules/safer-buffer Completed in 0ms
283 timing idealTree:node_modules/whatwg-mimetype Completed in 0ms
284 silly placeDep ROOT tr46@3.0.0 OK for: whatwg-url@11.0.0 want: ^3.0.0
285 timing idealTree:node_modules/whatwg-url Completed in 1ms
286 timing idealTree:node_modules/tr46 Completed in 0ms
287 timing idealTree:node_modules/word-wrap Completed in 0ms
288 timing idealTree:node_modules/ws Completed in 0ms
289 timing idealTree:node_modules/xml-name-validator Completed in 0ms
290 timing idealTree:node_modules/xmlchars Completed in 0ms
291 timing idealTree:node_modules/acorn-globals/node_modules/acorn Completed in 0ms
292 silly placeDep node_modules/agent-base ms@2.1.2 OK for: debug@4.3.4 want: 2.1.2
293 timing idealTree:node_modules/agent-base/node_modules/debug Completed in 1ms
294 timing idealTree:node_modules/agent-base/node_modules/ms Completed in 0ms
295 timing idealTree:node_modules/cssstyle/node_modules/cssom Completed in 0ms
296 silly placeDep node_modules/http-proxy-agent ms@2.1.2 OK for: debug@4.3.4 want: 2.1.2
297 timing idealTree:node_modules/http-proxy-agent/node_modules/debug Completed in 2ms
298 timing idealTree:node_modules/http-proxy-agent/node_modules/ms Completed in 0ms
299 silly placeDep node_modules/https-proxy-agent ms@2.1.2 OK for: debug@4.3.4 want: 2.1.2
300 timing idealTree:node_modules/https-proxy-agent/node_modules/debug Completed in 1ms
301 timing idealTree:node_modules/https-proxy-agent/node_modules/ms Completed in 0ms
302 timing idealTree:buildDeps Completed in 8425ms
303 timing idealTree:fixDepFlags Completed in 2ms
304 timing idealTree Completed in 8439ms
305 timing reify:loadTrees Completed in 8439ms
306 timing reify:diffTrees Completed in 6ms
307 silly reify mark retired [
307 silly reify   '/home/mash/phase-0-completing-assignments-learn-lab-gem/node_modules/abab'
307 silly reify ]
308 silly reify mark retired [
308 silly reify   '/home/mash/phase-0-completing-assignments-learn-lab-gem/node_modules/acorn',
308 silly reify   '/home/mash/phase-0-completing-assignments-learn-lab-gem/node_modules/.bin/acorn'
308 silly reify ]
309 silly reify mark retired [
309 silly reify   '/home/mash/phase-0-completing-assignments-learn-lab-gem/node_modules/acorn-globals'
309 silly reify ]
310 silly reify mark retired [
310 silly reify   '/home/mash/phase-0-completing-assignments-learn-lab-gem/node_modules/ajv'
310 silly reify ]
311 silly reify mark retired [
311 silly reify   '/home/mash/phase-0-completing-assignments-learn-lab-gem/node_modules/array-equal'
311 silly reify ]
312 silly reify mark retired [
312 silly reify   '/home/mash/phase-0-completing-assignments-learn-lab-gem/node_modules/asn1'
312 silly reify ]
313 silly reify mark retired [
313 silly reify   '/home/mash/phase-0-completing-assignments-learn-lab-gem/node_modules/assert-plus'
313 silly reify ]
314 silly reify mark retired [
314 silly reify   '/home/mash/phase-0-completing-assignments-learn-lab-gem/node_modules/aws-sign2'
314 silly reify ]
315 silly reify mark retired [
315 silly reify   '/home/mash/phase-0-completing-assignments-learn-lab-gem/node_modules/aws4'
315 silly reify ]
316 silly reify mark retired [
316 silly reify   '/home/mash/phase-0-completing-assignments-learn-lab-gem/node_modules/bcrypt-pbkdf'
316 silly reify ]
317 silly reify mark retired [
317 silly reify   '/home/mash/phase-0-completing-assignments-learn-lab-gem/node_modules/caseless'
317 silly reify ]
318 silly reify mark retired [
318 silly reify   '/home/mash/phase-0-completing-assignments-learn-lab-gem/node_modules/content-type-parser'
318 silly reify ]
319 silly reify mark retired [
319 silly reify   '/home/mash/phase-0-completing-assignments-learn-lab-gem/node_modules/core-util-is'
319 silly reify ]
320 silly reify mark retired [
320 silly reify   '/home/mash/phase-0-completing-assignments-learn-lab-gem/node_modules/cssom'
320 silly reify ]
321 silly reify mark retired [
321 silly reify   '/home/mash/phase-0-completing-assignments-learn-lab-gem/node_modules/cssstyle'
321 silly reify ]
322 silly reify mark retired [
322 silly reify   '/home/mash/phase-0-completing-assignments-learn-lab-gem/node_modules/dashdash'
322 silly reify ]
323 silly reify mark retired [
323 silly reify   '/home/mash/phase-0-completing-assignments-learn-lab-gem/node_modules/ecc-jsbn'
323 silly reify ]
324 silly reify mark retired [
324 silly reify   '/home/mash/phase-0-completing-assignments-learn-lab-gem/node_modules/escodegen',
324 silly reify   '/home/mash/phase-0-completing-assignments-learn-lab-gem/node_modules/.bin/escodegen',
324 silly reify   '/home/mash/phase-0-completing-assignments-learn-lab-gem/node_modules/.bin/esgenerate'
324 silly reify ]
325 silly reify mark retired [
325 silly reify   '/home/mash/phase-0-completing-assignments-learn-lab-gem/node_modules/estraverse'
325 silly reify ]
326 silly reify mark retired [
326 silly reify   '/home/mash/phase-0-completing-assignments-learn-lab-gem/node_modules/extend'
326 silly reify ]
327 silly reify mark retired [
327 silly reify   '/home/mash/phase-0-completing-assignments-learn-lab-gem/node_modules/extsprintf'
327 silly reify ]
328 silly reify mark retired [
328 silly reify   '/home/mash/phase-0-completing-assignments-learn-lab-gem/node_modules/fast-deep-equal'
328 silly reify ]
329 silly reify mark retired [
329 silly reify   '/home/mash/phase-0-completing-assignments-learn-lab-gem/node_modules/fast-json-stable-stringify'
329 silly reify ]
330 silly reify mark retired [
330 silly reify   '/home/mash/phase-0-completing-assignments-learn-lab-gem/node_modules/forever-agent'
330 silly reify ]
331 silly reify mark retired [
331 silly reify   '/home/mash/phase-0-completing-assignments-learn-lab-gem/node_modules/form-data'
331 silly reify ]
332 silly reify mark retired [
332 silly reify   '/home/mash/phase-0-completing-assignments-learn-lab-gem/node_modules/getpass'
332 silly reify ]
333 silly reify mark retired [
333 silly reify   '/home/mash/phase-0-completing-assignments-learn-lab-gem/node_modules/har-schema'
333 silly reify ]
334 silly reify mark retired [
334 silly reify   '/home/mash/phase-0-completing-assignments-learn-lab-gem/node_modules/har-validator'
334 silly reify ]
335 silly reify mark retired [
335 silly reify   '/home/mash/phase-0-completing-assignments-learn-lab-gem/node_modules/html-encoding-sniffer'
335 silly reify ]
336 silly reify mark retired [
336 silly reify   '/home/mash/phase-0-completing-assignments-learn-lab-gem/node_modules/http-signature'
336 silly reify ]
337 silly reify mark retired [
337 silly reify   '/home/mash/phase-0-completing-assignments-learn-lab-gem/node_modules/iconv-lite'
337 silly reify ]
338 silly reify mark retired [
338 silly reify   '/home/mash/phase-0-completing-assignments-learn-lab-gem/node_modules/is-typedarray'
338 silly reify ]
339 silly reify mark retired [
339 silly reify   '/home/mash/phase-0-completing-assignments-learn-lab-gem/node_modules/isstream'
339 silly reify ]
340 silly reify mark retired [
340 silly reify   '/home/mash/phase-0-completing-assignments-learn-lab-gem/node_modules/jsbn'
340 silly reify ]
341 silly reify mark retired [
341 silly reify   '/home/mash/phase-0-completing-assignments-learn-lab-gem/node_modules/jsdom'
341 silly reify ]
342 silly reify mark retired [
342 silly reify   '/home/mash/phase-0-completing-assignments-learn-lab-gem/node_modules/json-schema'
342 silly reify ]
343 silly reify mark retired [
343 silly reify   '/home/mash/phase-0-completing-assignments-learn-lab-gem/node_modules/json-schema-traverse'
343 silly reify ]
344 silly reify mark retired [
344 silly reify   '/home/mash/phase-0-completing-assignments-learn-lab-gem/node_modules/json-stringify-safe'
344 silly reify ]
345 silly reify mark retired [
345 silly reify   '/home/mash/phase-0-completing-assignments-learn-lab-gem/node_modules/jsprim'
345 silly reify ]
346 silly reify mark retired [
346 silly reify   '/home/mash/phase-0-completing-assignments-learn-lab-gem/node_modules/nwmatcher'
346 silly reify ]
347 silly reify mark retired [
347 silly reify   '/home/mash/phase-0-completing-assignments-learn-lab-gem/node_modules/oauth-sign'
347 silly reify ]
348 silly reify mark retired [
348 silly reify   '/home/mash/phase-0-completing-assignments-learn-lab-gem/node_modules/parse5'
348 silly reify ]
349 silly reify mark retired [
349 silly reify   '/home/mash/phase-0-completing-assignments-learn-lab-gem/node_modules/performance-now'
349 silly reify ]
350 silly reify mark retired [
350 silly reify   '/home/mash/phase-0-completing-assignments-learn-lab-gem/node_modules/qs'
350 silly reify ]
351 silly reify mark retired [
351 silly reify   '/home/mash/phase-0-completing-assignments-learn-lab-gem/node_modules/request'
351 silly reify ]
352 silly reify mark retired [
352 silly reify   '/home/mash/phase-0-completing-assignments-learn-lab-gem/node_modules/safe-buffer'
352 silly reify ]
353 silly reify mark retired [
353 silly reify   '/home/mash/phase-0-completing-assignments-learn-lab-gem/node_modules/sax'
353 silly reify ]
354 silly reify mark retired [
354 silly reify   '/home/mash/phase-0-completing-assignments-learn-lab-gem/node_modules/sshpk',
354 silly reify   '/home/mash/phase-0-completing-assignments-learn-lab-gem/node_modules/.bin/sshpk-conv',
354 silly reify   '/home/mash/phase-0-completing-assignments-learn-lab-gem/node_modules/.bin/sshpk-sign',
354 silly reify   '/home/mash/phase-0-completing-assignments-learn-lab-gem/node_modules/.bin/sshpk-verify'
354 silly reify ]
355 silly reify mark retired [
355 silly reify   '/home/mash/phase-0-completing-assignments-learn-lab-gem/node_modules/tough-cookie'
355 silly reify ]
356 silly reify mark retired [
356 silly reify   '/home/mash/phase-0-completing-assignments-learn-lab-gem/node_modules/tr46'
356 silly reify ]
357 silly reify mark retired [
357 silly reify   '/home/mash/phase-0-completing-assignments-learn-lab-gem/node_modules/tunnel-agent'
357 silly reify ]
358 silly reify mark retired [
358 silly reify   '/home/mash/phase-0-completing-assignments-learn-lab-gem/node_modules/tweetnacl'
358 silly reify ]
359 silly reify mark retired [
359 silly reify   '/home/mash/phase-0-completing-assignments-learn-lab-gem/node_modules/uri-js'
359 silly reify ]
360 silly reify mark retired [
360 silly reify   '/home/mash/phase-0-completing-assignments-learn-lab-gem/node_modules/uuid',
360 silly reify   '/home/mash/phase-0-completing-assignments-learn-lab-gem/node_modules/.bin/uuid'
360 silly reify ]
361 silly reify mark retired [
361 silly reify   '/home/mash/phase-0-completing-assignments-learn-lab-gem/node_modules/verror'
361 silly reify ]
362 silly reify mark retired [
362 silly reify   '/home/mash/phase-0-completing-assignments-learn-lab-gem/node_modules/webidl-conversions'
362 silly reify ]
363 silly reify mark retired [
363 silly reify   '/home/mash/phase-0-completing-assignments-learn-lab-gem/node_modules/whatwg-encoding'
363 silly reify ]
364 silly reify mark retired [
364 silly reify   '/home/mash/phase-0-completing-assignments-learn-lab-gem/node_modules/whatwg-url'
364 silly reify ]
365 silly reify mark retired [
365 silly reify   '/home/mash/phase-0-completing-assignments-learn-lab-gem/node_modules/xml-name-validator'
365 silly reify ]
366 silly reify moves {
366 silly reify   '/home/mash/phase-0-completing-assignments-learn-lab-gem/node_modules/abab': '/home/mash/phase-0-completing-assignments-learn-lab-gem/node_modules/.abab-LEQQQN5C',
366 silly reify   '/home/mash/phase-0-completing-assignments-learn-lab-gem/node_modules/acorn': '/home/mash/phase-0-completing-assignments-learn-lab-gem/node_modules/.acorn-MSXw6QNO',
366 silly reify   '/home/mash/phase-0-completing-assignments-learn-lab-gem/node_modules/.bin/acorn': '/home/mash/phase-0-completing-assignments-learn-lab-gem/node_modules/.bin/.acorn-orejS2Tn',
366 silly reify   '/home/mash/phase-0-completing-assignments-learn-lab-gem/node_modules/acorn-globals': '/home/mash/phase-0-completing-assignments-learn-lab-gem/node_modules/.acorn-globals-FpRGVtFT',
366 silly reify   '/home/mash/phase-0-completing-assignments-learn-lab-gem/node_modules/ajv': '/home/mash/phase-0-completing-assignments-learn-lab-gem/node_modules/.ajv-d15fqFvC',
366 silly reify   '/home/mash/phase-0-completing-assignments-learn-lab-gem/node_modules/array-equal': '/home/mash/phase-0-completing-assignments-learn-lab-gem/node_modules/.array-equal-UHxc0MJr',
366 silly reify   '/home/mash/phase-0-completing-assignments-learn-lab-gem/node_modules/asn1': '/home/mash/phase-0-completing-assignments-learn-lab-gem/node_modules/.asn1-sDZkXxV2',
366 silly reify   '/home/mash/phase-0-completing-assignments-learn-lab-gem/node_modules/assert-plus': '/home/mash/phase-0-completing-assignments-learn-lab-gem/node_modules/.assert-plus-6X62Qten',
366 silly reify   '/home/mash/phase-0-completing-assignments-learn-lab-gem/node_modules/aws-sign2': '/home/mash/phase-0-completing-assignments-learn-lab-gem/node_modules/.aws-sign2-dRB91M7l',
366 silly reify   '/home/mash/phase-0-completing-assignments-learn-lab-gem/node_modules/aws4': '/home/mash/phase-0-completing-assignments-learn-lab-gem/node_modules/.aws4-JtlhnGHy',
366 silly reify   '/home/mash/phase-0-completing-assignments-learn-lab-gem/node_modules/bcrypt-pbkdf': '/home/mash/phase-0-completing-assignments-learn-lab-gem/node_modules/.bcrypt-pbkdf-Q7WuUFZt',
366 silly reify   '/home/mash/phase-0-completing-assignments-learn-lab-gem/node_modules/caseless': '/home/mash/phase-0-completing-assignments-learn-lab-gem/node_modules/.caseless-fHDeKwkI',
366 silly reify   '/home/mash/phase-0-completing-assignments-learn-lab-gem/node_modules/content-type-parser': '/home/mash/phase-0-completing-assignments-learn-lab-gem/node_modules/.content-type-parser-qW8xgrP6',
366 silly reify   '/home/mash/phase-0-completing-assignments-learn-lab-gem/node_modules/core-util-is': '/home/mash/phase-0-completing-assignments-learn-lab-gem/node_modules/.core-util-is-BP7wbA1t',
366 silly reify   '/home/mash/phase-0-completing-assignments-learn-lab-gem/node_modules/cssom': '/home/mash/phase-0-completing-assignments-learn-lab-gem/node_modules/.cssom-uL13UZF3',
366 silly reify   '/home/mash/phase-0-completing-assignments-learn-lab-gem/node_modules/cssstyle': '/home/mash/phase-0-completing-assignments-learn-lab-gem/node_modules/.cssstyle-cKQPOofj',
366 silly reify   '/home/mash/phase-0-completing-assignments-learn-lab-gem/node_modules/dashdash': '/home/mash/phase-0-completing-assignments-learn-lab-gem/node_modules/.dashdash-KD1OHpej',
366 silly reify   '/home/mash/phase-0-completing-assignments-learn-lab-gem/node_modules/ecc-jsbn': '/home/mash/phase-0-completing-assignments-learn-lab-gem/node_modules/.ecc-jsbn-LufJ24NJ',
366 silly reify   '/home/mash/phase-0-completing-assignments-learn-lab-gem/node_modules/escodegen': '/home/mash/phase-0-completing-assignments-learn-lab-gem/node_modules/.escodegen-MjQnQR82',
366 silly reify   '/home/mash/phase-0-completing-assignments-learn-lab-gem/node_modules/.bin/escodegen': '/home/mash/phase-0-completing-assignments-learn-lab-gem/node_modules/.bin/.escodegen-lvoHnC2z',
366 silly reify   '/home/mash/phase-0-completing-assignments-learn-lab-gem/node_modules/.bin/esgenerate': '/home/mash/phase-0-completing-assignments-learn-lab-gem/node_modules/.bin/.esgenerate-kyh6vYEH',
366 silly reify   '/home/mash/phase-0-completing-assignments-learn-lab-gem/node_modules/estraverse': '/home/mash/phase-0-completing-assignments-learn-lab-gem/node_modules/.estraverse-5fyQHRF8',
366 silly reify   '/home/mash/phase-0-completing-assignments-learn-lab-gem/node_modules/extend': '/home/mash/phase-0-completing-assignments-learn-lab-gem/node_modules/.extend-0wEsoyqW',
366 silly reify   '/home/mash/phase-0-completing-assignments-learn-lab-gem/node_modules/extsprintf': '/home/mash/phase-0-completing-assignments-learn-lab-gem/node_modules/.extsprintf-PzS4YC9T',
366 silly reify   '/home/mash/phase-0-completing-assignments-learn-lab-gem/node_modules/fast-deep-equal': '/home/mash/phase-0-completing-assignments-learn-lab-gem/node_modules/.fast-deep-equal-YL2doEwr',
366 silly reify   '/home/mash/phase-0-completing-assignments-learn-lab-gem/node_modules/fast-json-stable-stringify': '/home/mash/phase-0-completing-assignments-learn-lab-gem/node_modules/.fast-json-stable-stringify-suxKgPml',
366 silly reify   '/home/mash/phase-0-completing-assignments-learn-lab-gem/node_modules/forever-agent': '/home/mash/phase-0-completing-assignments-learn-lab-gem/node_modules/.forever-agent-Q5Iv4pZt',
366 silly reify   '/home/mash/phase-0-completing-assignments-learn-lab-gem/node_modules/form-data': '/home/mash/phase-0-completing-assignments-learn-lab-gem/node_modules/.form-data-2WUjo2Yc',
366 silly reify   '/home/mash/phase-0-completing-assignments-learn-lab-gem/node_modules/getpass': '/home/mash/phase-0-completing-assignments-learn-lab-gem/node_modules/.getpass-ulgsmDJP',
366 silly reify   '/home/mash/phase-0-completing-assignments-learn-lab-gem/node_modules/har-schema': '/home/mash/phase-0-completing-assignments-learn-lab-gem/node_modules/.har-schema-5xu8G16U',
366 silly reify   '/home/mash/phase-0-completing-assignments-learn-lab-gem/node_modules/har-validator': '/home/mash/phase-0-completing-assignments-learn-lab-gem/node_modules/.har-validator-ry78K6jc',
366 silly reify   '/home/mash/phase-0-completing-assignments-learn-lab-gem/node_modules/html-encoding-sniffer': '/home/mash/phase-0-completing-assignments-learn-lab-gem/node_modules/.html-encoding-sniffer-cLEqoKJP',
366 silly reify   '/home/mash/phase-0-completing-assignments-learn-lab-gem/node_modules/http-signature': '/home/mash/phase-0-completing-assignments-learn-lab-gem/node_modules/.http-signature-a337ca1C',
366 silly reify   '/home/mash/phase-0-completing-assignments-learn-lab-gem/node_modules/iconv-lite': '/home/mash/phase-0-completing-assignments-learn-lab-gem/node_modules/.iconv-lite-elIHzNZr',
366 silly reify   '/home/mash/phase-0-completing-assignments-learn-lab-gem/node_modules/is-typedarray': '/home/mash/phase-0-completing-assignments-learn-lab-gem/node_modules/.is-typedarray-tarkV2Qy',
366 silly reify   '/home/mash/phase-0-completing-assignments-learn-lab-gem/node_modules/isstream': '/home/mash/phase-0-completing-assignments-learn-lab-gem/node_modules/.isstream-tgfoxR67',
366 silly reify   '/home/mash/phase-0-completing-assignments-learn-lab-gem/node_modules/jsbn': '/home/mash/phase-0-completing-assignments-learn-lab-gem/node_modules/.jsbn-LRP3Dl54',
366 silly reify   '/home/mash/phase-0-completing-assignments-learn-lab-gem/node_modules/jsdom': '/home/mash/phase-0-completing-assignments-learn-lab-gem/node_modules/.jsdom-TPMF2Pr5',
366 silly reify   '/home/mash/phase-0-completing-assignments-learn-lab-gem/node_modules/json-schema': '/home/mash/phase-0-completing-assignments-learn-lab-gem/node_modules/.json-schema-Ez9n9vnu',
366 silly reify   '/home/mash/phase-0-completing-assignments-learn-lab-gem/node_modules/json-schema-traverse': '/home/mash/phase-0-completing-assignments-learn-lab-gem/node_modules/.json-schema-traverse-xChuRMqj',
366 silly reify   '/home/mash/phase-0-completing-assignments-learn-lab-gem/node_modules/json-stringify-safe': '/home/mash/phase-0-completing-assignments-learn-lab-gem/node_modules/.json-stringify-safe-2pvJ7ddu',
366 silly reify   '/home/mash/phase-0-completing-assignments-learn-lab-gem/node_modules/jsprim': '/home/mash/phase-0-completing-assignments-learn-lab-gem/node_modules/.jsprim-tXMKNJf3',
366 silly reify   '/home/mash/phase-0-completing-assignments-learn-lab-gem/node_modules/nwmatcher': '/home/mash/phase-0-completing-assignments-learn-lab-gem/node_modules/.nwmatcher-jbFWEQVB',
366 silly reify   '/home/mash/phase-0-completing-assignments-learn-lab-gem/node_modules/oauth-sign': '/home/mash/phase-0-completing-assignments-learn-lab-gem/node_modules/.oauth-sign-4prZdwoN',
366 silly reify   '/home/mash/phase-0-completing-assignments-learn-lab-gem/node_modules/parse5': '/home/mash/phase-0-completing-assignments-learn-lab-gem/node_modules/.parse5-cIziXR68',
366 silly reify   '/home/mash/phase-0-completing-assignments-learn-lab-gem/node_modules/performance-now': '/home/mash/phase-0-completing-assignments-learn-lab-gem/node_modules/.performance-now-fCGWEFqT',
366 silly reify   '/home/mash/phase-0-completing-assignments-learn-lab-gem/node_modules/qs': '/home/mash/phase-0-completing-assignments-learn-lab-gem/node_modules/.qs-KtuJrqsX',
366 silly reify   '/home/mash/phase-0-completing-assignments-learn-lab-gem/node_modules/request': '/home/mash/phase-0-completing-assignments-learn-lab-gem/node_modules/.request-U120Ki3a',
366 silly reify   '/home/mash/phase-0-completing-assignments-learn-lab-gem/node_modules/safe-buffer': '/home/mash/phase-0-completing-assignments-learn-lab-gem/node_modules/.safe-buffer-9To2Mwop',
366 silly reify   '/home/mash/phase-0-completing-assignments-learn-lab-gem/node_modules/sax': '/home/mash/phase-0-completing-assignments-learn-lab-gem/node_modules/.sax-z4hP7eAU',
366 silly reify   '/home/mash/phase-0-completing-assignments-learn-lab-gem/node_modules/sshpk': '/home/mash/phase-0-completing-assignments-learn-lab-gem/node_modules/.sshpk-L0ObOVZe',
366 silly reify   '/home/mash/phase-0-completing-assignments-learn-lab-gem/node_modules/.bin/sshpk-conv': '/home/mash/phase-0-completing-assignments-learn-lab-gem/node_modules/.bin/.sshpk-conv-BNVorMuC',
366 silly reify   '/home/mash/phase-0-completing-assignments-learn-lab-gem/node_modules/.bin/sshpk-sign': '/home/mash/phase-0-completing-assignments-learn-lab-gem/node_modules/.bin/.sshpk-sign-5toi1WJk',
366 silly reify   '/home/mash/phase-0-completing-assignments-learn-lab-gem/node_modules/.bin/sshpk-verify': '/home/mash/phase-0-completing-assignments-learn-lab-gem/node_modules/.bin/.sshpk-verify-gvqtgnju',
366 silly reify   '/home/mash/phase-0-completing-assignments-learn-lab-gem/node_modules/tough-cookie': '/home/mash/phase-0-completing-assignments-learn-lab-gem/node_modules/.tough-cookie-qjqd5nnS',
366 silly reify   '/home/mash/phase-0-completing-assignments-learn-lab-gem/node_modules/tr46': '/home/mash/phase-0-completing-assignments-learn-lab-gem/node_modules/.tr46-Elidy97V',
366 silly reify   '/home/mash/phase-0-completing-assignments-learn-lab-gem/node_modules/tunnel-agent': '/home/mash/phase-0-completing-assignments-learn-lab-gem/node_modules/.tunnel-agent-2N61pdRk',
366 silly reify   '/home/mash/phase-0-completing-assignments-learn-lab-gem/node_modules/tweetnacl': '/home/mash/phase-0-completing-assignments-learn-lab-gem/node_modules/.tweetnacl-6DuIUEmR',
366 silly reify   '/home/mash/phase-0-completing-assignments-learn-lab-gem/node_modules/uri-js': '/home/mash/phase-0-completing-assignments-learn-lab-gem/node_modules/.uri-js-EttOg6fm',
366 silly reify   '/home/mash/phase-0-completing-assignments-learn-lab-gem/node_modules/uuid': '/home/mash/phase-0-completing-assignments-learn-lab-gem/node_modules/.uuid-zzPXwgw6',
366 silly reify   '/home/mash/phase-0-completing-assignments-learn-lab-gem/node_modules/.bin/uuid': '/home/mash/phase-0-completing-assignments-learn-lab-gem/node_modules/.bin/.uuid-sSqiDC7b',
366 silly reify   '/home/mash/phase-0-completing-assignments-learn-lab-gem/node_modules/verror': '/home/mash/phase-0-completing-assignments-learn-lab-gem/node_modules/.verror-VORYYPBR',
366 silly reify   '/home/mash/phase-0-completing-assignments-learn-lab-gem/node_modules/webidl-conversions': '/home/mash/phase-0-completing-assignments-learn-lab-gem/node_modules/.webidl-conversions-f20ul2pN',
366 silly reify   '/home/mash/phase-0-completing-assignments-learn-lab-gem/node_modules/whatwg-encoding': '/home/mash/phase-0-completing-assignments-learn-lab-gem/node_modules/.whatwg-encoding-cshHnlyH',
366 silly reify   '/home/mash/phase-0-completing-assignments-learn-lab-gem/node_modules/whatwg-url': '/home/mash/phase-0-completing-assignments-learn-lab-gem/node_modules/.whatwg-url-YhusgWyL',
366 silly reify   '/home/mash/phase-0-completing-assignments-learn-lab-gem/node_modules/xml-name-validator': '/home/mash/phase-0-completing-assignments-learn-lab-gem/node_modules/.xml-name-validator-o2Fqp65o'
366 silly reify }
367 timing reify:retireShallow Completed in 24ms
368 timing reify:createSparse Completed in 14ms
369 timing reify:loadBundles Completed in 0ms
370 silly audit bulk request {
370 silly audit   'ansi-colors': [ '3.2.3' ],
370 silly audit   'ansi-regex': [ '3.0.1', '4.1.1' ],
370 silly audit   'ansi-styles': [ '3.2.1' ],
370 silly audit   argparse: [ '1.0.10' ],
370 silly audit   'array-events': [ '0.2.0' ],
370 silly audit   'array.prototype.reduce': [ '1.0.4' ],
370 silly audit   'assertion-error': [ '1.1.0' ],
370 silly audit   'async-arrays': [ '1.0.1' ],
370 silly audit   'available-typed-arrays': [ '1.0.5' ],
370 silly audit   'balanced-match': [ '1.0.2' ],
370 silly audit   'bit-mask': [ '1.0.2' ],
370 silly audit   'brace-expansion': [ '1.1.11' ],
370 silly audit   'browser-stdout': [ '1.3.1' ],
370 silly audit   'call-bind': [ '1.0.2' ],
370 silly audit   'call-me-maybe': [ '1.0.1' ],
370 silly audit   camelcase: [ '5.3.1' ],
370 silly audit   chai: [ '3.5.0' ],
370 silly audit   'chai-fs': [ '2.0.0' ],
370 silly audit   chalk: [ '2.4.2' ],
370 silly audit   'supports-color': [ '5.5.0', '6.0.0' ],
370 silly audit   cliui: [ '5.0.0' ],
370 silly audit   'string-width': [ '3.1.0', '2.1.1' ],
370 silly audit   'strip-ansi': [ '5.2.0', '4.0.0' ],
370 silly audit   'color-convert': [ '1.9.3' ],
370 silly audit   'color-name': [ '1.1.3' ],
370 silly audit   'concat-map': [ '0.0.1' ],
370 silly audit   debug: [ '3.2.6', '4.3.4' ],
370 silly audit   decamelize: [ '1.2.0' ],
370 silly audit   'deep-eql': [ '0.1.3' ],
370 silly audit   'type-detect': [ '0.1.1', '1.0.0' ],
370 silly audit   'define-properties': [ '1.1.4' ],
370 silly audit   diff: [ '3.5.0' ],
370 silly audit   'emoji-regex': [ '7.0.3' ],
370 silly audit   'es-abstract': [ '1.20.1' ],
370 silly audit   'object.assign': [ '4.1.2', '4.1.0' ],
370 silly audit   'es-array-method-boxes-properly': [ '1.0.0' ],
370 silly audit   'es-get-iterator': [ '1.1.2' ],
370 silly audit   'es-to-primitive': [ '1.2.1' ],
370 silly audit   'es6-promise': [ '4.2.8' ],
370 silly audit   'escape-string-regexp': [ '1.0.5' ],
370 silly audit   esprima: [ '4.0.1' ],
370 silly audit   expect: [ '1.20.2' ],
370 silly audit   'extended-emitter': [ '1.1.0' ],
370 silly audit   'find-up': [ '3.0.0' ],
370 silly audit   flat: [ '4.1.1' ],
370 silly audit   'for-each': [ '0.3.3' ],
370 silly audit   'fs.realpath': [ '1.0.0' ],
370 silly audit   'function-bind': [ '1.1.1' ],
370 silly audit   'function.prototype.name': [ '1.1.5' ],
370 silly audit   'functions-have-names': [ '1.2.3' ],
370 silly audit   'get-caller-file': [ '2.0.5' ],
370 silly audit   'get-intrinsic': [ '1.1.2' ],
370 silly audit   'get-symbol-description': [ '1.0.0' ],
370 silly audit   glob: [ '7.1.3' ],
370 silly audit   'glob-to-regexp': [ '0.3.0' ],
370 silly audit   growl: [ '1.10.5' ],
370 silly audit   has: [ '1.0.3' ],
370 silly audit   'has-bigints': [ '1.0.2' ],
370 silly audit   'has-flag': [ '3.0.0' ],
370 silly audit   'has-property-descriptors': [ '1.0.0' ],
370 silly audit   'has-symbols': [ '1.0.3' ],
370 silly audit   'has-tostringtag': [ '1.0.0' ],
370 silly audit   he: [ '1.2.0' ],
370 silly audit   inflight: [ '1.0.6' ],
370 silly audit   inherits: [ '2.0.4' ],
370 silly audit   'internal-slot': [ '1.0.3' ],
370 silly audit   'is-arguments': [ '1.1.1' ],
370 silly audit   'is-arrow-function': [ '2.0.3' ],
370 silly audit   'is-async-function': [ '2.0.0' ],
370 silly audit   'is-bigint': [ '1.0.4' ],
370 silly audit   'is-boolean-object': [ '1.1.2' ],
370 silly audit   'is-buffer': [ '2.0.5' ],
370 silly audit   'is-callable': [ '1.2.4' ],
370 silly audit   'is-date-object': [ '1.0.5' ],
370 silly audit   'is-equal': [ '1.6.4' ],
370 silly audit   'is-finalizationregistry': [ '1.0.2' ],
370 silly audit   'is-fullwidth-code-point': [ '2.0.0' ],
370 silly audit   'is-generator-function': [ '1.0.10' ],
370 silly audit   'is-map': [ '2.0.2' ],
370 silly audit   'is-negative-zero': [ '2.0.2' ],
370 silly audit   'is-number-object': [ '1.0.7' ],
370 silly audit   'is-regex': [ '1.1.4' ],
370 silly audit   'is-set': [ '2.0.2' ],
370 silly audit   'is-shared-array-buffer': [ '1.0.2' ],
370 silly audit   'is-string': [ '1.0.7' ],
370 silly audit   'is-symbol': [ '1.0.4' ],
370 silly audit   'is-typed-array': [ '1.1.9' ],
370 silly audit   'is-weakmap': [ '2.0.1' ],
370 silly audit   'is-weakref': [ '1.0.2' ],
370 silly audit   'is-weakset': [ '2.0.2' ],
370 silly audit   isarray: [ '2.0.5' ],
370 silly audit   isexe: [ '2.0.0' ],
370 silly audit   'js-yaml': [ '3.13.1' ],
370 silly audit   'locate-path': [ '3.0.0' ],
370 silly audit   lodash: [ '4.17.21' ],
370 silly audit   'lodash.once': [ '4.1.1' ],
370 silly audit   'log-symbols': [ '2.2.0' ],
370 silly audit   minimatch: [ '3.0.4' ],
370 silly audit   minimist: [ '1.2.6' ],
370 silly audit   mkdirp: [ '0.5.4', '1.0.4' ],
370 silly audit   mocha: [ '6.2.3' ],
370 silly audit   'mocha-jsdom': [ '1.1.0' ],
370 silly audit   'mocha-multi': [ '1.1.6' ],
370 silly audit   ms: [ '2.1.2', '2.1.1' ],
370 silly audit   'node-environment-flags': [ '1.0.5' ],
370 silly audit   'object-assign': [ '4.1.1' ],
370 silly audit   'object-inspect': [ '1.12.2' ],
370 silly audit   'object-keys': [ '1.1.1' ],
370 silly audit   'object.entries': [ '1.1.5' ],
370 silly audit   'object.getownpropertydescriptors': [ '2.1.4' ],
370 silly audit   'object.getprototypeof': [ '1.0.3' ],
370 silly audit   once: [ '1.4.0' ],
370 silly audit   'p-limit': [ '2.3.0' ],
370 silly audit   'p-locate': [ '3.0.0' ],
370 silly audit   'p-try': [ '2.2.0' ],
370 silly audit   'path-exists': [ '3.0.0' ],
370 silly audit   'path-is-absolute': [ '1.0.1' ],
370 silly audit   'readdir-enhanced': [ '1.5.2' ],
370 silly audit   'reflect.getprototypeof': [ '1.0.2' ],
370 silly audit   'regexp.prototype.flags': [ '1.4.3' ],
370 silly audit   'require-directory': [ '2.1.1' ],
370 silly audit   'require-main-filename': [ '2.0.0' ],
370 silly audit   semver: [ '5.7.1' ],
370 silly audit   'set-blocking': [ '2.0.0' ],
370 silly audit   'side-channel': [ '1.0.4' ],
370 silly audit   sift: [ '16.0.0' ],
370 silly audit   'sprintf-js': [ '1.0.3' ],
370 silly audit   'string.prototype.trimend': [ '1.0.5' ],
370 silly audit   'string.prototype.trimstart': [ '1.0.5' ],
370 silly audit   'strip-json-comments': [ '2.0.1' ],
370 silly audit   'symbol-tree': [ '3.2.4' ],
370 silly audit   tmatch: [ '2.0.1' ],
370 silly audit   'unbox-primitive': [ '1.0.2' ],
370 silly audit   which: [ '1.3.1' ],
370 silly audit   'which-boxed-primitive': [ '1.0.2' ],
370 silly audit   'which-builtin-type': [ '1.1.2' ],
370 silly audit   'which-collection': [ '1.0.1' ],
370 silly audit   'which-module': [ '2.0.0' ],
370 silly audit   'which-typed-array': [ '1.1.8' ],
370 silly audit   'wide-align': [ '1.1.3' ],
370 silly audit   'wolfy87-eventemitter': [ '5.2.9' ],
370 silly audit   'wrap-ansi': [ '5.1.0' ],
370 silly audit   wrappy: [ '1.0.2' ],
370 silly audit   y18n: [ '4.0.3' ],
370 silly audit   yargs: [ '13.3.2' ],
370 silly audit   'yargs-parser': [ '13.1.2' ],
370 silly audit   'yargs-unparser': [ '1.6.0' ],
370 silly audit   jsdom: [ '20.0.0' ],
370 silly audit   abab: [ '2.0.6' ],
370 silly audit   acorn: [ '8.8.0', '7.4.1' ],
370 silly audit   'acorn-globals': [ '6.0.0' ],
370 silly audit   cssom: [ '0.5.0', '0.3.8' ],
370 silly audit   cssstyle: [ '2.3.0' ],
370 silly audit   'data-urls': [ '3.0.2' ],
370 silly audit   'decimal.js': [ '10.3.1' ],
370 silly audit   domexception: [ '4.0.0' ],
370 silly audit   escodegen: [ '2.0.0' ],
370 silly audit   'form-data': [ '4.0.0' ],
370 silly audit   'html-encoding-sniffer': [ '3.0.0' ],
370 silly audit   'http-proxy-agent': [ '5.0.0' ],
370 silly audit   'https-proxy-agent': [ '5.0.1' ],
370 silly audit   'is-potential-custom-element-name': [ '1.0.1' ],
370 silly audit   nwsapi: [ '2.2.1' ],
370 silly audit   parse5: [ '7.0.0' ],
370 silly audit   saxes: [ '6.0.0' ],
370 silly audit   'tough-cookie': [ '4.0.0' ],
370 silly audit   'w3c-hr-time': [ '1.0.2' ],
370 silly audit   'w3c-xmlserializer': [ '3.0.0' ],
370 silly audit   'webidl-conversions': [ '7.0.0' ],
370 silly audit   'whatwg-encoding': [ '2.0.0' ],
370 silly audit   'whatwg-mimetype': [ '3.0.0' ],
370 silly audit   'whatwg-url': [ '11.0.0' ],
370 silly audit   ws: [ '8.8.1' ],
370 silly audit   'xml-name-validator': [ '4.0.0' ],
370 silly audit   'acorn-walk': [ '7.2.0' ],
370 silly audit   estraverse: [ '5.3.0' ],
370 silly audit   esutils: [ '2.0.3' ],
370 silly audit   optionator: [ '0.8.3' ],
370 silly audit   'source-map': [ '0.6.1' ],
370 silly audit   asynckit: [ '0.4.0' ],
370 silly audit   'combined-stream': [ '1.0.8' ],
370 silly audit   'mime-types': [ '2.1.35' ],
370 silly audit   'delayed-stream': [ '1.0.0' ],
370 silly audit   '@tootallnate/once': [ '2.0.0' ],
370 silly audit   'agent-base': [ '6.0.2' ],
370 silly audit   'mime-db': [ '1.52.0' ],
370 silly audit   'deep-is': [ '0.1.4' ],
370 silly audit   'fast-levenshtein': [ '2.0.6' ],
370 silly audit   levn: [ '0.3.0' ],
370 silly audit   'prelude-ls': [ '1.1.2' ],
370 silly audit   'type-check': [ '0.3.2' ],
370 silly audit   'word-wrap': [ '1.2.3' ],
370 silly audit   entities: [ '4.3.1' ],
370 silly audit   xmlchars: [ '2.2.0' ],
370 silly audit   psl: [ '1.9.0' ],
370 silly audit   punycode: [ '2.1.1' ],
370 silly audit   universalify: [ '0.1.2' ],
370 silly audit   'browser-process-hrtime': [ '1.0.0' ],
370 silly audit   'iconv-lite': [ '0.6.3' ],
370 silly audit   'safer-buffer': [ '2.1.2' ],
370 silly audit   tr46: [ '3.0.0' ]
370 silly audit }
371 silly tarball no local data for browser-process-hrtime@https://registry.npmjs.org/browser-process-hrtime/-/browser-process-hrtime-1.0.0.tgz. Extracting by manifest.
372 silly tarball no local data for universalify@https://registry.npmjs.org/universalify/-/universalify-0.1.2.tgz. Extracting by manifest.
373 silly tarball no local data for xmlchars@https://registry.npmjs.org/xmlchars/-/xmlchars-2.2.0.tgz. Extracting by manifest.
374 silly tarball no local data for entities@https://registry.npmjs.org/entities/-/entities-4.3.1.tgz. Extracting by manifest.
375 silly tarball no local data for agent-base@https://registry.npmjs.org/agent-base/-/agent-base-6.0.2.tgz. Extracting by manifest.
376 silly tarball no local data for @tootallnate/once@https://registry.npmjs.org/@tootallnate/once/-/once-2.0.0.tgz. Extracting by manifest.
377 silly tarball no local data for acorn-walk@https://registry.npmjs.org/acorn-walk/-/acorn-walk-7.2.0.tgz. Extracting by manifest.
378 silly tarball no local data for ws@https://registry.npmjs.org/ws/-/ws-8.8.1.tgz. Extracting by manifest.
379 silly tarball no local data for whatwg-mimetype@https://registry.npmjs.org/whatwg-mimetype/-/whatwg-mimetype-3.0.0.tgz. Extracting by manifest.
380 silly tarball no local data for w3c-xmlserializer@https://registry.npmjs.org/w3c-xmlserializer/-/w3c-xmlserializer-3.0.0.tgz. Extracting by manifest.
381 silly tarball no local data for w3c-hr-time@https://registry.npmjs.org/w3c-hr-time/-/w3c-hr-time-1.0.2.tgz. Extracting by manifest.
382 silly tarball no local data for saxes@https://registry.npmjs.org/saxes/-/saxes-6.0.0.tgz. Extracting by manifest.
383 silly tarball no local data for nwsapi@https://registry.npmjs.org/nwsapi/-/nwsapi-2.2.1.tgz. Extracting by manifest.
384 silly tarball no local data for is-potential-custom-element-name@https://registry.npmjs.org/is-potential-custom-element-name/-/is-potential-custom-element-name-1.0.1.tgz. Extracting by manifest.
385 silly tarball no local data for https-proxy-agent@https://registry.npmjs.org/https-proxy-agent/-/https-proxy-agent-5.0.1.tgz. Extracting by manifest.
386 silly tarball no local data for http-proxy-agent@https://registry.npmjs.org/http-proxy-agent/-/http-proxy-agent-5.0.0.tgz. Extracting by manifest.
387 silly tarball no local data for domexception@https://registry.npmjs.org/domexception/-/domexception-4.0.0.tgz. Extracting by manifest.
388 silly tarball no local data for decimal.js@https://registry.npmjs.org/decimal.js/-/decimal.js-10.3.1.tgz. Extracting by manifest.
389 silly tarball no local data for data-urls@https://registry.npmjs.org/data-urls/-/data-urls-3.0.2.tgz. Extracting by manifest.
390 silly tarball no local data for xml-name-validator@https://registry.npmjs.org/xml-name-validator/-/xml-name-validator-4.0.0.tgz. Extracting by manifest.
391 silly tarball no local data for whatwg-encoding@https://registry.npmjs.org/whatwg-encoding/-/whatwg-encoding-2.0.0.tgz. Extracting by manifest.
392 silly tarball no local data for webidl-conversions@https://registry.npmjs.org/webidl-conversions/-/webidl-conversions-7.0.0.tgz. Extracting by manifest.
393 silly tarball no local data for tr46@https://registry.npmjs.org/tr46/-/tr46-3.0.0.tgz. Extracting by manifest.
394 silly tarball no local data for parse5@https://registry.npmjs.org/parse5/-/parse5-7.0.0.tgz. Extracting by manifest.
395 silly tarball no local data for tough-cookie@https://registry.npmjs.org/tough-cookie/-/tough-cookie-4.0.0.tgz. Extracting by manifest.
396 silly tarball no local data for jsdom@https://registry.npmjs.org/jsdom/-/jsdom-20.0.0.tgz. Extracting by manifest.
397 silly tarball no local data for iconv-lite@https://registry.npmjs.org/iconv-lite/-/iconv-lite-0.6.3.tgz. Extracting by manifest.
398 silly tarball no local data for html-encoding-sniffer@https://registry.npmjs.org/html-encoding-sniffer/-/html-encoding-sniffer-3.0.0.tgz. Extracting by manifest.
399 silly tarball no local data for form-data@https://registry.npmjs.org/form-data/-/form-data-4.0.0.tgz. Extracting by manifest.
400 silly tarball no local data for escodegen@https://registry.npmjs.org/escodegen/-/escodegen-2.0.0.tgz. Extracting by manifest.
401 silly tarball no local data for estraverse@https://registry.npmjs.org/estraverse/-/estraverse-5.3.0.tgz. Extracting by manifest.
402 silly tarball no local data for cssstyle@https://registry.npmjs.org/cssstyle/-/cssstyle-2.3.0.tgz. Extracting by manifest.
403 silly tarball no local data for cssom@https://registry.npmjs.org/cssom/-/cssom-0.5.0.tgz. Extracting by manifest.
404 silly tarball no local data for acorn@https://registry.npmjs.org/acorn/-/acorn-7.4.1.tgz. Extracting by manifest.
405 silly tarball no local data for acorn@https://registry.npmjs.org/acorn/-/acorn-8.8.0.tgz. Extracting by manifest.
406 silly tarball no local data for abab@https://registry.npmjs.org/abab/-/abab-2.0.6.tgz. Extracting by manifest.
407 silly tarball no local data for acorn-globals@https://registry.npmjs.org/acorn-globals/-/acorn-globals-6.0.0.tgz. Extracting by manifest.
408 silly tarball no local data for whatwg-url@https://registry.npmjs.org/whatwg-url/-/whatwg-url-11.0.0.tgz. Extracting by manifest.
409 timing reifyNode:node_modules/agent-base/node_modules/ms Completed in 162ms
410 timing reifyNode:node_modules/https-proxy-agent/node_modules/ms Completed in 162ms
411 timing reifyNode:node_modules/http-proxy-agent/node_modules/ms Completed in 162ms
412 timing reifyNode:node_modules/agent-base/node_modules/debug Completed in 167ms
413 timing reifyNode:node_modules/http-proxy-agent/node_modules/debug Completed in 167ms
414 timing reifyNode:node_modules/https-proxy-agent/node_modules/debug Completed in 168ms
415 timing reifyNode:node_modules/cssstyle/node_modules/cssom Completed in 170ms
416 http fetch GET 200 https://registry.npmjs.org/browser-process-hrtime/-/browser-process-hrtime-1.0.0.tgz 200ms (cache miss)
417 timing reifyNode:node_modules/browser-process-hrtime Completed in 238ms
418 http fetch GET 200 https://registry.npmjs.org/universalify/-/universalify-0.1.2.tgz 210ms (cache miss)
419 timing reifyNode:node_modules/universalify Completed in 249ms
420 http fetch GET 200 https://registry.npmjs.org/xmlchars/-/xmlchars-2.2.0.tgz 209ms (cache miss)
421 timing reifyNode:node_modules/xmlchars Completed in 250ms
422 http fetch GET 200 https://registry.npmjs.org/agent-base/-/agent-base-6.0.2.tgz 251ms (cache miss)
423 timing reifyNode:node_modules/agent-base Completed in 293ms
424 http fetch GET 200 https://registry.npmjs.org/acorn-walk/-/acorn-walk-7.2.0.tgz 255ms (cache miss)
425 timing reifyNode:node_modules/acorn-walk Completed in 299ms
426 http fetch GET 200 https://registry.npmjs.org/ws/-/ws-8.8.1.tgz 263ms (cache miss)
427 timing reifyNode:node_modules/ws Completed in 310ms
428 http fetch POST 200 https://registry.npmjs.org/-/npm/v1/security/advisories/bulk 519ms
429 timing auditReport:getReport Completed in 522ms
430 silly audit report {}
431 timing auditReport:init Completed in 0ms
432 timing reify:audit Completed in 522ms
433 http fetch GET 200 https://registry.npmjs.org/whatwg-mimetype/-/whatwg-mimetype-3.0.0.tgz 529ms (cache miss)
434 timing reifyNode:node_modules/whatwg-mimetype Completed in 577ms
435 http fetch GET 200 https://registry.npmjs.org/w3c-hr-time/-/w3c-hr-time-1.0.2.tgz 533ms (cache miss)
436 timing reifyNode:node_modules/w3c-hr-time Completed in 583ms
437 http fetch GET 200 https://registry.npmjs.org/data-urls/-/data-urls-3.0.2.tgz 524ms (cache miss)
438 timing reifyNode:node_modules/data-urls Completed in 583ms
439 http fetch GET 200 https://registry.npmjs.org/xml-name-validator/-/xml-name-validator-4.0.0.tgz 526ms (cache miss)
440 timing reifyNode:node_modules/xml-name-validator Completed in 586ms
441 http fetch GET 200 https://registry.npmjs.org/http-proxy-agent/-/http-proxy-agent-5.0.0.tgz 533ms (cache miss)
442 timing reifyNode:node_modules/http-proxy-agent Completed in 588ms
443 http fetch GET 200 https://registry.npmjs.org/domexception/-/domexception-4.0.0.tgz 533ms (cache miss)
444 timing reifyNode:node_modules/domexception Completed in 589ms
445 http fetch GET 200 https://registry.npmjs.org/w3c-xmlserializer/-/w3c-xmlserializer-3.0.0.tgz 541ms (cache miss)
446 timing reifyNode:node_modules/w3c-xmlserializer Completed in 591ms
447 http fetch GET 200 https://registry.npmjs.org/https-proxy-agent/-/https-proxy-agent-5.0.1.tgz 537ms (cache miss)
448 timing reifyNode:node_modules/https-proxy-agent Completed in 590ms
449 http fetch GET 200 https://registry.npmjs.org/decimal.js/-/decimal.js-10.3.1.tgz 548ms (cache miss)
450 timing reifyNode:node_modules/decimal.js Completed in 605ms
451 http fetch GET 200 https://registry.npmjs.org/entities/-/entities-4.3.1.tgz 574ms (cache miss)
452 timing reifyNode:node_modules/entities Completed in 616ms
453 http fetch GET 200 https://registry.npmjs.org/webidl-conversions/-/webidl-conversions-7.0.0.tgz 568ms (cache miss)
454 timing reifyNode:node_modules/webidl-conversions Completed in 631ms
455 http fetch GET 200 https://registry.npmjs.org/whatwg-encoding/-/whatwg-encoding-2.0.0.tgz 905ms (cache miss)
456 timing reifyNode:node_modules/whatwg-encoding Completed in 967ms
457 http fetch GET 200 https://registry.npmjs.org/is-potential-custom-element-name/-/is-potential-custom-element-name-1.0.1.tgz 918ms (cache miss)
458 timing reifyNode:node_modules/is-potential-custom-element-name Completed in 971ms
459 http fetch GET 200 https://registry.npmjs.org/html-encoding-sniffer/-/html-encoding-sniffer-3.0.0.tgz 907ms (cache miss)
460 timing reifyNode:node_modules/html-encoding-sniffer Completed in 980ms
461 http fetch GET 200 https://registry.npmjs.org/estraverse/-/estraverse-5.3.0.tgz 905ms (cache miss)
462 timing reifyNode:node_modules/estraverse Completed in 981ms
463 http fetch GET 200 https://registry.npmjs.org/tough-cookie/-/tough-cookie-4.0.0.tgz 918ms (cache miss)
464 timing reifyNode:node_modules/tough-cookie Completed in 989ms
465 http fetch GET 200 https://registry.npmjs.org/form-data/-/form-data-4.0.0.tgz 918ms (cache miss)
466 timing reifyNode:node_modules/form-data Completed in 992ms
467 http fetch GET 200 https://registry.npmjs.org/escodegen/-/escodegen-2.0.0.tgz 921ms (cache miss)
468 timing reifyNode:node_modules/escodegen Completed in 996ms
469 http fetch GET 200 https://registry.npmjs.org/tr46/-/tr46-3.0.0.tgz 936ms (cache miss)
470 timing reifyNode:node_modules/tr46 Completed in 999ms
471 http fetch GET 200 https://registry.npmjs.org/nwsapi/-/nwsapi-2.2.1.tgz 960ms (cache miss)
472 timing reifyNode:node_modules/nwsapi Completed in 1012ms
473 http fetch GET 200 https://registry.npmjs.org/saxes/-/saxes-6.0.0.tgz 979ms (cache miss)
474 timing reifyNode:node_modules/saxes Completed in 1031ms
475 http fetch GET 200 https://registry.npmjs.org/cssom/-/cssom-0.5.0.tgz 976ms (cache miss)
476 timing reifyNode:node_modules/cssom Completed in 1117ms
477 http fetch GET 200 https://registry.npmjs.org/parse5/-/parse5-7.0.0.tgz 1085ms (cache miss)
478 timing reifyNode:node_modules/parse5 Completed in 1150ms
479 http fetch GET 200 https://registry.npmjs.org/cssstyle/-/cssstyle-2.3.0.tgz 1082ms (cache miss)
480 timing reifyNode:node_modules/cssstyle Completed in 1160ms
481 http fetch GET 200 https://registry.npmjs.org/acorn/-/acorn-7.4.1.tgz 1125ms (cache miss)
482 timing reifyNode:node_modules/acorn-globals/node_modules/acorn Completed in 1211ms
483 http fetch GET 200 https://registry.npmjs.org/acorn-globals/-/acorn-globals-6.0.0.tgz 1123ms (cache miss)
484 timing reifyNode:node_modules/acorn-globals Completed in 1213ms
485 http fetch GET 200 https://registry.npmjs.org/abab/-/abab-2.0.6.tgz 1124ms (cache miss)
486 timing reifyNode:node_modules/abab Completed in 1213ms
487 http fetch GET 200 https://registry.npmjs.org/whatwg-url/-/whatwg-url-11.0.0.tgz 1146ms (cache miss)
488 timing reifyNode:node_modules/whatwg-url Completed in 1238ms
489 http fetch GET 200 https://registry.npmjs.org/acorn/-/acorn-8.8.0.tgz 1249ms (cache miss)
490 timing reifyNode:node_modules/acorn Completed in 1337ms
491 http fetch GET 200 https://registry.npmjs.org/jsdom/-/jsdom-20.0.0.tgz 1424ms (cache miss)
492 timing reifyNode:node_modules/jsdom Completed in 1496ms
493 http fetch GET 200 https://registry.npmjs.org/iconv-lite/-/iconv-lite-0.6.3.tgz 1440ms (cache miss)
494 timing reifyNode:node_modules/iconv-lite Completed in 1512ms
495 http fetch GET 200 https://registry.npmjs.org/@tootallnate/once/-/once-2.0.0.tgz 1755ms (cache miss)
496 timing reifyNode:node_modules/@tootallnate/once Completed in 1799ms
497 timing reify:unpack Completed in 1801ms
498 timing reify:unretire Completed in 1ms
499 timing build:queue Completed in 5ms
500 timing build:link:node_modules/acorn Completed in 4ms
501 timing build:link:node_modules/escodegen Completed in 4ms
502 timing build:link:node_modules/acorn-globals/node_modules/acorn Completed in 3ms
503 timing build:link Completed in 5ms
504 timing build:deps Completed in 10ms
505 timing build Completed in 11ms
506 timing reify:build Completed in 11ms
507 timing reify:trash Completed in 170ms
508 timing reify:save Completed in 55ms
509 timing reify Completed in 10556ms
510 silly ADD node_modules/browser-process-hrtime
511 silly ADD node_modules/universalify
512 silly ADD node_modules/xmlchars
513 silly ADD node_modules/entities
514 silly ADD node_modules/agent-base
515 silly ADD node_modules/agent-base/node_modules/ms
516 silly ADD node_modules/agent-base/node_modules/debug
517 silly ADD node_modules/@tootallnate/once
518 silly ADD node_modules/acorn-walk
519 silly ADD node_modules/ws
520 silly ADD node_modules/whatwg-mimetype
521 silly ADD node_modules/w3c-xmlserializer
522 silly ADD node_modules/w3c-hr-time
523 silly ADD node_modules/saxes
524 silly ADD node_modules/nwsapi
525 silly ADD node_modules/is-potential-custom-element-name
526 silly ADD node_modules/https-proxy-agent
527 silly ADD node_modules/https-proxy-agent/node_modules/ms
528 silly ADD node_modules/https-proxy-agent/node_modules/debug
529 silly ADD node_modules/http-proxy-agent
530 silly ADD node_modules/http-proxy-agent/node_modules/ms
531 silly ADD node_modules/http-proxy-agent/node_modules/debug
532 silly ADD node_modules/domexception
533 silly ADD node_modules/decimal.js
534 silly ADD node_modules/data-urls
535 silly CHANGE node_modules/xml-name-validator
536 silly CHANGE node_modules/whatwg-url
537 silly REMOVE node_modules/whatwg-url/node_modules/webidl-conversions
538 silly CHANGE node_modules/whatwg-encoding
539 silly CHANGE node_modules/webidl-conversions
540 silly REMOVE node_modules/verror
541 silly REMOVE node_modules/uuid
542 silly REMOVE node_modules/uri-js
543 silly REMOVE node_modules/tweetnacl
544 silly REMOVE node_modules/tunnel-agent
545 silly CHANGE node_modules/tr46
546 silly CHANGE node_modules/tough-cookie
547 silly REMOVE node_modules/sshpk
548 silly REMOVE node_modules/sax
549 silly REMOVE node_modules/safe-buffer
550 silly REMOVE node_modules/request
551 silly REMOVE node_modules/qs
552 silly REMOVE node_modules/performance-now
553 silly CHANGE node_modules/parse5
554 silly REMOVE node_modules/oauth-sign
555 silly REMOVE node_modules/nwmatcher
556 silly REMOVE node_modules/jsprim
557 silly REMOVE node_modules/json-stringify-safe
558 silly REMOVE node_modules/json-schema-traverse
559 silly REMOVE node_modules/json-schema
560 silly CHANGE node_modules/jsdom
561 silly REMOVE node_modules/jsbn
562 silly REMOVE node_modules/isstream
563 silly REMOVE node_modules/is-typedarray
564 silly CHANGE node_modules/iconv-lite
565 silly REMOVE node_modules/http-signature
566 silly CHANGE node_modules/html-encoding-sniffer
567 silly REMOVE node_modules/har-validator
568 silly REMOVE node_modules/har-schema
569 silly REMOVE node_modules/getpass
570 silly CHANGE node_modules/form-data
571 silly REMOVE node_modules/forever-agent
572 silly REMOVE node_modules/fast-json-stable-stringify
573 silly REMOVE node_modules/fast-deep-equal
574 silly REMOVE node_modules/extsprintf
575 silly REMOVE node_modules/extend
576 silly CHANGE node_modules/estraverse
577 silly CHANGE node_modules/escodegen
578 silly REMOVE node_modules/ecc-jsbn
579 silly REMOVE node_modules/dashdash
580 silly CHANGE node_modules/cssstyle
581 silly ADD node_modules/cssstyle/node_modules/cssom
582 silly CHANGE node_modules/cssom
583 silly REMOVE node_modules/core-util-is
584 silly REMOVE node_modules/content-type-parser
585 silly REMOVE node_modules/caseless
586 silly REMOVE node_modules/bcrypt-pbkdf
587 silly REMOVE node_modules/aws4
588 silly REMOVE node_modules/aws-sign2
589 silly REMOVE node_modules/assert-plus
590 silly REMOVE node_modules/asn1
591 silly REMOVE node_modules/array-equal
592 silly REMOVE node_modules/ajv
593 silly CHANGE node_modules/acorn-globals
594 silly ADD node_modules/acorn-globals/node_modules/acorn
595 silly CHANGE node_modules/acorn
596 silly CHANGE node_modules/abab
597 timing command:audit Completed in 11696ms
598 verbose exit 0
599 timing npm Completed in 11790ms
600 info ok
