0 verbose cli /home/mash/.nvm/versions/node/v18.6.0/bin/node /home/mash/.nvm/versions/node/v18.6.0/bin/npm
1 info using npm@8.13.2
2 info using node@v18.6.0
3 timing npm:load:whichnode Completed in 0ms
4 timing config:load:defaults Completed in 3ms
5 timing config:load:file:/home/mash/.nvm/versions/node/v18.6.0/lib/node_modules/npm/npmrc Completed in 3ms
6 timing config:load:builtin Completed in 4ms
7 timing config:load:cli Completed in 7ms
8 timing config:load:env Completed in 1ms
9 timing config:load:project Completed in 11ms
10 timing config:load:file:/home/mash/.npmrc Completed in 1ms
11 timing config:load:user Completed in 1ms
12 timing config:load:file:/home/mash/.nvm/versions/node/v18.6.0/etc/npmrc Completed in 1ms
13 timing config:load:global Completed in 1ms
14 timing config:load:validate Completed in 0ms
15 timing config:load:credentials Completed in 3ms
16 timing config:load:setEnvs Completed in 2ms
17 timing config:load Completed in 35ms
18 timing npm:load:configload Completed in 36ms
19 timing npm:load:mkdirpcache Completed in 3ms
20 timing npm:load:mkdirplogs Completed in 1ms
21 verbose title npm install
22 verbose argv "install"
23 timing npm:load:setTitle Completed in 2ms
24 timing config:load:flatten Completed in 9ms
25 timing npm:load:display Completed in 14ms
26 verbose logfile logs-max:10 dir:/home/mash/.npm/_logs
27 verbose logfile /home/mash/.npm/_logs/2022-08-01T20_37_59_389Z-debug-0.log
28 timing npm:load:logFile Completed in 16ms
29 timing npm:load:timers Completed in 1ms
30 timing npm:load:configScope Completed in 0ms
31 timing npm:load Completed in 75ms
32 timing arborist:ctor Completed in 2ms
33 silly logfile start cleaning logs, removing 2 files
34 silly logfile done cleaning log files
35 timing idealTree:init Completed in 40ms
36 timing idealTree:userRequests Completed in 2ms
37 silly idealTree buildDeps
38 timing idealTree:#root Completed in 0ms
39 timing idealTree:buildDeps Completed in 5ms
40 timing idealTree:fixDepFlags Completed in 0ms
41 timing idealTree Completed in 51ms
42 timing reify:loadTrees Completed in 60ms
43 timing reify:diffTrees Completed in 2ms
44 silly reify moves {}
45 timing reify:retireShallow Completed in 3ms
46 timing reify:createSparse Completed in 0ms
47 timing reify:loadBundles Completed in 0ms
48 silly audit report null
49 timing reify:audit Completed in 2ms
50 timing reify:unpack Completed in 1ms
51 timing reify:unretire Completed in 0ms
52 timing build:queue Completed in 0ms
53 timing build:deps Completed in 1ms
54 timing build Completed in 1ms
55 timing reify:build Completed in 2ms
56 timing reify:trash Completed in 0ms
57 timing reify:save Completed in 7ms
58 timing reify Completed in 124ms
59 timing command:install Completed in 133ms
60 verbose stack Error: ENOENT: no such file or directory, open '/home/mash/package.json'
61 verbose cwd /home/mash
62 verbose Linux 5.10.16.3-microsoft-standard-WSL2
63 verbose node v18.6.0
64 verbose npm  v8.13.2
65 error code ENOENT
66 error syscall open
67 error path /home/mash/package.json
68 error errno -2
69 error enoent ENOENT: no such file or directory, open '/home/mash/package.json'
70 error enoent This is related to npm not being able to find a file.
70 error enoent
71 verbose exit -2
72 timing npm Completed in 474ms
73 verbose code -2
74 error A complete log of this run can be found in:
74 error     /home/mash/.npm/_logs/2022-08-01T20_37_59_389Z-debug-0.log
