[2022-08-04T07:49:15.342Z] Log level: Info
[2022-08-04T07:49:15.362Z] [info] Validating found git in: git
[2022-08-04T07:49:15.520Z] [info] Using git 2.37.1 from git
[2022-08-04T07:49:16.785Z] > git rev-parse --show-toplevel [1221ms]
[2022-08-04T07:49:16.844Z] > git rev-parse --git-dir --git-common-dir [48ms]
[2022-08-04T07:49:16.854Z] [info] Open repository: /home/mash
[2022-08-04T07:49:17.245Z] > git show --textconv :phase-0-html-tag-lab/index.html [12ms]
[2022-08-04T07:49:17.253Z] > git ls-files --stage -- /home/mash/phase-0-html-tag-lab/index.html [9ms]
[2022-08-04T07:49:17.489Z] > git check-ignore -v -z --stdin [8ms]
[2022-08-04T07:49:17.519Z] > git status -z -uall [651ms]
[2022-08-04T07:49:17.526Z] > git symbolic-ref --short HEAD [1ms]
[2022-08-04T07:49:17.537Z] > git for-each-ref --format=%(refname)%00%(upstream:short)%00%(objectname)%00%(upstream:track)%00%(upstream:remotename)%00%(upstream:remoteref) refs/heads/main refs/remotes/main [3ms]
[2022-08-04T07:49:17.560Z] > git remote --verbose [11ms]
[2022-08-04T07:49:17.561Z] > git for-each-ref --sort -committerdate --format %(refname) %(objectname) %(*objectname) [18ms]
[2022-08-04T07:49:17.579Z] > git config --get commit.template [2ms]
[2022-08-04T07:49:17.677Z] > git status -z -uall [86ms]
[2022-08-04T07:49:17.683Z] > git symbolic-ref --short HEAD [1ms]
[2022-08-04T07:49:17.692Z] > git for-each-ref --format=%(refname)%00%(upstream:short)%00%(objectname)%00%(upstream:track)%00%(upstream:remotename)%00%(upstream:remoteref) refs/heads/main refs/remotes/main [2ms]
[2022-08-04T07:49:17.711Z] > git remote --verbose [2ms]
[2022-08-04T07:49:17.712Z] > git for-each-ref --sort -committerdate --format %(refname) %(objectname) %(*objectname) [9ms]
[2022-08-04T07:49:17.727Z] > git config --get commit.template [1ms]
[2022-08-04T07:49:19.816Z] > git status -z -uall [61ms]
[2022-08-04T07:49:19.822Z] > git symbolic-ref --short HEAD [1ms]
[2022-08-04T07:49:19.829Z] > git for-each-ref --format=%(refname)%00%(upstream:short)%00%(objectname)%00%(upstream:track)%00%(upstream:remotename)%00%(upstream:remoteref) refs/heads/main refs/remotes/main [1ms]
[2022-08-04T07:49:19.842Z] > git for-each-ref --sort -committerdate --format %(refname) %(objectname) %(*objectname) [8ms]
[2022-08-04T07:49:19.843Z] > git remote --verbose [3ms]
[2022-08-04T07:49:19.854Z] > git config --get commit.template [2ms]
[2022-08-04T07:49:24.921Z] > git status -z -uall [59ms]
[2022-08-04T07:49:24.927Z] > git symbolic-ref --short HEAD [1ms]
[2022-08-04T07:49:24.934Z] > git for-each-ref --format=%(refname)%00%(upstream:short)%00%(objectname)%00%(upstream:track)%00%(upstream:remotename)%00%(upstream:remoteref) refs/heads/main refs/remotes/main [2ms]
[2022-08-04T07:49:24.946Z] > git for-each-ref --sort -committerdate --format %(refname) %(objectname) %(*objectname) [6ms]
[2022-08-04T07:49:24.947Z] > git remote --verbose [2ms]
[2022-08-04T07:49:24.961Z] > git config --get commit.template [1ms]
[2022-08-04T07:49:50.632Z] > git status -z -uall [63ms]
[2022-08-04T07:49:50.638Z] > git symbolic-ref --short HEAD [2ms]
[2022-08-04T07:49:50.645Z] > git for-each-ref --format=%(refname)%00%(upstream:short)%00%(objectname)%00%(upstream:track)%00%(upstream:remotename)%00%(upstream:remoteref) refs/heads/main refs/remotes/main [2ms]
[2022-08-04T07:49:50.657Z] > git for-each-ref --sort -committerdate --format %(refname) %(objectname) %(*objectname) [6ms]
[2022-08-04T07:49:50.658Z] > git remote --verbose [2ms]
[2022-08-04T07:49:50.669Z] > git config --get commit.template [1ms]
[2022-08-04T07:49:55.726Z] > git status -z -uall [48ms]
[2022-08-04T07:49:55.731Z] > git symbolic-ref --short HEAD [1ms]
[2022-08-04T07:49:55.738Z] > git for-each-ref --format=%(refname)%00%(upstream:short)%00%(objectname)%00%(upstream:track)%00%(upstream:remotename)%00%(upstream:remoteref) refs/heads/main refs/remotes/main [1ms]
[2022-08-04T07:49:55.747Z] > git for-each-ref --sort -committerdate --format %(refname) %(objectname) %(*objectname) [5ms]
[2022-08-04T07:49:55.747Z] > git remote --verbose [2ms]
[2022-08-04T07:49:55.756Z] > git config --get commit.template [1ms]
[2022-08-04T07:50:00.815Z] > git status -z -uall [51ms]
[2022-08-04T07:50:00.822Z] > git symbolic-ref --short HEAD [1ms]
[2022-08-04T07:50:00.827Z] > git for-each-ref --format=%(refname)%00%(upstream:short)%00%(objectname)%00%(upstream:track)%00%(upstream:remotename)%00%(upstream:remoteref) refs/heads/main refs/remotes/main [1ms]
[2022-08-04T07:50:00.837Z] > git remote --verbose [2ms]
[2022-08-04T07:50:00.838Z] > git for-each-ref --sort -committerdate --format %(refname) %(objectname) %(*objectname) [6ms]
[2022-08-04T07:50:00.847Z] > git config --get commit.template [1ms]
[2022-08-04T07:50:05.907Z] > git status -z -uall [54ms]
[2022-08-04T07:50:05.912Z] > git symbolic-ref --short HEAD [1ms]
[2022-08-04T07:50:05.918Z] > git for-each-ref --format=%(refname)%00%(upstream:short)%00%(objectname)%00%(upstream:track)%00%(upstream:remotename)%00%(upstream:remoteref) refs/heads/main refs/remotes/main [1ms]
[2022-08-04T07:50:05.928Z] > git for-each-ref --sort -committerdate --format %(refname) %(objectname) %(*objectname) [5ms]
[2022-08-04T07:50:05.929Z] > git remote --verbose [2ms]
[2022-08-04T07:50:05.939Z] > git config --get commit.template [1ms]
[2022-08-04T07:50:10.997Z] > git status -z -uall [49ms]
[2022-08-04T07:50:11.003Z] > git symbolic-ref --short HEAD [2ms]
[2022-08-04T07:50:11.009Z] > git for-each-ref --format=%(refname)%00%(upstream:short)%00%(objectname)%00%(upstream:track)%00%(upstream:remotename)%00%(upstream:remoteref) refs/heads/main refs/remotes/main [1ms]
[2022-08-04T07:50:11.018Z] > git remote --verbose [2ms]
[2022-08-04T07:50:11.019Z] > git for-each-ref --sort -committerdate --format %(refname) %(objectname) %(*objectname) [6ms]
[2022-08-04T07:50:11.026Z] > git config --get commit.template [0ms]
[2022-08-04T07:50:16.099Z] > git status -z -uall [61ms]
[2022-08-04T07:50:16.104Z] > git symbolic-ref --short HEAD [1ms]
[2022-08-04T07:50:16.110Z] > git for-each-ref --format=%(refname)%00%(upstream:short)%00%(objectname)%00%(upstream:track)%00%(upstream:remotename)%00%(upstream:remoteref) refs/heads/main refs/remotes/main [2ms]
[2022-08-04T07:50:16.119Z] > git remote --verbose [2ms]
[2022-08-04T07:50:16.119Z] > git for-each-ref --sort -committerdate --format %(refname) %(objectname) %(*objectname) [5ms]
[2022-08-04T07:50:16.130Z] > git config --get commit.template [2ms]
[2022-08-04T07:50:19.469Z] > git check-ignore -v -z --stdin [4ms]
[2022-08-04T07:50:21.190Z] > git status -z -uall [51ms]
[2022-08-04T07:50:21.195Z] > git symbolic-ref --short HEAD [1ms]
[2022-08-04T07:50:21.203Z] > git for-each-ref --format=%(refname)%00%(upstream:short)%00%(objectname)%00%(upstream:track)%00%(upstream:remotename)%00%(upstream:remoteref) refs/heads/main refs/remotes/main [3ms]
[2022-08-04T07:50:21.215Z] > git for-each-ref --sort -committerdate --format %(refname) %(objectname) %(*objectname) [6ms]
[2022-08-04T07:50:21.215Z] > git remote --verbose [2ms]
[2022-08-04T07:50:21.224Z] > git config --get commit.template [1ms]
[2022-08-04T07:50:26.284Z] > git status -z -uall [52ms]
[2022-08-04T07:50:26.290Z] > git symbolic-ref --short HEAD [1ms]
[2022-08-04T07:50:26.296Z] > git for-each-ref --format=%(refname)%00%(upstream:short)%00%(objectname)%00%(upstream:track)%00%(upstream:remotename)%00%(upstream:remoteref) refs/heads/main refs/remotes/main [1ms]
[2022-08-04T07:50:26.305Z] > git remote --verbose [1ms]
[2022-08-04T07:50:26.305Z] > git for-each-ref --sort -committerdate --format %(refname) %(objectname) %(*objectname) [5ms]
[2022-08-04T07:50:26.314Z] > git config --get commit.template [1ms]
[2022-08-04T07:50:31.376Z] > git status -z -uall [53ms]
[2022-08-04T07:50:31.381Z] > git symbolic-ref --short HEAD [1ms]
[2022-08-04T07:50:31.388Z] > git for-each-ref --format=%(refname)%00%(upstream:short)%00%(objectname)%00%(upstream:track)%00%(upstream:remotename)%00%(upstream:remoteref) refs/heads/main refs/remotes/main [2ms]
[2022-08-04T07:50:31.397Z] > git for-each-ref --sort -committerdate --format %(refname) %(objectname) %(*objectname) [5ms]
[2022-08-04T07:50:31.398Z] > git remote --verbose [1ms]
[2022-08-04T07:50:31.408Z] > git config --get commit.template [2ms]
[2022-08-04T07:50:36.467Z] > git status -z -uall [52ms]
[2022-08-04T07:50:36.472Z] > git symbolic-ref --short HEAD [1ms]
[2022-08-04T07:50:36.479Z] > git for-each-ref --format=%(refname)%00%(upstream:short)%00%(objectname)%00%(upstream:track)%00%(upstream:remotename)%00%(upstream:remoteref) refs/heads/main refs/remotes/main [1ms]
[2022-08-04T07:50:36.488Z] > git for-each-ref --sort -committerdate --format %(refname) %(objectname) %(*objectname) [5ms]
[2022-08-04T07:50:36.488Z] > git remote --verbose [1ms]
[2022-08-04T07:50:36.497Z] > git config --get commit.template [1ms]
[2022-08-04T07:50:39.041Z] > git check-ignore -v -z --stdin [4ms]
[2022-08-04T07:50:41.862Z] > git status -z -uall [49ms]
[2022-08-04T07:50:41.871Z] > git symbolic-ref --short HEAD [3ms]
[2022-08-04T07:50:41.877Z] > git for-each-ref --format=%(refname)%00%(upstream:short)%00%(objectname)%00%(upstream:track)%00%(upstream:remotename)%00%(upstream:remoteref) refs/heads/main refs/remotes/main [1ms]
[2022-08-04T07:50:41.890Z] > git for-each-ref --sort -committerdate --format %(refname) %(objectname) %(*objectname) [7ms]
[2022-08-04T07:50:41.890Z] > git remote --verbose [1ms]
[2022-08-04T07:50:41.899Z] > git config --get commit.template [1ms]
[2022-08-04T07:57:23.201Z] > git check-ignore -v -z --stdin [4ms]
[2022-08-04T07:57:42.631Z] > git status -z -uall [71ms]
[2022-08-04T07:57:42.637Z] > git symbolic-ref --short HEAD [1ms]
[2022-08-04T07:57:42.650Z] > git for-each-ref --format=%(refname)%00%(upstream:short)%00%(objectname)%00%(upstream:track)%00%(upstream:remotename)%00%(upstream:remoteref) refs/heads/main refs/remotes/main [7ms]
[2022-08-04T07:57:42.663Z] > git remote --verbose [2ms]
[2022-08-04T07:57:42.663Z] > git for-each-ref --sort -committerdate --format %(refname) %(objectname) %(*objectname) [7ms]
[2022-08-04T07:57:42.674Z] > git config --get commit.template [1ms]
[2022-08-04T07:57:47.387Z] > git check-ignore -v -z --stdin [4ms]
[2022-08-04T07:57:47.729Z] > git status -z -uall [49ms]
[2022-08-04T07:57:47.735Z] > git symbolic-ref --short HEAD [1ms]
[2022-08-04T07:57:47.741Z] > git for-each-ref --format=%(refname)%00%(upstream:short)%00%(objectname)%00%(upstream:track)%00%(upstream:remotename)%00%(upstream:remoteref) refs/heads/main refs/remotes/main [1ms]
[2022-08-04T07:57:47.751Z] > git for-each-ref --sort -committerdate --format %(refname) %(objectname) %(*objectname) [6ms]
[2022-08-04T07:57:47.752Z] > git remote --verbose [2ms]
[2022-08-04T07:57:47.761Z] > git config --get commit.template [2ms]
[2022-08-04T07:57:51.304Z] > git show --textconv :phase-0-html-link-tag-with-href/index.html [11ms]
[2022-08-04T07:57:51.308Z] > git ls-files --stage -- /home/mash/phase-0-html-link-tag-with-href/index.html [7ms]
[2022-08-04T07:57:52.834Z] > git status -z -uall [56ms]
[2022-08-04T07:57:52.839Z] > git symbolic-ref --short HEAD [1ms]
[2022-08-04T07:57:52.845Z] > git for-each-ref --format=%(refname)%00%(upstream:short)%00%(objectname)%00%(upstream:track)%00%(upstream:remotename)%00%(upstream:remoteref) refs/heads/main refs/remotes/main [1ms]
[2022-08-04T07:57:52.854Z] > git for-each-ref --sort -committerdate --format %(refname) %(objectname) %(*objectname) [5ms]
[2022-08-04T07:57:52.855Z] > git remote --verbose [2ms]
[2022-08-04T07:57:52.864Z] > git config --get commit.template [1ms]
[2022-08-04T07:57:57.919Z] > git status -z -uall [48ms]
[2022-08-04T07:57:57.927Z] > git symbolic-ref --short HEAD [2ms]
[2022-08-04T07:57:57.934Z] > git for-each-ref --format=%(refname)%00%(upstream:short)%00%(objectname)%00%(upstream:track)%00%(upstream:remotename)%00%(upstream:remoteref) refs/heads/main refs/remotes/main [2ms]
[2022-08-04T07:57:57.943Z] > git for-each-ref --sort -committerdate --format %(refname) %(objectname) %(*objectname) [5ms]
[2022-08-04T07:57:57.943Z] > git remote --verbose [1ms]
[2022-08-04T07:57:57.953Z] > git config --get commit.template [2ms]
[2022-08-04T07:58:03.033Z] > git status -z -uall [71ms]
[2022-08-04T07:58:03.039Z] > git symbolic-ref --short HEAD [1ms]
[2022-08-04T07:58:03.044Z] > git for-each-ref --format=%(refname)%00%(upstream:short)%00%(objectname)%00%(upstream:track)%00%(upstream:remotename)%00%(upstream:remoteref) refs/heads/main refs/remotes/main [1ms]
[2022-08-04T07:58:03.053Z] > git for-each-ref --sort -committerdate --format %(refname) %(objectname) %(*objectname) [5ms]
[2022-08-04T07:58:03.053Z] > git remote --verbose [1ms]
[2022-08-04T07:58:03.062Z] > git config --get commit.template [2ms]
[2022-08-04T07:58:08.127Z] > git status -z -uall [56ms]
[2022-08-04T07:58:08.135Z] > git symbolic-ref --short HEAD [2ms]
[2022-08-04T07:58:08.141Z] > git for-each-ref --format=%(refname)%00%(upstream:short)%00%(objectname)%00%(upstream:track)%00%(upstream:remotename)%00%(upstream:remoteref) refs/heads/main refs/remotes/main [1ms]
[2022-08-04T07:58:08.151Z] > git for-each-ref --sort -committerdate --format %(refname) %(objectname) %(*objectname) [6ms]
[2022-08-04T07:58:08.152Z] > git remote --verbose [2ms]
[2022-08-04T07:58:08.162Z] > git config --get commit.template [2ms]
[2022-08-04T08:05:50.755Z] > git status -z -uall [167ms]
[2022-08-04T08:05:50.769Z] > git symbolic-ref --short HEAD [6ms]
[2022-08-04T08:05:50.775Z] > git for-each-ref --format=%(refname)%00%(upstream:short)%00%(objectname)%00%(upstream:track)%00%(upstream:remotename)%00%(upstream:remoteref) refs/heads/main refs/remotes/main [1ms]
[2022-08-04T08:05:50.786Z] > git remote --verbose [1ms]
[2022-08-04T08:05:50.787Z] > git for-each-ref --sort -committerdate --format %(refname) %(objectname) %(*objectname) [7ms]
[2022-08-04T08:05:50.795Z] > git config --get commit.template [1ms]
[2022-08-04T08:05:55.937Z] > git status -z -uall [135ms]
[2022-08-04T08:05:55.945Z] > git symbolic-ref --short HEAD [2ms]
[2022-08-04T08:05:55.952Z] > git for-each-ref --format=%(refname)%00%(upstream:short)%00%(objectname)%00%(upstream:track)%00%(upstream:remotename)%00%(upstream:remoteref) refs/heads/main refs/remotes/main [2ms]
[2022-08-04T08:05:55.967Z] > git for-each-ref --sort -committerdate --format %(refname) %(objectname) %(*objectname) [7ms]
[2022-08-04T08:05:55.967Z] > git remote --verbose [2ms]
[2022-08-04T08:05:55.988Z] > git config --get commit.template [2ms]
[2022-08-04T08:06:01.049Z] > git status -z -uall [54ms]
[2022-08-04T08:06:01.054Z] > git symbolic-ref --short HEAD [1ms]
[2022-08-04T08:06:01.061Z] > git for-each-ref --format=%(refname)%00%(upstream:short)%00%(objectname)%00%(upstream:track)%00%(upstream:remotename)%00%(upstream:remoteref) refs/heads/main refs/remotes/main [2ms]
[2022-08-04T08:06:01.070Z] > git for-each-ref --sort -committerdate --format %(refname) %(objectname) %(*objectname) [6ms]
[2022-08-04T08:06:01.070Z] > git remote --verbose [1ms]
[2022-08-04T08:06:01.081Z] > git config --get commit.template [1ms]
[2022-08-04T08:06:06.152Z] > git status -z -uall [63ms]
[2022-08-04T08:06:06.158Z] > git symbolic-ref --short HEAD [1ms]
[2022-08-04T08:06:06.167Z] > git for-each-ref --format=%(refname)%00%(upstream:short)%00%(objectname)%00%(upstream:track)%00%(upstream:remotename)%00%(upstream:remoteref) refs/heads/main refs/remotes/main [1ms]
[2022-08-04T08:06:06.179Z] > git remote --verbose [4ms]
[2022-08-04T08:06:06.180Z] > git for-each-ref --sort -committerdate --format %(refname) %(objectname) %(*objectname) [9ms]
[2022-08-04T08:06:06.189Z] > git config --get commit.template [1ms]
[2022-08-04T08:06:11.243Z] > git status -z -uall [48ms]
[2022-08-04T08:06:11.249Z] > git symbolic-ref --short HEAD [2ms]
[2022-08-04T08:06:11.254Z] > git for-each-ref --format=%(refname)%00%(upstream:short)%00%(objectname)%00%(upstream:track)%00%(upstream:remotename)%00%(upstream:remoteref) refs/heads/main refs/remotes/main [1ms]
[2022-08-04T08:06:11.263Z] > git for-each-ref --sort -committerdate --format %(refname) %(objectname) %(*objectname) [5ms]
[2022-08-04T08:06:11.264Z] > git remote --verbose [2ms]
[2022-08-04T08:06:11.271Z] > git config --get commit.template [1ms]
[2022-08-04T08:06:16.323Z] > git status -z -uall [47ms]
[2022-08-04T08:06:16.330Z] > git symbolic-ref --short HEAD [2ms]
[2022-08-04T08:06:16.336Z] > git for-each-ref --format=%(refname)%00%(upstream:short)%00%(objectname)%00%(upstream:track)%00%(upstream:remotename)%00%(upstream:remoteref) refs/heads/main refs/remotes/main [1ms]
[2022-08-04T08:06:16.347Z] > git remote --verbose [2ms]
[2022-08-04T08:06:16.347Z] > git for-each-ref --sort -committerdate --format %(refname) %(objectname) %(*objectname) [7ms]
[2022-08-04T08:06:16.356Z] > git config --get commit.template [1ms]
[2022-08-04T08:06:21.472Z] > git status -z -uall [108ms]
[2022-08-04T08:06:21.479Z] > git symbolic-ref --short HEAD [2ms]
[2022-08-04T08:06:21.487Z] > git for-each-ref --format=%(refname)%00%(upstream:short)%00%(objectname)%00%(upstream:track)%00%(upstream:remotename)%00%(upstream:remoteref) refs/heads/main refs/remotes/main [2ms]
[2022-08-04T08:06:21.500Z] > git remote --verbose [2ms]
[2022-08-04T08:06:21.501Z] > git for-each-ref --sort -committerdate --format %(refname) %(objectname) %(*objectname) [8ms]
[2022-08-04T08:06:21.518Z] > git config --get commit.template [2ms]
[2022-08-04T08:06:26.574Z] > git status -z -uall [50ms]
[2022-08-04T08:06:26.580Z] > git symbolic-ref --short HEAD [2ms]
[2022-08-04T08:06:26.585Z] > git for-each-ref --format=%(refname)%00%(upstream:short)%00%(objectname)%00%(upstream:track)%00%(upstream:remotename)%00%(upstream:remoteref) refs/heads/main refs/remotes/main [1ms]
[2022-08-04T08:06:26.594Z] > git for-each-ref --sort -committerdate --format %(refname) %(objectname) %(*objectname) [5ms]
[2022-08-04T08:06:26.594Z] > git remote --verbose [1ms]
[2022-08-04T08:06:26.604Z] > git config --get commit.template [1ms]
[2022-08-04T08:06:31.660Z] > git status -z -uall [50ms]
[2022-08-04T08:06:31.665Z] > git symbolic-ref --short HEAD [1ms]
[2022-08-04T08:06:31.671Z] > git for-each-ref --format=%(refname)%00%(upstream:short)%00%(objectname)%00%(upstream:track)%00%(upstream:remotename)%00%(upstream:remoteref) refs/heads/main refs/remotes/main [1ms]
[2022-08-04T08:06:31.680Z] > git for-each-ref --sort -committerdate --format %(refname) %(objectname) %(*objectname) [5ms]
[2022-08-04T08:06:31.681Z] > git remote --verbose [1ms]
[2022-08-04T08:06:31.689Z] > git config --get commit.template [1ms]
[2022-08-04T08:06:36.748Z] > git status -z -uall [52ms]
[2022-08-04T08:06:36.753Z] > git symbolic-ref --short HEAD [1ms]
[2022-08-04T08:06:36.759Z] > git for-each-ref --format=%(refname)%00%(upstream:short)%00%(objectname)%00%(upstream:track)%00%(upstream:remotename)%00%(upstream:remoteref) refs/heads/main refs/remotes/main [2ms]
[2022-08-04T08:06:36.768Z] > git remote --verbose [1ms]
[2022-08-04T08:06:36.768Z] > git for-each-ref --sort -committerdate --format %(refname) %(objectname) %(*objectname) [5ms]
[2022-08-04T08:06:36.777Z] > git config --get commit.template [1ms]
[2022-08-04T08:06:41.834Z] > git status -z -uall [51ms]
[2022-08-04T08:06:41.839Z] > git symbolic-ref --short HEAD [1ms]
[2022-08-04T08:06:41.846Z] > git for-each-ref --format=%(refname)%00%(upstream:short)%00%(objectname)%00%(upstream:track)%00%(upstream:remotename)%00%(upstream:remoteref) refs/heads/main refs/remotes/main [1ms]
[2022-08-04T08:06:41.856Z] > git remote --verbose [1ms]
[2022-08-04T08:06:41.856Z] > git for-each-ref --sort -committerdate --format %(refname) %(objectname) %(*objectname) [5ms]
[2022-08-04T08:06:41.866Z] > git config --get commit.template [2ms]
[2022-08-04T08:06:46.947Z] > git status -z -uall [66ms]
[2022-08-04T08:06:46.952Z] > git symbolic-ref --short HEAD [1ms]
[2022-08-04T08:06:46.958Z] > git for-each-ref --format=%(refname)%00%(upstream:short)%00%(objectname)%00%(upstream:track)%00%(upstream:remotename)%00%(upstream:remoteref) refs/heads/main refs/remotes/main [1ms]
[2022-08-04T08:06:46.967Z] > git for-each-ref --sort -committerdate --format %(refname) %(objectname) %(*objectname) [5ms]
[2022-08-04T08:06:46.967Z] > git remote --verbose [1ms]
[2022-08-04T08:06:46.978Z] > git config --get commit.template [1ms]
[2022-08-04T08:06:52.031Z] > git status -z -uall [47ms]
[2022-08-04T08:06:52.038Z] > git symbolic-ref --short HEAD [3ms]
[2022-08-04T08:06:52.044Z] > git for-each-ref --format=%(refname)%00%(upstream:short)%00%(objectname)%00%(upstream:track)%00%(upstream:remotename)%00%(upstream:remoteref) refs/heads/main refs/remotes/main [1ms]
[2022-08-04T08:06:52.053Z] > git for-each-ref --sort -committerdate --format %(refname) %(objectname) %(*objectname) [5ms]
[2022-08-04T08:06:52.053Z] > git remote --verbose [1ms]
[2022-08-04T08:06:52.061Z] > git config --get commit.template [1ms]
[2022-08-04T08:06:57.113Z] > git status -z -uall [46ms]
[2022-08-04T08:06:57.119Z] > git symbolic-ref --short HEAD [1ms]
[2022-08-04T08:06:57.125Z] > git for-each-ref --format=%(refname)%00%(upstream:short)%00%(objectname)%00%(upstream:track)%00%(upstream:remotename)%00%(upstream:remoteref) refs/heads/main refs/remotes/main [1ms]
[2022-08-04T08:06:57.134Z] > git for-each-ref --sort -committerdate --format %(refname) %(objectname) %(*objectname) [5ms]
[2022-08-04T08:06:57.134Z] > git remote --verbose [1ms]
[2022-08-04T08:06:57.144Z] > git config --get commit.template [1ms]
[2022-08-04T08:07:02.281Z] > git status -z -uall [128ms]
[2022-08-04T08:07:02.289Z] > git symbolic-ref --short HEAD [2ms]
[2022-08-04T08:07:02.298Z] > git for-each-ref --format=%(refname)%00%(upstream:short)%00%(objectname)%00%(upstream:track)%00%(upstream:remotename)%00%(upstream:remoteref) refs/heads/main refs/remotes/main [3ms]
[2022-08-04T08:07:02.311Z] > git for-each-ref --sort -committerdate --format %(refname) %(objectname) %(*objectname) [7ms]
[2022-08-04T08:07:02.312Z] > git remote --verbose [2ms]
[2022-08-04T08:07:02.332Z] > git config --get commit.template [2ms]
[2022-08-04T09:03:49.930Z] > git status -z -uall [282ms]
[2022-08-04T09:03:49.942Z] > git symbolic-ref --short HEAD [2ms]
[2022-08-04T09:03:49.962Z] > git for-each-ref --format=%(refname)%00%(upstream:short)%00%(objectname)%00%(upstream:track)%00%(upstream:remotename)%00%(upstream:remoteref) refs/heads/main refs/remotes/main [1ms]
[2022-08-04T09:03:50.005Z] > git remote --verbose [2ms]
[2022-08-04T09:03:50.006Z] > git for-each-ref --sort -committerdate --format %(refname) %(objectname) %(*objectname) [22ms]
[2022-08-04T09:03:50.041Z] > git config --get commit.template [3ms]
[2022-08-04T09:03:55.099Z] > git status -z -uall [53ms]
[2022-08-04T09:03:55.104Z] > git symbolic-ref --short HEAD [1ms]
[2022-08-04T09:03:55.109Z] > git for-each-ref --format=%(refname)%00%(upstream:short)%00%(objectname)%00%(upstream:track)%00%(upstream:remotename)%00%(upstream:remoteref) refs/heads/main refs/remotes/main [0ms]
[2022-08-04T09:03:55.123Z] > git remote --verbose [1ms]
[2022-08-04T09:03:55.123Z] > git for-each-ref --sort -committerdate --format %(refname) %(objectname) %(*objectname) [10ms]
[2022-08-04T09:03:55.141Z] > git config --get commit.template [1ms]
[2022-08-04T09:04:00.243Z] > git status -z -uall [95ms]
[2022-08-04T09:04:00.253Z] > git symbolic-ref --short HEAD [1ms]
[2022-08-04T09:04:00.262Z] > git for-each-ref --format=%(refname)%00%(upstream:short)%00%(objectname)%00%(upstream:track)%00%(upstream:remotename)%00%(upstream:remoteref) refs/heads/main refs/remotes/main [2ms]
[2022-08-04T09:04:00.290Z] > git for-each-ref --sort -committerdate --format %(refname) %(objectname) %(*objectname) [10ms]
[2022-08-04T09:04:00.293Z] > git remote --verbose [4ms]
[2022-08-04T09:04:00.313Z] > git config --get commit.template [2ms]
[2022-08-04T09:10:05.002Z] > git status -z -uall [109ms]
[2022-08-04T09:10:05.009Z] > git symbolic-ref --short HEAD [1ms]
[2022-08-04T09:10:05.018Z] > git for-each-ref --format=%(refname)%00%(upstream:short)%00%(objectname)%00%(upstream:track)%00%(upstream:remotename)%00%(upstream:remoteref) refs/heads/main refs/remotes/main [3ms]
[2022-08-04T09:10:05.030Z] > git for-each-ref --sort -committerdate --format %(refname) %(objectname) %(*objectname) [7ms]
[2022-08-04T09:10:05.032Z] > git remote --verbose [3ms]
[2022-08-04T09:10:05.041Z] > git config --get commit.template [1ms]
[2022-08-04T09:10:10.100Z] > git status -z -uall [50ms]
[2022-08-04T09:10:10.106Z] > git symbolic-ref --short HEAD [2ms]
[2022-08-04T09:10:10.112Z] > git for-each-ref --format=%(refname)%00%(upstream:short)%00%(objectname)%00%(upstream:track)%00%(upstream:remotename)%00%(upstream:remoteref) refs/heads/main refs/remotes/main [2ms]
[2022-08-04T09:10:10.123Z] > git remote --verbose [2ms]
[2022-08-04T09:10:10.123Z] > git for-each-ref --sort -committerdate --format %(refname) %(objectname) %(*objectname) [6ms]
[2022-08-04T09:10:10.136Z] > git config --get commit.template [2ms]
[2022-08-04T09:10:15.194Z] > git status -z -uall [52ms]
[2022-08-04T09:10:15.199Z] > git symbolic-ref --short HEAD [1ms]
[2022-08-04T09:10:15.205Z] > git for-each-ref --format=%(refname)%00%(upstream:short)%00%(objectname)%00%(upstream:track)%00%(upstream:remotename)%00%(upstream:remoteref) refs/heads/main refs/remotes/main [1ms]
[2022-08-04T09:10:15.214Z] > git for-each-ref --sort -committerdate --format %(refname) %(objectname) %(*objectname) [4ms]
[2022-08-04T09:10:15.215Z] > git remote --verbose [2ms]
[2022-08-04T09:10:15.224Z] > git config --get commit.template [2ms]
[2022-08-04T09:10:23.902Z] > git status -z -uall [64ms]
[2022-08-04T09:10:23.908Z] > git symbolic-ref --short HEAD [2ms]
[2022-08-04T09:10:23.914Z] > git for-each-ref --format=%(refname)%00%(upstream:short)%00%(objectname)%00%(upstream:track)%00%(upstream:remotename)%00%(upstream:remoteref) refs/heads/main refs/remotes/main [2ms]
[2022-08-04T09:10:23.926Z] > git for-each-ref --sort -committerdate --format %(refname) %(objectname) %(*objectname) [6ms]
[2022-08-04T09:10:23.926Z] > git remote --verbose [2ms]
[2022-08-04T09:10:23.941Z] > git config --get commit.template [3ms]
[2022-08-04T09:10:28.997Z] > git status -z -uall [50ms]
[2022-08-04T09:10:29.002Z] > git symbolic-ref --short HEAD [1ms]
[2022-08-04T09:10:29.008Z] > git for-each-ref --format=%(refname)%00%(upstream:short)%00%(objectname)%00%(upstream:track)%00%(upstream:remotename)%00%(upstream:remoteref) refs/heads/main refs/remotes/main [1ms]
[2022-08-04T09:10:29.018Z] > git for-each-ref --sort -committerdate --format %(refname) %(objectname) %(*objectname) [6ms]
[2022-08-04T09:10:29.020Z] > git remote --verbose [3ms]
[2022-08-04T09:10:29.029Z] > git config --get commit.template [1ms]
[2022-08-04T09:10:34.094Z] > git status -z -uall [56ms]
[2022-08-04T09:10:34.100Z] > git symbolic-ref --short HEAD [0ms]
[2022-08-04T09:10:34.107Z] > git for-each-ref --format=%(refname)%00%(upstream:short)%00%(objectname)%00%(upstream:track)%00%(upstream:remotename)%00%(upstream:remoteref) refs/heads/main refs/remotes/main [2ms]
[2022-08-04T09:10:34.117Z] > git remote --verbose [2ms]
[2022-08-04T09:10:34.118Z] > git for-each-ref --sort -committerdate --format %(refname) %(objectname) %(*objectname) [7ms]
[2022-08-04T09:10:34.126Z] > git config --get commit.template [2ms]
[2022-08-04T09:10:39.189Z] > git status -z -uall [58ms]
[2022-08-04T09:10:39.197Z] > git symbolic-ref --short HEAD [1ms]
[2022-08-04T09:10:39.206Z] > git for-each-ref --format=%(refname)%00%(upstream:short)%00%(objectname)%00%(upstream:track)%00%(upstream:remotename)%00%(upstream:remoteref) refs/heads/main refs/remotes/main [3ms]
[2022-08-04T09:10:39.217Z] > git for-each-ref --sort -committerdate --format %(refname) %(objectname) %(*objectname) [7ms]
[2022-08-04T09:10:39.217Z] > git remote --verbose [2ms]
[2022-08-04T09:10:39.227Z] > git config --get commit.template [1ms]
[2022-08-04T09:10:44.295Z] > git status -z -uall [61ms]
[2022-08-04T09:10:44.303Z] > git symbolic-ref --short HEAD [1ms]
[2022-08-04T09:10:44.309Z] > git for-each-ref --format=%(refname)%00%(upstream:short)%00%(objectname)%00%(upstream:track)%00%(upstream:remotename)%00%(upstream:remoteref) refs/heads/main refs/remotes/main [1ms]
[2022-08-04T09:10:44.321Z] > git for-each-ref --sort -committerdate --format %(refname) %(objectname) %(*objectname) [7ms]
[2022-08-04T09:10:44.321Z] > git remote --verbose [1ms]
[2022-08-04T09:10:44.335Z] > git config --get commit.template [5ms]
[2022-08-04T09:10:49.411Z] > git status -z -uall [69ms]
[2022-08-04T09:10:49.420Z] > git symbolic-ref --short HEAD [1ms]
[2022-08-04T09:10:49.427Z] > git for-each-ref --format=%(refname)%00%(upstream:short)%00%(objectname)%00%(upstream:track)%00%(upstream:remotename)%00%(upstream:remoteref) refs/heads/main refs/remotes/main [2ms]
[2022-08-04T09:10:49.440Z] > git for-each-ref --sort -committerdate --format %(refname) %(objectname) %(*objectname) [7ms]
[2022-08-04T09:10:49.441Z] > git remote --verbose [2ms]
[2022-08-04T09:10:49.456Z] > git config --get commit.template [1ms]
[2022-08-04T09:10:54.515Z] > git status -z -uall [52ms]
[2022-08-04T09:10:54.521Z] > git symbolic-ref --short HEAD [1ms]
[2022-08-04T09:10:54.526Z] > git for-each-ref --format=%(refname)%00%(upstream:short)%00%(objectname)%00%(upstream:track)%00%(upstream:remotename)%00%(upstream:remoteref) refs/heads/main refs/remotes/main [1ms]
[2022-08-04T09:10:54.535Z] > git for-each-ref --sort -committerdate --format %(refname) %(objectname) %(*objectname) [5ms]
[2022-08-04T09:10:54.535Z] > git remote --verbose [1ms]
[2022-08-04T09:10:54.545Z] > git config --get commit.template [1ms]
[2022-08-04T09:10:59.744Z] > git status -z -uall [190ms]
[2022-08-04T09:10:59.752Z] > git symbolic-ref --short HEAD [2ms]
[2022-08-04T09:10:59.770Z] > git for-each-ref --format=%(refname)%00%(upstream:short)%00%(objectname)%00%(upstream:track)%00%(upstream:remotename)%00%(upstream:remoteref) refs/heads/main refs/remotes/main [1ms]
[2022-08-04T09:10:59.785Z] > git for-each-ref --sort -committerdate --format %(refname) %(objectname) %(*objectname) [7ms]
[2022-08-04T09:10:59.786Z] > git remote --verbose [2ms]
[2022-08-04T09:10:59.853Z] > git config --get commit.template [4ms]
[2022-08-04T09:11:04.913Z] > git status -z -uall [54ms]
[2022-08-04T09:11:04.919Z] > git symbolic-ref --short HEAD [1ms]
[2022-08-04T09:11:04.927Z] > git for-each-ref --format=%(refname)%00%(upstream:short)%00%(objectname)%00%(upstream:track)%00%(upstream:remotename)%00%(upstream:remoteref) refs/heads/main refs/remotes/main [2ms]
[2022-08-04T09:11:04.938Z] > git remote --verbose [1ms]
[2022-08-04T09:11:04.938Z] > git for-each-ref --sort -committerdate --format %(refname) %(objectname) %(*objectname) [6ms]
[2022-08-04T09:11:04.947Z] > git config --get commit.template [1ms]
[2022-08-04T09:11:10.002Z] > git status -z -uall [49ms]
[2022-08-04T09:11:10.007Z] > git symbolic-ref --short HEAD [1ms]
[2022-08-04T09:11:10.013Z] > git for-each-ref --format=%(refname)%00%(upstream:short)%00%(objectname)%00%(upstream:track)%00%(upstream:remotename)%00%(upstream:remoteref) refs/heads/main refs/remotes/main [2ms]
[2022-08-04T09:11:10.022Z] > git for-each-ref --sort -committerdate --format %(refname) %(objectname) %(*objectname) [6ms]
[2022-08-04T09:11:10.022Z] > git remote --verbose [1ms]
[2022-08-04T09:11:10.032Z] > git config --get commit.template [1ms]
[2022-08-04T09:11:15.084Z] > git status -z -uall [46ms]
[2022-08-04T09:11:15.089Z] > git symbolic-ref --short HEAD [1ms]
[2022-08-04T09:11:15.095Z] > git for-each-ref --format=%(refname)%00%(upstream:short)%00%(objectname)%00%(upstream:track)%00%(upstream:remotename)%00%(upstream:remoteref) refs/heads/main refs/remotes/main [1ms]
[2022-08-04T09:11:15.104Z] > git remote --verbose [1ms]
[2022-08-04T09:11:15.105Z] > git for-each-ref --sort -committerdate --format %(refname) %(objectname) %(*objectname) [6ms]
[2022-08-04T09:11:15.114Z] > git config --get commit.template [1ms]
[2022-08-04T09:11:20.177Z] > git status -z -uall [57ms]
[2022-08-04T09:11:20.184Z] > git symbolic-ref --short HEAD [2ms]
[2022-08-04T09:11:20.190Z] > git for-each-ref --format=%(refname)%00%(upstream:short)%00%(objectname)%00%(upstream:track)%00%(upstream:remotename)%00%(upstream:remoteref) refs/heads/main refs/remotes/main [1ms]
[2022-08-04T09:11:20.202Z] > git remote --verbose [3ms]
[2022-08-04T09:11:20.202Z] > git for-each-ref --sort -committerdate --format %(refname) %(objectname) %(*objectname) [7ms]
[2022-08-04T09:11:20.222Z] > git config --get commit.template [4ms]
[2022-08-04T09:11:25.280Z] > git status -z -uall [50ms]
[2022-08-04T09:11:25.285Z] > git symbolic-ref --short HEAD [1ms]
[2022-08-04T09:11:25.291Z] > git for-each-ref --format=%(refname)%00%(upstream:short)%00%(objectname)%00%(upstream:track)%00%(upstream:remotename)%00%(upstream:remoteref) refs/heads/main refs/remotes/main [1ms]
[2022-08-04T09:11:25.302Z] > git remote --verbose [2ms]
[2022-08-04T09:11:25.302Z] > git for-each-ref --sort -committerdate --format %(refname) %(objectname) %(*objectname) [7ms]
[2022-08-04T09:11:25.316Z] > git config --get commit.template [1ms]
[2022-08-04T09:11:30.371Z] > git status -z -uall [48ms]
[2022-08-04T09:11:30.377Z] > git symbolic-ref --short HEAD [1ms]
[2022-08-04T09:11:30.384Z] > git for-each-ref --format=%(refname)%00%(upstream:short)%00%(objectname)%00%(upstream:track)%00%(upstream:remotename)%00%(upstream:remoteref) refs/heads/main refs/remotes/main [3ms]
[2022-08-04T09:11:30.393Z] > git for-each-ref --sort -committerdate --format %(refname) %(objectname) %(*objectname) [5ms]
[2022-08-04T09:11:30.394Z] > git remote --verbose [2ms]
[2022-08-04T09:11:30.402Z] > git config --get commit.template [1ms]
[2022-08-04T09:11:35.465Z] > git status -z -uall [54ms]
[2022-08-04T09:11:35.471Z] > git symbolic-ref --short HEAD [1ms]
[2022-08-04T09:11:35.477Z] > git for-each-ref --format=%(refname)%00%(upstream:short)%00%(objectname)%00%(upstream:track)%00%(upstream:remotename)%00%(upstream:remoteref) refs/heads/main refs/remotes/main [2ms]
[2022-08-04T09:11:35.487Z] > git for-each-ref --sort -committerdate --format %(refname) %(objectname) %(*objectname) [5ms]
[2022-08-04T09:11:35.487Z] > git remote --verbose [1ms]
[2022-08-04T09:11:35.498Z] > git config --get commit.template [1ms]
[2022-08-04T09:11:40.555Z] > git status -z -uall [51ms]
[2022-08-04T09:11:40.561Z] > git symbolic-ref --short HEAD [1ms]
[2022-08-04T09:11:40.567Z] > git for-each-ref --format=%(refname)%00%(upstream:short)%00%(objectname)%00%(upstream:track)%00%(upstream:remotename)%00%(upstream:remoteref) refs/heads/main refs/remotes/main [1ms]
[2022-08-04T09:11:40.577Z] > git for-each-ref --sort -committerdate --format %(refname) %(objectname) %(*objectname) [6ms]
[2022-08-04T09:11:40.577Z] > git remote --verbose [2ms]
[2022-08-04T09:11:40.587Z] > git config --get commit.template [1ms]
[2022-08-04T09:11:45.645Z] > git status -z -uall [51ms]
[2022-08-04T09:11:45.651Z] > git symbolic-ref --short HEAD [2ms]
[2022-08-04T09:11:45.657Z] > git for-each-ref --format=%(refname)%00%(upstream:short)%00%(objectname)%00%(upstream:track)%00%(upstream:remotename)%00%(upstream:remoteref) refs/heads/main refs/remotes/main [2ms]
[2022-08-04T09:11:45.666Z] > git for-each-ref --sort -committerdate --format %(refname) %(objectname) %(*objectname) [5ms]
[2022-08-04T09:11:45.667Z] > git remote --verbose [2ms]
[2022-08-04T09:11:45.676Z] > git config --get commit.template [1ms]
[2022-08-04T09:11:50.734Z] > git status -z -uall [50ms]
[2022-08-04T09:11:50.741Z] > git symbolic-ref --short HEAD [1ms]
[2022-08-04T09:11:50.750Z] > git for-each-ref --format=%(refname)%00%(upstream:short)%00%(objectname)%00%(upstream:track)%00%(upstream:remotename)%00%(upstream:remoteref) refs/heads/main refs/remotes/main [1ms]
[2022-08-04T09:11:50.763Z] > git for-each-ref --sort -committerdate --format %(refname) %(objectname) %(*objectname) [6ms]
[2022-08-04T09:11:50.767Z] > git remote --verbose [5ms]
[2022-08-04T09:11:50.778Z] > git config --get commit.template [1ms]
[2022-08-04T09:11:55.837Z] > git status -z -uall [51ms]
[2022-08-04T09:11:55.843Z] > git symbolic-ref --short HEAD [1ms]
[2022-08-04T09:11:55.849Z] > git for-each-ref --format=%(refname)%00%(upstream:short)%00%(objectname)%00%(upstream:track)%00%(upstream:remotename)%00%(upstream:remoteref) refs/heads/main refs/remotes/main [1ms]
[2022-08-04T09:11:55.858Z] > git for-each-ref --sort -committerdate --format %(refname) %(objectname) %(*objectname) [5ms]
[2022-08-04T09:11:55.859Z] > git remote --verbose [2ms]
[2022-08-04T09:11:55.867Z] > git config --get commit.template [2ms]
[2022-08-04T09:12:00.925Z] > git status -z -uall [50ms]
[2022-08-04T09:12:00.931Z] > git symbolic-ref --short HEAD [1ms]
[2022-08-04T09:12:00.936Z] > git for-each-ref --format=%(refname)%00%(upstream:short)%00%(objectname)%00%(upstream:track)%00%(upstream:remotename)%00%(upstream:remoteref) refs/heads/main refs/remotes/main [1ms]
[2022-08-04T09:12:00.946Z] > git for-each-ref --sort -committerdate --format %(refname) %(objectname) %(*objectname) [5ms]
[2022-08-04T09:12:00.946Z] > git remote --verbose [1ms]
[2022-08-04T09:12:00.955Z] > git config --get commit.template [2ms]
[2022-08-04T09:12:06.022Z] > git status -z -uall [60ms]
[2022-08-04T09:12:06.028Z] > git symbolic-ref --short HEAD [1ms]
[2022-08-04T09:12:06.036Z] > git for-each-ref --format=%(refname)%00%(upstream:short)%00%(objectname)%00%(upstream:track)%00%(upstream:remotename)%00%(upstream:remoteref) refs/heads/main refs/remotes/main [1ms]
[2022-08-04T09:12:06.046Z] > git for-each-ref --sort -committerdate --format %(refname) %(objectname) %(*objectname) [6ms]
[2022-08-04T09:12:06.046Z] > git remote --verbose [1ms]
[2022-08-04T09:12:06.058Z] > git config --get commit.template [4ms]
[2022-08-04T09:12:20.283Z] > git status -z -uall [69ms]
[2022-08-04T09:12:20.291Z] > git symbolic-ref --short HEAD [1ms]
[2022-08-04T09:12:20.301Z] > git for-each-ref --format=%(refname)%00%(upstream:short)%00%(objectname)%00%(upstream:track)%00%(upstream:remotename)%00%(upstream:remoteref) refs/heads/main refs/remotes/main [2ms]
[2022-08-04T09:12:20.314Z] > git for-each-ref --sort -committerdate --format %(refname) %(objectname) %(*objectname) [8ms]
[2022-08-04T09:12:20.315Z] > git remote --verbose [2ms]
[2022-08-04T09:12:20.329Z] > git config --get commit.template [2ms]
[2022-08-04T09:12:25.383Z] > git status -z -uall [47ms]
[2022-08-04T09:12:25.389Z] > git symbolic-ref --short HEAD [1ms]
[2022-08-04T09:12:25.395Z] > git for-each-ref --format=%(refname)%00%(upstream:short)%00%(objectname)%00%(upstream:track)%00%(upstream:remotename)%00%(upstream:remoteref) refs/heads/main refs/remotes/main [1ms]
[2022-08-04T09:12:25.404Z] > git for-each-ref --sort -committerdate --format %(refname) %(objectname) %(*objectname) [5ms]
[2022-08-04T09:12:25.405Z] > git remote --verbose [2ms]
[2022-08-04T09:12:25.412Z] > git config --get commit.template [0ms]
[2022-08-04T09:12:55.172Z] > git status -z -uall [89ms]
[2022-08-04T09:12:55.181Z] > git symbolic-ref --short HEAD [1ms]
[2022-08-04T09:12:55.188Z] > git for-each-ref --format=%(refname)%00%(upstream:short)%00%(objectname)%00%(upstream:track)%00%(upstream:remotename)%00%(upstream:remoteref) refs/heads/main refs/remotes/main [1ms]
[2022-08-04T09:12:55.202Z] > git for-each-ref --sort -committerdate --format %(refname) %(objectname) %(*objectname) [7ms]
[2022-08-04T09:12:55.202Z] > git remote --verbose [2ms]
[2022-08-04T09:12:55.214Z] > git config --get commit.template [0ms]
[2022-08-04T09:13:00.469Z] > git status -z -uall [234ms]
[2022-08-04T09:13:00.480Z] > git symbolic-ref --short HEAD [1ms]
[2022-08-04T09:13:00.488Z] > git for-each-ref --format=%(refname)%00%(upstream:short)%00%(objectname)%00%(upstream:track)%00%(upstream:remotename)%00%(upstream:remoteref) refs/heads/main refs/remotes/main [2ms]
[2022-08-04T09:13:00.502Z] > git for-each-ref --sort -committerdate --format %(refname) %(objectname) %(*objectname) [7ms]
[2022-08-04T09:13:00.503Z] > git remote --verbose [2ms]
[2022-08-04T09:13:00.523Z] > git config --get commit.template [1ms]
[2022-08-04T09:13:12.773Z] > git status -z -uall [76ms]
[2022-08-04T09:13:12.785Z] > git symbolic-ref --short HEAD [2ms]
[2022-08-04T09:13:12.793Z] > git for-each-ref --format=%(refname)%00%(upstream:short)%00%(objectname)%00%(upstream:track)%00%(upstream:remotename)%00%(upstream:remoteref) refs/heads/main refs/remotes/main [3ms]
[2022-08-04T09:13:12.807Z] > git for-each-ref --sort -committerdate --format %(refname) %(objectname) %(*objectname) [6ms]
[2022-08-04T09:13:12.810Z] > git remote --verbose [5ms]
[2022-08-04T09:13:12.823Z] > git config --get commit.template [2ms]
[2022-08-04T09:13:17.891Z] > git status -z -uall [62ms]
[2022-08-04T09:13:17.898Z] > git symbolic-ref --short HEAD [2ms]
[2022-08-04T09:13:17.904Z] > git for-each-ref --format=%(refname)%00%(upstream:short)%00%(objectname)%00%(upstream:track)%00%(upstream:remotename)%00%(upstream:remoteref) refs/heads/main refs/remotes/main [1ms]
[2022-08-04T09:13:17.915Z] > git for-each-ref --sort -committerdate --format %(refname) %(objectname) %(*objectname) [5ms]
[2022-08-04T09:13:17.915Z] > git remote --verbose [2ms]
[2022-08-04T09:13:17.924Z] > git config --get commit.template [1ms]
[2022-08-04T09:13:23.299Z] > git status -z -uall [48ms]
[2022-08-04T09:13:23.304Z] > git symbolic-ref --short HEAD [1ms]
[2022-08-04T09:13:23.311Z] > git for-each-ref --format=%(refname)%00%(upstream:short)%00%(objectname)%00%(upstream:track)%00%(upstream:remotename)%00%(upstream:remoteref) refs/heads/main refs/remotes/main [1ms]
[2022-08-04T09:13:23.323Z] > git for-each-ref --sort -committerdate --format %(refname) %(objectname) %(*objectname) [5ms]
[2022-08-04T09:13:23.325Z] > git remote --verbose [3ms]
[2022-08-04T09:13:23.335Z] > git config --get commit.template [2ms]
[2022-08-04T09:13:28.390Z] > git status -z -uall [48ms]
[2022-08-04T09:13:28.395Z] > git symbolic-ref --short HEAD [1ms]
[2022-08-04T09:13:28.401Z] > git for-each-ref --format=%(refname)%00%(upstream:short)%00%(objectname)%00%(upstream:track)%00%(upstream:remotename)%00%(upstream:remoteref) refs/heads/main refs/remotes/main [1ms]
[2022-08-04T09:13:28.411Z] > git for-each-ref --sort -committerdate --format %(refname) %(objectname) %(*objectname) [5ms]
[2022-08-04T09:13:28.412Z] > git remote --verbose [2ms]
[2022-08-04T09:13:28.421Z] > git config --get commit.template [1ms]
[2022-08-04T09:13:33.476Z] > git status -z -uall [48ms]
[2022-08-04T09:13:33.481Z] > git symbolic-ref --short HEAD [1ms]
[2022-08-04T09:13:33.488Z] > git for-each-ref --format=%(refname)%00%(upstream:short)%00%(objectname)%00%(upstream:track)%00%(upstream:remotename)%00%(upstream:remoteref) refs/heads/main refs/remotes/main [2ms]
[2022-08-04T09:13:33.497Z] > git for-each-ref --sort -committerdate --format %(refname) %(objectname) %(*objectname) [5ms]
[2022-08-04T09:13:33.498Z] > git remote --verbose [2ms]
[2022-08-04T09:13:33.506Z] > git config --get commit.template [0ms]
[2022-08-04T09:13:59.609Z] > git status -z -uall [170ms]
[2022-08-04T09:13:59.639Z] > git symbolic-ref --short HEAD [1ms]
[2022-08-04T09:13:59.647Z] > git for-each-ref --format=%(refname)%00%(upstream:short)%00%(objectname)%00%(upstream:track)%00%(upstream:remotename)%00%(upstream:remoteref) refs/heads/main refs/remotes/main [1ms]
[2022-08-04T09:13:59.673Z] > git for-each-ref --sort -committerdate --format %(refname) %(objectname) %(*objectname) [11ms]
[2022-08-04T09:13:59.675Z] > git remote --verbose [7ms]
[2022-08-04T09:13:59.709Z] > git config --get commit.template [1ms]
[2022-08-04T09:14:04.789Z] > git status -z -uall [74ms]
[2022-08-04T09:14:04.797Z] > git symbolic-ref --short HEAD [1ms]
[2022-08-04T09:14:04.804Z] > git for-each-ref --format=%(refname)%00%(upstream:short)%00%(objectname)%00%(upstream:track)%00%(upstream:remotename)%00%(upstream:remoteref) refs/heads/main refs/remotes/main [1ms]
[2022-08-04T09:14:04.817Z] > git remote --verbose [1ms]
[2022-08-04T09:14:04.818Z] > git for-each-ref --sort -committerdate --format %(refname) %(objectname) %(*objectname) [7ms]
[2022-08-04T09:14:04.829Z] > git config --get commit.template [1ms]
[2022-08-04T09:14:09.884Z] > git status -z -uall [47ms]
[2022-08-04T09:14:09.890Z] > git symbolic-ref --short HEAD [1ms]
[2022-08-04T09:14:09.898Z] > git for-each-ref --format=%(refname)%00%(upstream:short)%00%(objectname)%00%(upstream:track)%00%(upstream:remotename)%00%(upstream:remoteref) refs/heads/main refs/remotes/main [3ms]
[2022-08-04T09:14:09.908Z] > git for-each-ref --sort -committerdate --format %(refname) %(objectname) %(*objectname) [6ms]
[2022-08-04T09:14:09.909Z] > git remote --verbose [2ms]
[2022-08-04T09:14:09.916Z] > git config --get commit.template [1ms]
[2022-08-04T09:14:14.972Z] > git status -z -uall [50ms]
[2022-08-04T09:14:14.978Z] > git symbolic-ref --short HEAD [1ms]
[2022-08-04T09:14:14.984Z] > git for-each-ref --format=%(refname)%00%(upstream:short)%00%(objectname)%00%(upstream:track)%00%(upstream:remotename)%00%(upstream:remoteref) refs/heads/main refs/remotes/main [1ms]
[2022-08-04T09:14:14.994Z] > git remote --verbose [1ms]
[2022-08-04T09:14:14.994Z] > git for-each-ref --sort -committerdate --format %(refname) %(objectname) %(*objectname) [5ms]
[2022-08-04T09:14:15.004Z] > git config --get commit.template [2ms]
[2022-08-04T09:14:20.136Z] > git status -z -uall [118ms]
[2022-08-04T09:14:20.148Z] > git symbolic-ref --short HEAD [2ms]
[2022-08-04T09:14:20.166Z] > git for-each-ref --format=%(refname)%00%(upstream:short)%00%(objectname)%00%(upstream:track)%00%(upstream:remotename)%00%(upstream:remoteref) refs/heads/main refs/remotes/main [4ms]
[2022-08-04T09:14:20.185Z] > git for-each-ref --sort -committerdate --format %(refname) %(objectname) %(*objectname) [13ms]
[2022-08-04T09:14:20.186Z] > git remote --verbose [2ms]
[2022-08-04T09:14:20.200Z] > git config --get commit.template [1ms]
[2022-08-04T09:14:25.275Z] > git status -z -uall [63ms]
[2022-08-04T09:14:25.283Z] > git symbolic-ref --short HEAD [2ms]
[2022-08-04T09:14:25.289Z] > git for-each-ref --format=%(refname)%00%(upstream:short)%00%(objectname)%00%(upstream:track)%00%(upstream:remotename)%00%(upstream:remoteref) refs/heads/main refs/remotes/main [2ms]
[2022-08-04T09:14:25.300Z] > git for-each-ref --sort -committerdate --format %(refname) %(objectname) %(*objectname) [6ms]
[2022-08-04T09:14:25.300Z] > git remote --verbose [1ms]
[2022-08-04T09:14:25.309Z] > git config --get commit.template [2ms]
[2022-08-04T09:14:57.927Z] > git status -z -uall [99ms]
[2022-08-04T09:14:57.934Z] > git symbolic-ref --short HEAD [2ms]
[2022-08-04T09:14:57.944Z] > git for-each-ref --format=%(refname)%00%(upstream:short)%00%(objectname)%00%(upstream:track)%00%(upstream:remotename)%00%(upstream:remoteref) refs/heads/main refs/remotes/main [2ms]
[2022-08-04T09:14:57.959Z] > git for-each-ref --sort -committerdate --format %(refname) %(objectname) %(*objectname) [10ms]
[2022-08-04T09:14:57.959Z] > git remote --verbose [2ms]
[2022-08-04T09:14:57.969Z] > git config --get commit.template [2ms]
[2022-08-04T09:15:03.046Z] > git status -z -uall [70ms]
[2022-08-04T09:15:03.052Z] > git symbolic-ref --short HEAD [1ms]
[2022-08-04T09:15:03.061Z] > git for-each-ref --format=%(refname)%00%(upstream:short)%00%(objectname)%00%(upstream:track)%00%(upstream:remotename)%00%(upstream:remoteref) refs/heads/main refs/remotes/main [2ms]
[2022-08-04T09:15:03.073Z] > git for-each-ref --sort -committerdate --format %(refname) %(objectname) %(*objectname) [7ms]
[2022-08-04T09:15:03.074Z] > git remote --verbose [2ms]
[2022-08-04T09:15:03.089Z] > git config --get commit.template [4ms]
[2022-08-04T09:15:08.149Z] > git status -z -uall [54ms]
[2022-08-04T09:15:08.155Z] > git symbolic-ref --short HEAD [1ms]
[2022-08-04T09:15:08.161Z] > git for-each-ref --format=%(refname)%00%(upstream:short)%00%(objectname)%00%(upstream:track)%00%(upstream:remotename)%00%(upstream:remoteref) refs/heads/main refs/remotes/main [1ms]
[2022-08-04T09:15:08.171Z] > git for-each-ref --sort -committerdate --format %(refname) %(objectname) %(*objectname) [5ms]
[2022-08-04T09:15:08.172Z] > git remote --verbose [2ms]
[2022-08-04T09:15:08.183Z] > git config --get commit.template [1ms]
[2022-08-04T09:15:13.239Z] > git status -z -uall [50ms]
[2022-08-04T09:15:13.245Z] > git symbolic-ref --short HEAD [1ms]
[2022-08-04T09:15:13.251Z] > git for-each-ref --format=%(refname)%00%(upstream:short)%00%(objectname)%00%(upstream:track)%00%(upstream:remotename)%00%(upstream:remoteref) refs/heads/main refs/remotes/main [1ms]
[2022-08-04T09:15:13.260Z] > git for-each-ref --sort -committerdate --format %(refname) %(objectname) %(*objectname) [5ms]
[2022-08-04T09:15:13.261Z] > git remote --verbose [2ms]
[2022-08-04T09:15:13.271Z] > git config --get commit.template [2ms]
[2022-08-04T09:15:18.332Z] > git status -z -uall [51ms]
[2022-08-04T09:15:18.339Z] > git symbolic-ref --short HEAD [1ms]
[2022-08-04T09:15:18.346Z] > git for-each-ref --format=%(refname)%00%(upstream:short)%00%(objectname)%00%(upstream:track)%00%(upstream:remotename)%00%(upstream:remoteref) refs/heads/main refs/remotes/main [2ms]
[2022-08-04T09:15:18.355Z] > git remote --verbose [1ms]
[2022-08-04T09:15:18.356Z] > git for-each-ref --sort -committerdate --format %(refname) %(objectname) %(*objectname) [6ms]
[2022-08-04T09:15:18.366Z] > git config --get commit.template [2ms]
[2022-08-04T09:16:02.650Z] > git status -z -uall [152ms]
[2022-08-04T09:16:02.656Z] > git symbolic-ref --short HEAD [1ms]
[2022-08-04T09:16:02.667Z] > git for-each-ref --format=%(refname)%00%(upstream:short)%00%(objectname)%00%(upstream:track)%00%(upstream:remotename)%00%(upstream:remoteref) refs/heads/main refs/remotes/main [1ms]
[2022-08-04T09:16:02.687Z] > git for-each-ref --sort -committerdate --format %(refname) %(objectname) %(*objectname) [14ms]
[2022-08-04T09:16:02.689Z] > git remote --verbose [3ms]
[2022-08-04T09:16:02.705Z] > git config --get commit.template [1ms]
[2022-08-04T09:16:07.771Z] > git status -z -uall [58ms]
[2022-08-04T09:16:07.781Z] > git symbolic-ref --short HEAD [2ms]
[2022-08-04T09:16:07.789Z] > git for-each-ref --format=%(refname)%00%(upstream:short)%00%(objectname)%00%(upstream:track)%00%(upstream:remotename)%00%(upstream:remoteref) refs/heads/main refs/remotes/main [1ms]
[2022-08-04T09:16:07.801Z] > git for-each-ref --sort -committerdate --format %(refname) %(objectname) %(*objectname) [7ms]
[2022-08-04T09:16:07.803Z] > git remote --verbose [4ms]
[2022-08-04T09:16:07.812Z] > git config --get commit.template [2ms]
[2022-08-04T09:16:12.879Z] > git status -z -uall [59ms]
[2022-08-04T09:16:12.885Z] > git symbolic-ref --short HEAD [1ms]
[2022-08-04T09:16:12.891Z] > git for-each-ref --format=%(refname)%00%(upstream:short)%00%(objectname)%00%(upstream:track)%00%(upstream:remotename)%00%(upstream:remoteref) refs/heads/main refs/remotes/main [1ms]
[2022-08-04T09:16:12.904Z] > git for-each-ref --sort -committerdate --format %(refname) %(objectname) %(*objectname) [7ms]
[2022-08-04T09:16:12.905Z] > git remote --verbose [2ms]
[2022-08-04T09:16:12.913Z] > git config --get commit.template [2ms]
[2022-08-04T09:16:17.971Z] > git status -z -uall [50ms]
[2022-08-04T09:16:17.976Z] > git symbolic-ref --short HEAD [1ms]
[2022-08-04T09:16:17.983Z] > git for-each-ref --format=%(refname)%00%(upstream:short)%00%(objectname)%00%(upstream:track)%00%(upstream:remotename)%00%(upstream:remoteref) refs/heads/main refs/remotes/main [2ms]
[2022-08-04T09:16:17.992Z] > git for-each-ref --sort -committerdate --format %(refname) %(objectname) %(*objectname) [5ms]
[2022-08-04T09:16:17.993Z] > git remote --verbose [2ms]
[2022-08-04T09:16:18.005Z] > git config --get commit.template [4ms]
[2022-08-04T09:16:23.067Z] > git status -z -uall [56ms]
[2022-08-04T09:16:23.073Z] > git symbolic-ref --short HEAD [1ms]
[2022-08-04T09:16:23.079Z] > git for-each-ref --format=%(refname)%00%(upstream:short)%00%(objectname)%00%(upstream:track)%00%(upstream:remotename)%00%(upstream:remoteref) refs/heads/main refs/remotes/main [1ms]
[2022-08-04T09:16:23.091Z] > git for-each-ref --sort -committerdate --format %(refname) %(objectname) %(*objectname) [6ms]
[2022-08-04T09:16:23.091Z] > git remote --verbose [1ms]
[2022-08-04T09:16:23.103Z] > git config --get commit.template [2ms]
[2022-08-04T09:16:28.172Z] > git status -z -uall [57ms]
[2022-08-04T09:16:28.177Z] > git symbolic-ref --short HEAD [1ms]
[2022-08-04T09:16:28.184Z] > git for-each-ref --format=%(refname)%00%(upstream:short)%00%(objectname)%00%(upstream:track)%00%(upstream:remotename)%00%(upstream:remoteref) refs/heads/main refs/remotes/main [2ms]
[2022-08-04T09:16:28.193Z] > git for-each-ref --sort -committerdate --format %(refname) %(objectname) %(*objectname) [5ms]
[2022-08-04T09:16:28.194Z] > git remote --verbose [2ms]
[2022-08-04T09:16:28.203Z] > git config --get commit.template [1ms]
[2022-08-04T09:16:34.189Z] > git status -z -uall [58ms]
[2022-08-04T09:16:34.195Z] > git symbolic-ref --short HEAD [1ms]
[2022-08-04T09:16:34.202Z] > git for-each-ref --format=%(refname)%00%(upstream:short)%00%(objectname)%00%(upstream:track)%00%(upstream:remotename)%00%(upstream:remoteref) refs/heads/main refs/remotes/main [2ms]
[2022-08-04T09:16:34.216Z] > git for-each-ref --sort -committerdate --format %(refname) %(objectname) %(*objectname) [8ms]
[2022-08-04T09:16:34.218Z] > git remote --verbose [2ms]
[2022-08-04T09:16:34.234Z] > git config --get commit.template [1ms]
[2022-08-04T09:16:39.298Z] > git status -z -uall [57ms]
[2022-08-04T09:16:39.306Z] > git symbolic-ref --short HEAD [2ms]
[2022-08-04T09:16:39.313Z] > git for-each-ref --format=%(refname)%00%(upstream:short)%00%(objectname)%00%(upstream:track)%00%(upstream:remotename)%00%(upstream:remoteref) refs/heads/main refs/remotes/main [1ms]
[2022-08-04T09:16:39.324Z] > git for-each-ref --sort -committerdate --format %(refname) %(objectname) %(*objectname) [6ms]
[2022-08-04T09:16:39.324Z] > git remote --verbose [1ms]
[2022-08-04T09:16:39.333Z] > git config --get commit.template [0ms]
[2022-08-04T09:16:44.387Z] > git status -z -uall [47ms]
[2022-08-04T09:16:44.393Z] > git symbolic-ref --short HEAD [2ms]
[2022-08-04T09:16:44.399Z] > git for-each-ref --format=%(refname)%00%(upstream:short)%00%(objectname)%00%(upstream:track)%00%(upstream:remotename)%00%(upstream:remoteref) refs/heads/main refs/remotes/main [1ms]
[2022-08-04T09:16:44.409Z] > git remote --verbose [1ms]
[2022-08-04T09:16:44.409Z] > git for-each-ref --sort -committerdate --format %(refname) %(objectname) %(*objectname) [5ms]
[2022-08-04T09:16:44.422Z] > git config --get commit.template [1ms]
[2022-08-04T09:16:49.490Z] > git status -z -uall [56ms]
[2022-08-04T09:16:49.496Z] > git symbolic-ref --short HEAD [1ms]
[2022-08-04T09:16:49.503Z] > git for-each-ref --format=%(refname)%00%(upstream:short)%00%(objectname)%00%(upstream:track)%00%(upstream:remotename)%00%(upstream:remoteref) refs/heads/main refs/remotes/main [1ms]
[2022-08-04T09:16:49.513Z] > git remote --verbose [1ms]
[2022-08-04T09:16:49.513Z] > git for-each-ref --sort -committerdate --format %(refname) %(objectname) %(*objectname) [5ms]
[2022-08-04T09:16:49.523Z] > git config --get commit.template [3ms]
[2022-08-04T09:17:36.093Z] > git status -z -uall [67ms]
[2022-08-04T09:17:36.099Z] > git symbolic-ref --short HEAD [1ms]
[2022-08-04T09:17:36.107Z] > git for-each-ref --format=%(refname)%00%(upstream:short)%00%(objectname)%00%(upstream:track)%00%(upstream:remotename)%00%(upstream:remoteref) refs/heads/main refs/remotes/main [2ms]
[2022-08-04T09:17:36.117Z] > git for-each-ref --sort -committerdate --format %(refname) %(objectname) %(*objectname) [7ms]
[2022-08-04T09:17:36.118Z] > git remote --verbose [2ms]
[2022-08-04T09:17:36.129Z] > git config --get commit.template [3ms]
[2022-08-04T09:17:41.204Z] > git status -z -uall [69ms]
[2022-08-04T09:17:41.210Z] > git symbolic-ref --short HEAD [1ms]
[2022-08-04T09:17:41.217Z] > git for-each-ref --format=%(refname)%00%(upstream:short)%00%(objectname)%00%(upstream:track)%00%(upstream:remotename)%00%(upstream:remoteref) refs/heads/main refs/remotes/main [2ms]
[2022-08-04T09:17:41.228Z] > git for-each-ref --sort -committerdate --format %(refname) %(objectname) %(*objectname) [5ms]
[2022-08-04T09:17:41.228Z] > git remote --verbose [1ms]
[2022-08-04T09:17:41.237Z] > git config --get commit.template [2ms]
[2022-08-04T09:17:46.292Z] > git status -z -uall [49ms]
[2022-08-04T09:17:46.297Z] > git symbolic-ref --short HEAD [1ms]
[2022-08-04T09:17:46.304Z] > git for-each-ref --format=%(refname)%00%(upstream:short)%00%(objectname)%00%(upstream:track)%00%(upstream:remotename)%00%(upstream:remoteref) refs/heads/main refs/remotes/main [2ms]
[2022-08-04T09:17:46.314Z] > git for-each-ref --sort -committerdate --format %(refname) %(objectname) %(*objectname) [6ms]
[2022-08-04T09:17:46.314Z] > git remote --verbose [2ms]
[2022-08-04T09:17:46.322Z] > git config --get commit.template [1ms]
[2022-08-04T09:17:51.378Z] > git status -z -uall [50ms]
[2022-08-04T09:17:51.383Z] > git symbolic-ref --short HEAD [1ms]
[2022-08-04T09:17:51.390Z] > git for-each-ref --format=%(refname)%00%(upstream:short)%00%(objectname)%00%(upstream:track)%00%(upstream:remotename)%00%(upstream:remoteref) refs/heads/main refs/remotes/main [2ms]
[2022-08-04T09:17:51.399Z] > git for-each-ref --sort -committerdate --format %(refname) %(objectname) %(*objectname) [5ms]
[2022-08-04T09:17:51.400Z] > git remote --verbose [2ms]
[2022-08-04T09:17:51.408Z] > git config --get commit.template [1ms]
[2022-08-04T09:17:56.460Z] > git status -z -uall [46ms]
[2022-08-04T09:17:56.465Z] > git symbolic-ref --short HEAD [1ms]
[2022-08-04T09:17:56.471Z] > git for-each-ref --format=%(refname)%00%(upstream:short)%00%(objectname)%00%(upstream:track)%00%(upstream:remotename)%00%(upstream:remoteref) refs/heads/main refs/remotes/main [1ms]
[2022-08-04T09:17:56.483Z] > git for-each-ref --sort -committerdate --format %(refname) %(objectname) %(*objectname) [6ms]
[2022-08-04T09:17:56.483Z] > git remote --verbose [2ms]
[2022-08-04T09:17:56.492Z] > git config --get commit.template [1ms]
[2022-08-04T09:18:01.557Z] > git status -z -uall [58ms]
[2022-08-04T09:18:01.564Z] > git symbolic-ref --short HEAD [2ms]
[2022-08-04T09:18:01.569Z] > git for-each-ref --format=%(refname)%00%(upstream:short)%00%(objectname)%00%(upstream:track)%00%(upstream:remotename)%00%(upstream:remoteref) refs/heads/main refs/remotes/main [1ms]
[2022-08-04T09:18:01.580Z] > git remote --verbose [2ms]
[2022-08-04T09:18:01.580Z] > git for-each-ref --sort -committerdate --format %(refname) %(objectname) %(*objectname) [7ms]
[2022-08-04T09:18:01.593Z] > git config --get commit.template [2ms]
[2022-08-04T09:18:06.654Z] > git status -z -uall [54ms]
[2022-08-04T09:18:06.660Z] > git symbolic-ref --short HEAD [1ms]
[2022-08-04T09:18:06.667Z] > git for-each-ref --format=%(refname)%00%(upstream:short)%00%(objectname)%00%(upstream:track)%00%(upstream:remotename)%00%(upstream:remoteref) refs/heads/main refs/remotes/main [2ms]
[2022-08-04T09:18:06.678Z] > git for-each-ref --sort -committerdate --format %(refname) %(objectname) %(*objectname) [6ms]
[2022-08-04T09:18:06.679Z] > git remote --verbose [3ms]
[2022-08-04T09:18:06.687Z] > git config --get commit.template [1ms]
[2022-08-04T09:18:11.746Z] > git status -z -uall [52ms]
[2022-08-04T09:18:11.751Z] > git symbolic-ref --short HEAD [1ms]
[2022-08-04T09:18:11.757Z] > git for-each-ref --format=%(refname)%00%(upstream:short)%00%(objectname)%00%(upstream:track)%00%(upstream:remotename)%00%(upstream:remoteref) refs/heads/main refs/remotes/main [1ms]
[2022-08-04T09:18:11.766Z] > git for-each-ref --sort -committerdate --format %(refname) %(objectname) %(*objectname) [5ms]
[2022-08-04T09:18:11.767Z] > git remote --verbose [2ms]
[2022-08-04T09:18:11.776Z] > git config --get commit.template [2ms]
[2022-08-04T09:18:16.838Z] > git status -z -uall [55ms]
[2022-08-04T09:18:16.843Z] > git symbolic-ref --short HEAD [1ms]
[2022-08-04T09:18:16.850Z] > git for-each-ref --format=%(refname)%00%(upstream:short)%00%(objectname)%00%(upstream:track)%00%(upstream:remotename)%00%(upstream:remoteref) refs/heads/main refs/remotes/main [1ms]
[2022-08-04T09:18:16.859Z] > git for-each-ref --sort -committerdate --format %(refname) %(objectname) %(*objectname) [5ms]
[2022-08-04T09:18:16.859Z] > git remote --verbose [1ms]
[2022-08-04T09:18:16.868Z] > git config --get commit.template [1ms]
[2022-08-04T09:18:21.922Z] > git status -z -uall [48ms]
[2022-08-04T09:18:21.928Z] > git symbolic-ref --short HEAD [1ms]
[2022-08-04T09:18:21.934Z] > git for-each-ref --format=%(refname)%00%(upstream:short)%00%(objectname)%00%(upstream:track)%00%(upstream:remotename)%00%(upstream:remoteref) refs/heads/main refs/remotes/main [1ms]
[2022-08-04T09:18:21.944Z] > git for-each-ref --sort -committerdate --format %(refname) %(objectname) %(*objectname) [5ms]
[2022-08-04T09:18:21.944Z] > git remote --verbose [1ms]
[2022-08-04T09:18:21.958Z] > git config --get commit.template [4ms]
[2022-08-04T09:18:27.020Z] > git status -z -uall [57ms]
[2022-08-04T09:18:27.031Z] > git symbolic-ref --short HEAD [1ms]
[2022-08-04T09:18:27.039Z] > git for-each-ref --format=%(refname)%00%(upstream:short)%00%(objectname)%00%(upstream:track)%00%(upstream:remotename)%00%(upstream:remoteref) refs/heads/main refs/remotes/main [2ms]
[2022-08-04T09:18:27.050Z] > git for-each-ref --sort -committerdate --format %(refname) %(objectname) %(*objectname) [5ms]
[2022-08-04T09:18:27.051Z] > git remote --verbose [2ms]
[2022-08-04T09:18:27.061Z] > git config --get commit.template [1ms]
[2022-08-04T09:18:32.143Z] > git status -z -uall [66ms]
[2022-08-04T09:18:32.148Z] > git symbolic-ref --short HEAD [1ms]
[2022-08-04T09:18:32.154Z] > git for-each-ref --format=%(refname)%00%(upstream:short)%00%(objectname)%00%(upstream:track)%00%(upstream:remotename)%00%(upstream:remoteref) refs/heads/main refs/remotes/main [1ms]
[2022-08-04T09:18:32.166Z] > git remote --verbose [1ms]
[2022-08-04T09:18:32.166Z] > git for-each-ref --sort -committerdate --format %(refname) %(objectname) %(*objectname) [8ms]
[2022-08-04T09:18:32.175Z] > git config --get commit.template [1ms]
[2022-08-04T09:18:46.939Z] > git status -z -uall [80ms]
[2022-08-04T09:18:46.947Z] > git symbolic-ref --short HEAD [1ms]
[2022-08-04T09:18:46.955Z] > git for-each-ref --format=%(refname)%00%(upstream:short)%00%(objectname)%00%(upstream:track)%00%(upstream:remotename)%00%(upstream:remoteref) refs/heads/main refs/remotes/main [2ms]
[2022-08-04T09:18:46.970Z] > git for-each-ref --sort -committerdate --format %(refname) %(objectname) %(*objectname) [6ms]
[2022-08-04T09:18:46.971Z] > git remote --verbose [2ms]
[2022-08-04T09:18:46.987Z] > git config --get commit.template [2ms]
[2022-08-04T09:19:07.684Z] > git status -z -uall [76ms]
[2022-08-04T09:19:07.690Z] > git symbolic-ref --short HEAD [1ms]
[2022-08-04T09:19:07.699Z] > git for-each-ref --format=%(refname)%00%(upstream:short)%00%(objectname)%00%(upstream:track)%00%(upstream:remotename)%00%(upstream:remoteref) refs/heads/main refs/remotes/main [3ms]
[2022-08-04T09:19:07.713Z] > git for-each-ref --sort -committerdate --format %(refname) %(objectname) %(*objectname) [8ms]
[2022-08-04T09:19:07.714Z] > git remote --verbose [2ms]
[2022-08-04T09:19:07.728Z] > git config --get commit.template [2ms]
[2022-08-04T09:19:13.296Z] > git status -z -uall [63ms]
[2022-08-04T09:19:13.302Z] > git symbolic-ref --short HEAD [2ms]
[2022-08-04T09:19:13.308Z] > git for-each-ref --format=%(refname)%00%(upstream:short)%00%(objectname)%00%(upstream:track)%00%(upstream:remotename)%00%(upstream:remoteref) refs/heads/main refs/remotes/main [1ms]
[2022-08-04T09:19:13.318Z] > git for-each-ref --sort -committerdate --format %(refname) %(objectname) %(*objectname) [5ms]
[2022-08-04T09:19:13.318Z] > git remote --verbose [1ms]
[2022-08-04T09:19:13.327Z] > git config --get commit.template [1ms]
[2022-08-04T09:19:18.383Z] > git status -z -uall [49ms]
[2022-08-04T09:19:18.389Z] > git symbolic-ref --short HEAD [2ms]
[2022-08-04T09:19:18.395Z] > git for-each-ref --format=%(refname)%00%(upstream:short)%00%(objectname)%00%(upstream:track)%00%(upstream:remotename)%00%(upstream:remoteref) refs/heads/main refs/remotes/main [1ms]
[2022-08-04T09:19:18.405Z] > git for-each-ref --sort -committerdate --format %(refname) %(objectname) %(*objectname) [5ms]
[2022-08-04T09:19:18.405Z] > git remote --verbose [1ms]
[2022-08-04T09:19:18.418Z] > git config --get commit.template [4ms]
[2022-08-04T09:22:05.989Z] > git status -z -uall [78ms]
[2022-08-04T09:22:05.996Z] > git symbolic-ref --short HEAD [2ms]
[2022-08-04T09:22:06.003Z] > git for-each-ref --format=%(refname)%00%(upstream:short)%00%(objectname)%00%(upstream:track)%00%(upstream:remotename)%00%(upstream:remoteref) refs/heads/main refs/remotes/main [2ms]
[2022-08-04T09:22:06.016Z] > git for-each-ref --sort -committerdate --format %(refname) %(objectname) %(*objectname) [8ms]
[2022-08-04T09:22:06.016Z] > git remote --verbose [2ms]
[2022-08-04T09:22:06.029Z] > git config --get commit.template [4ms]
[2022-08-04T09:22:11.088Z] > git status -z -uall [52ms]
[2022-08-04T09:22:11.093Z] > git symbolic-ref --short HEAD [1ms]
[2022-08-04T09:22:11.099Z] > git for-each-ref --format=%(refname)%00%(upstream:short)%00%(objectname)%00%(upstream:track)%00%(upstream:remotename)%00%(upstream:remoteref) refs/heads/main refs/remotes/main [1ms]
[2022-08-04T09:22:11.110Z] > git for-each-ref --sort -committerdate --format %(refname) %(objectname) %(*objectname) [5ms]
[2022-08-04T09:22:11.110Z] > git remote --verbose [1ms]
[2022-08-04T09:22:11.120Z] > git config --get commit.template [2ms]
[2022-08-04T09:22:16.174Z] > git status -z -uall [47ms]
[2022-08-04T09:22:16.180Z] > git symbolic-ref --short HEAD [1ms]
[2022-08-04T09:22:16.186Z] > git for-each-ref --format=%(refname)%00%(upstream:short)%00%(objectname)%00%(upstream:track)%00%(upstream:remotename)%00%(upstream:remoteref) refs/heads/main refs/remotes/main [1ms]
[2022-08-04T09:22:16.197Z] > git for-each-ref --sort -committerdate --format %(refname) %(objectname) %(*objectname) [6ms]
[2022-08-04T09:22:16.197Z] > git remote --verbose [1ms]
[2022-08-04T09:22:16.207Z] > git config --get commit.template [1ms]
[2022-08-04T09:22:21.263Z] > git status -z -uall [50ms]
[2022-08-04T09:22:21.270Z] > git symbolic-ref --short HEAD [2ms]
[2022-08-04T09:22:21.276Z] > git for-each-ref --format=%(refname)%00%(upstream:short)%00%(objectname)%00%(upstream:track)%00%(upstream:remotename)%00%(upstream:remoteref) refs/heads/main refs/remotes/main [1ms]
[2022-08-04T09:22:21.286Z] > git for-each-ref --sort -committerdate --format %(refname) %(objectname) %(*objectname) [6ms]
[2022-08-04T09:22:21.286Z] > git remote --verbose [1ms]
[2022-08-04T09:22:21.295Z] > git config --get commit.template [1ms]
[2022-08-04T09:22:26.348Z] > git status -z -uall [47ms]
[2022-08-04T09:22:26.353Z] > git symbolic-ref --short HEAD [1ms]
[2022-08-04T09:22:26.359Z] > git for-each-ref --format=%(refname)%00%(upstream:short)%00%(objectname)%00%(upstream:track)%00%(upstream:remotename)%00%(upstream:remoteref) refs/heads/main refs/remotes/main [1ms]
[2022-08-04T09:22:26.370Z] > git for-each-ref --sort -committerdate --format %(refname) %(objectname) %(*objectname) [6ms]
[2022-08-04T09:22:26.373Z] > git remote --verbose [4ms]
[2022-08-04T09:22:26.382Z] > git config --get commit.template [1ms]
[2022-08-04T09:22:31.439Z] > git status -z -uall [51ms]
[2022-08-04T09:22:31.446Z] > git symbolic-ref --short HEAD [1ms]
[2022-08-04T09:22:31.452Z] > git for-each-ref --format=%(refname)%00%(upstream:short)%00%(objectname)%00%(upstream:track)%00%(upstream:remotename)%00%(upstream:remoteref) refs/heads/main refs/remotes/main [1ms]
[2022-08-04T09:22:31.461Z] > git for-each-ref --sort -committerdate --format %(refname) %(objectname) %(*objectname) [5ms]
[2022-08-04T09:22:31.462Z] > git remote --verbose [2ms]
[2022-08-04T09:22:31.470Z] > git config --get commit.template [1ms]
[2022-08-04T09:22:36.526Z] > git status -z -uall [48ms]
[2022-08-04T09:22:36.532Z] > git symbolic-ref --short HEAD [2ms]
[2022-08-04T09:22:36.538Z] > git for-each-ref --format=%(refname)%00%(upstream:short)%00%(objectname)%00%(upstream:track)%00%(upstream:remotename)%00%(upstream:remoteref) refs/heads/main refs/remotes/main [2ms]
[2022-08-04T09:22:36.547Z] > git for-each-ref --sort -committerdate --format %(refname) %(objectname) %(*objectname) [5ms]
[2022-08-04T09:22:36.547Z] > git remote --verbose [1ms]
[2022-08-04T09:22:36.558Z] > git config --get commit.template [3ms]
[2022-08-04T09:22:41.614Z] > git status -z -uall [50ms]
[2022-08-04T09:22:41.620Z] > git symbolic-ref --short HEAD [1ms]
[2022-08-04T09:22:41.626Z] > git for-each-ref --format=%(refname)%00%(upstream:short)%00%(objectname)%00%(upstream:track)%00%(upstream:remotename)%00%(upstream:remoteref) refs/heads/main refs/remotes/main [1ms]
[2022-08-04T09:22:41.641Z] > git for-each-ref --sort -committerdate --format %(refname) %(objectname) %(*objectname) [8ms]
[2022-08-04T09:22:41.642Z] > git remote --verbose [3ms]
[2022-08-04T09:22:41.656Z] > git config --get commit.template [2ms]
[2022-08-04T09:22:46.712Z] > git status -z -uall [50ms]
[2022-08-04T09:22:46.718Z] > git symbolic-ref --short HEAD [1ms]
[2022-08-04T09:22:46.724Z] > git for-each-ref --format=%(refname)%00%(upstream:short)%00%(objectname)%00%(upstream:track)%00%(upstream:remotename)%00%(upstream:remoteref) refs/heads/main refs/remotes/main [1ms]
[2022-08-04T09:22:46.734Z] > git for-each-ref --sort -committerdate --format %(refname) %(objectname) %(*objectname) [6ms]
[2022-08-04T09:22:46.734Z] > git remote --verbose [1ms]
[2022-08-04T09:22:46.743Z] > git config --get commit.template [1ms]
[2022-08-04T09:22:51.808Z] > git status -z -uall [52ms]
[2022-08-04T09:22:51.814Z] > git symbolic-ref --short HEAD [2ms]
[2022-08-04T09:22:51.820Z] > git for-each-ref --format=%(refname)%00%(upstream:short)%00%(objectname)%00%(upstream:track)%00%(upstream:remotename)%00%(upstream:remoteref) refs/heads/main refs/remotes/main [1ms]
[2022-08-04T09:22:51.829Z] > git for-each-ref --sort -committerdate --format %(refname) %(objectname) %(*objectname) [5ms]
[2022-08-04T09:22:51.830Z] > git remote --verbose [2ms]
[2022-08-04T09:22:51.838Z] > git config --get commit.template [1ms]
[2022-08-04T09:22:56.901Z] > git status -z -uall [55ms]
[2022-08-04T09:22:56.907Z] > git symbolic-ref --short HEAD [1ms]
[2022-08-04T09:22:56.913Z] > git for-each-ref --format=%(refname)%00%(upstream:short)%00%(objectname)%00%(upstream:track)%00%(upstream:remotename)%00%(upstream:remoteref) refs/heads/main refs/remotes/main [1ms]
[2022-08-04T09:22:56.926Z] > git for-each-ref --sort -committerdate --format %(refname) %(objectname) %(*objectname) [8ms]
[2022-08-04T09:22:56.926Z] > git remote --verbose [3ms]
[2022-08-04T09:22:56.936Z] > git config --get commit.template [1ms]
[2022-08-04T09:23:01.989Z] > git status -z -uall [47ms]
[2022-08-04T09:23:01.995Z] > git symbolic-ref --short HEAD [2ms]
[2022-08-04T09:23:02.001Z] > git for-each-ref --format=%(refname)%00%(upstream:short)%00%(objectname)%00%(upstream:track)%00%(upstream:remotename)%00%(upstream:remoteref) refs/heads/main refs/remotes/main [1ms]
[2022-08-04T09:23:02.012Z] > git remote --verbose [1ms]
[2022-08-04T09:23:02.013Z] > git for-each-ref --sort -committerdate --format %(refname) %(objectname) %(*objectname) [8ms]
[2022-08-04T09:23:02.023Z] > git config --get commit.template [1ms]
[2022-08-04T09:23:36.004Z] > git status -z -uall [76ms]
[2022-08-04T09:23:36.012Z] > git symbolic-ref --short HEAD [2ms]
[2022-08-04T09:23:36.023Z] > git for-each-ref --format=%(refname)%00%(upstream:short)%00%(objectname)%00%(upstream:track)%00%(upstream:remotename)%00%(upstream:remoteref) refs/heads/main refs/remotes/main [1ms]
[2022-08-04T09:23:36.038Z] > git for-each-ref --sort -committerdate --format %(refname) %(objectname) %(*objectname) [8ms]
[2022-08-04T09:23:36.038Z] > git remote --verbose [2ms]
[2022-08-04T09:23:36.051Z] > git config --get commit.template [2ms]
[2022-08-04T09:23:41.107Z] > git status -z -uall [49ms]
[2022-08-04T09:23:41.112Z] > git symbolic-ref --short HEAD [1ms]
[2022-08-04T09:23:41.120Z] > git for-each-ref --format=%(refname)%00%(upstream:short)%00%(objectname)%00%(upstream:track)%00%(upstream:remotename)%00%(upstream:remoteref) refs/heads/main refs/remotes/main [2ms]
[2022-08-04T09:23:41.129Z] > git for-each-ref --sort -committerdate --format %(refname) %(objectname) %(*objectname) [5ms]
[2022-08-04T09:23:41.129Z] > git remote --verbose [1ms]
[2022-08-04T09:23:41.138Z] > git config --get commit.template [1ms]
[2022-08-04T09:23:46.209Z] > git status -z -uall [64ms]
[2022-08-04T09:23:46.217Z] > git symbolic-ref --short HEAD [1ms]
[2022-08-04T09:23:46.224Z] > git for-each-ref --format=%(refname)%00%(upstream:short)%00%(objectname)%00%(upstream:track)%00%(upstream:remotename)%00%(upstream:remoteref) refs/heads/main refs/remotes/main [1ms]
[2022-08-04T09:23:46.236Z] > git for-each-ref --sort -committerdate --format %(refname) %(objectname) %(*objectname) [6ms]
[2022-08-04T09:23:46.237Z] > git remote --verbose [2ms]
[2022-08-04T09:23:46.250Z] > git config --get commit.template [2ms]
[2022-08-04T09:23:52.506Z] > git status -z -uall [50ms]
[2022-08-04T09:23:52.511Z] > git symbolic-ref --short HEAD [1ms]
[2022-08-04T09:23:52.518Z] > git for-each-ref --format=%(refname)%00%(upstream:short)%00%(objectname)%00%(upstream:track)%00%(upstream:remotename)%00%(upstream:remoteref) refs/heads/main refs/remotes/main [1ms]
[2022-08-04T09:23:52.529Z] > git remote --verbose [1ms]
[2022-08-04T09:23:52.529Z] > git for-each-ref --sort -committerdate --format %(refname) %(objectname) %(*objectname) [7ms]
[2022-08-04T09:23:52.543Z] > git config --get commit.template [5ms]
[2022-08-04T09:23:57.677Z] > git status -z -uall [127ms]
[2022-08-04T09:23:57.689Z] > git symbolic-ref --short HEAD [2ms]
[2022-08-04T09:23:57.695Z] > git for-each-ref --format=%(refname)%00%(upstream:short)%00%(objectname)%00%(upstream:track)%00%(upstream:remotename)%00%(upstream:remoteref) refs/heads/main refs/remotes/main [2ms]
[2022-08-04T09:23:57.710Z] > git for-each-ref --sort -committerdate --format %(refname) %(objectname) %(*objectname) [6ms]
[2022-08-04T09:23:57.710Z] > git remote --verbose [1ms]
[2022-08-04T09:23:57.723Z] > git config --get commit.template [1ms]
[2022-08-04T09:25:13.936Z] > git status -z -uall [79ms]
[2022-08-04T09:25:13.942Z] > git symbolic-ref --short HEAD [2ms]
[2022-08-04T09:25:13.950Z] > git for-each-ref --format=%(refname)%00%(upstream:short)%00%(objectname)%00%(upstream:track)%00%(upstream:remotename)%00%(upstream:remoteref) refs/heads/main refs/remotes/main [1ms]
[2022-08-04T09:25:13.968Z] > git for-each-ref --sort -committerdate --format %(refname) %(objectname) %(*objectname) [11ms]
[2022-08-04T09:25:13.968Z] > git remote --verbose [2ms]
[2022-08-04T09:25:13.983Z] > git config --get commit.template [2ms]
[2022-08-04T09:25:19.072Z] > git status -z -uall [68ms]
[2022-08-04T09:25:19.079Z] > git symbolic-ref --short HEAD [1ms]
[2022-08-04T09:25:19.085Z] > git for-each-ref --format=%(refname)%00%(upstream:short)%00%(objectname)%00%(upstream:track)%00%(upstream:remotename)%00%(upstream:remoteref) refs/heads/main refs/remotes/main [1ms]
[2022-08-04T09:25:19.095Z] > git for-each-ref --sort -committerdate --format %(refname) %(objectname) %(*objectname) [6ms]
[2022-08-04T09:25:19.096Z] > git remote --verbose [2ms]
[2022-08-04T09:25:19.105Z] > git config --get commit.template [0ms]
[2022-08-04T09:27:11.076Z] > git status -z -uall [68ms]
[2022-08-04T09:27:11.082Z] > git symbolic-ref --short HEAD [1ms]
[2022-08-04T09:27:11.090Z] > git for-each-ref --format=%(refname)%00%(upstream:short)%00%(objectname)%00%(upstream:track)%00%(upstream:remotename)%00%(upstream:remoteref) refs/heads/main refs/remotes/main [1ms]
[2022-08-04T09:27:11.100Z] > git for-each-ref --sort -committerdate --format %(refname) %(objectname) %(*objectname) [5ms]
[2022-08-04T09:27:11.100Z] > git remote --verbose [1ms]
[2022-08-04T09:27:11.111Z] > git config --get commit.template [0ms]
[2022-08-04T09:27:16.165Z] > git status -z -uall [44ms]
[2022-08-04T09:27:16.170Z] > git symbolic-ref --short HEAD [2ms]
[2022-08-04T09:27:16.175Z] > git for-each-ref --format=%(refname)%00%(upstream:short)%00%(objectname)%00%(upstream:track)%00%(upstream:remotename)%00%(upstream:remoteref) refs/heads/main refs/remotes/main [1ms]
[2022-08-04T09:27:16.183Z] > git for-each-ref --sort -committerdate --format %(refname) %(objectname) %(*objectname) [4ms]
[2022-08-04T09:27:16.184Z] > git remote --verbose [2ms]
[2022-08-04T09:27:16.191Z] > git config --get commit.template [1ms]
[2022-08-04T09:27:21.251Z] > git status -z -uall [45ms]
[2022-08-04T09:27:21.256Z] > git symbolic-ref --short HEAD [1ms]
[2022-08-04T09:27:21.261Z] > git for-each-ref --format=%(refname)%00%(upstream:short)%00%(objectname)%00%(upstream:track)%00%(upstream:remotename)%00%(upstream:remoteref) refs/heads/main refs/remotes/main [1ms]
[2022-08-04T09:27:21.270Z] > git remote --verbose [1ms]
[2022-08-04T09:27:21.270Z] > git for-each-ref --sort -committerdate --format %(refname) %(objectname) %(*objectname) [5ms]
[2022-08-04T09:27:21.278Z] > git config --get commit.template [1ms]
[2022-08-04T09:27:26.338Z] > git status -z -uall [47ms]
[2022-08-04T09:27:26.343Z] > git symbolic-ref --short HEAD [1ms]
[2022-08-04T09:27:26.349Z] > git for-each-ref --format=%(refname)%00%(upstream:short)%00%(objectname)%00%(upstream:track)%00%(upstream:remotename)%00%(upstream:remoteref) refs/heads/main refs/remotes/main [2ms]
[2022-08-04T09:27:26.357Z] > git for-each-ref --sort -committerdate --format %(refname) %(objectname) %(*objectname) [4ms]
[2022-08-04T09:27:26.358Z] > git remote --verbose [2ms]
[2022-08-04T09:27:26.369Z] > git config --get commit.template [1ms]
[2022-08-04T09:27:31.421Z] > git status -z -uall [46ms]
[2022-08-04T09:27:31.427Z] > git symbolic-ref --short HEAD [2ms]
[2022-08-04T09:27:31.432Z] > git for-each-ref --format=%(refname)%00%(upstream:short)%00%(objectname)%00%(upstream:track)%00%(upstream:remotename)%00%(upstream:remoteref) refs/heads/main refs/remotes/main [1ms]
[2022-08-04T09:27:31.441Z] > git for-each-ref --sort -committerdate --format %(refname) %(objectname) %(*objectname) [5ms]
[2022-08-04T09:27:31.441Z] > git remote --verbose [1ms]
[2022-08-04T09:27:31.449Z] > git config --get commit.template [1ms]
[2022-08-04T09:27:36.519Z] > git status -z -uall [58ms]
[2022-08-04T09:27:36.524Z] > git symbolic-ref --short HEAD [1ms]
[2022-08-04T09:27:36.530Z] > git for-each-ref --format=%(refname)%00%(upstream:short)%00%(objectname)%00%(upstream:track)%00%(upstream:remotename)%00%(upstream:remoteref) refs/heads/main refs/remotes/main [1ms]
[2022-08-04T09:27:36.538Z] > git for-each-ref --sort -committerdate --format %(refname) %(objectname) %(*objectname) [4ms]
[2022-08-04T09:27:36.539Z] > git remote --verbose [1ms]
[2022-08-04T09:27:36.546Z] > git config --get commit.template [1ms]
[2022-08-04T09:27:41.603Z] > git status -z -uall [44ms]
[2022-08-04T09:27:41.608Z] > git symbolic-ref --short HEAD [1ms]
[2022-08-04T09:27:41.614Z] > git for-each-ref --format=%(refname)%00%(upstream:short)%00%(objectname)%00%(upstream:track)%00%(upstream:remotename)%00%(upstream:remoteref) refs/heads/main refs/remotes/main [1ms]
[2022-08-04T09:27:41.623Z] > git for-each-ref --sort -committerdate --format %(refname) %(objectname) %(*objectname) [5ms]
[2022-08-04T09:27:41.623Z] > git remote --verbose [1ms]
[2022-08-04T09:27:41.632Z] > git config --get commit.template [1ms]
[2022-08-04T09:27:46.699Z] > git status -z -uall [53ms]
[2022-08-04T09:27:46.705Z] > git symbolic-ref --short HEAD [1ms]
[2022-08-04T09:27:46.711Z] > git for-each-ref --format=%(refname)%00%(upstream:short)%00%(objectname)%00%(upstream:track)%00%(upstream:remotename)%00%(upstream:remoteref) refs/heads/main refs/remotes/main [2ms]
[2022-08-04T09:27:46.720Z] > git for-each-ref --sort -committerdate --format %(refname) %(objectname) %(*objectname) [5ms]
[2022-08-04T09:27:46.720Z] > git remote --verbose [1ms]
[2022-08-04T09:27:46.729Z] > git config --get commit.template [1ms]
[2022-08-04T09:36:23.486Z] > git status -z -uall [71ms]
[2022-08-04T09:36:23.492Z] > git symbolic-ref --short HEAD [2ms]
[2022-08-04T09:36:23.500Z] > git for-each-ref --format=%(refname)%00%(upstream:short)%00%(objectname)%00%(upstream:track)%00%(upstream:remotename)%00%(upstream:remoteref) refs/heads/main refs/remotes/main [2ms]
[2022-08-04T09:36:23.509Z] > git for-each-ref --sort -committerdate --format %(refname) %(objectname) %(*objectname) [4ms]
[2022-08-04T09:36:23.509Z] > git remote --verbose [1ms]
[2022-08-04T09:36:23.519Z] > git config --get commit.template [1ms]
[2022-08-04T09:36:28.636Z] > git status -z -uall [102ms]
[2022-08-04T09:36:28.642Z] > git symbolic-ref --short HEAD [2ms]
[2022-08-04T09:36:28.650Z] > git for-each-ref --format=%(refname)%00%(upstream:short)%00%(objectname)%00%(upstream:track)%00%(upstream:remotename)%00%(upstream:remoteref) refs/heads/main refs/remotes/main [1ms]
[2022-08-04T09:36:28.659Z] > git for-each-ref --sort -committerdate --format %(refname) %(objectname) %(*objectname) [5ms]
[2022-08-04T09:36:28.659Z] > git remote --verbose [1ms]
[2022-08-04T09:36:28.670Z] > git config --get commit.template [1ms]
[2022-08-04T09:36:33.742Z] > git status -z -uall [58ms]
[2022-08-04T09:36:33.747Z] > git symbolic-ref --short HEAD [2ms]
[2022-08-04T09:36:33.752Z] > git for-each-ref --format=%(refname)%00%(upstream:short)%00%(objectname)%00%(upstream:track)%00%(upstream:remotename)%00%(upstream:remoteref) refs/heads/main refs/remotes/main [1ms]
[2022-08-04T09:36:33.761Z] > git for-each-ref --sort -committerdate --format %(refname) %(objectname) %(*objectname) [5ms]
[2022-08-04T09:36:33.761Z] > git remote --verbose [1ms]
[2022-08-04T09:36:33.769Z] > git config --get commit.template [1ms]
[2022-08-04T09:36:59.340Z] > git status -z -uall [74ms]
[2022-08-04T09:36:59.361Z] > git symbolic-ref --short HEAD [2ms]
[2022-08-04T09:36:59.369Z] > git for-each-ref --format=%(refname)%00%(upstream:short)%00%(objectname)%00%(upstream:track)%00%(upstream:remotename)%00%(upstream:remoteref) refs/heads/main refs/remotes/main [2ms]
[2022-08-04T09:36:59.398Z] > git for-each-ref --sort -committerdate --format %(refname) %(objectname) %(*objectname) [16ms]
[2022-08-04T09:36:59.399Z] > git remote --verbose [3ms]
[2022-08-04T09:36:59.419Z] > git config --get commit.template [1ms]
[2022-08-04T09:40:02.496Z] > git status -z -uall [129ms]
[2022-08-04T09:40:02.503Z] > git symbolic-ref --short HEAD [2ms]
[2022-08-04T09:40:02.511Z] > git for-each-ref --format=%(refname)%00%(upstream:short)%00%(objectname)%00%(upstream:track)%00%(upstream:remotename)%00%(upstream:remoteref) refs/heads/main refs/remotes/main [2ms]
[2022-08-04T09:40:02.527Z] > git remote --verbose [3ms]
[2022-08-04T09:40:02.527Z] > git for-each-ref --sort -committerdate --format %(refname) %(objectname) %(*objectname) [10ms]
[2022-08-04T09:40:02.539Z] > git config --get commit.template [1ms]
[2022-08-04T09:40:07.719Z] > git status -z -uall [166ms]
[2022-08-04T09:40:07.731Z] > git symbolic-ref --short HEAD [3ms]
[2022-08-04T09:40:07.745Z] > git for-each-ref --format=%(refname)%00%(upstream:short)%00%(objectname)%00%(upstream:track)%00%(upstream:remotename)%00%(upstream:remoteref) refs/heads/main refs/remotes/main [4ms]
[2022-08-04T09:40:07.765Z] > git for-each-ref --sort -committerdate --format %(refname) %(objectname) %(*objectname) [11ms]
[2022-08-04T09:40:07.766Z] > git remote --verbose [3ms]
[2022-08-04T09:40:07.794Z] > git config --get commit.template [5ms]
[2022-08-04T09:40:12.967Z] > git status -z -uall [156ms]
[2022-08-04T09:40:12.975Z] > git symbolic-ref --short HEAD [2ms]
[2022-08-04T09:40:12.982Z] > git for-each-ref --format=%(refname)%00%(upstream:short)%00%(objectname)%00%(upstream:track)%00%(upstream:remotename)%00%(upstream:remoteref) refs/heads/main refs/remotes/main [2ms]
[2022-08-04T09:40:12.992Z] > git for-each-ref --sort -committerdate --format %(refname) %(objectname) %(*objectname) [5ms]
[2022-08-04T09:40:12.992Z] > git remote --verbose [1ms]
[2022-08-04T09:40:13.003Z] > git config --get commit.template [4ms]
[2022-08-04T09:40:18.189Z] > git status -z -uall [169ms]
[2022-08-04T09:40:18.198Z] > git symbolic-ref --short HEAD [1ms]
[2022-08-04T09:40:18.213Z] > git for-each-ref --format=%(refname)%00%(upstream:short)%00%(objectname)%00%(upstream:track)%00%(upstream:remotename)%00%(upstream:remoteref) refs/heads/main refs/remotes/main [9ms]
[2022-08-04T09:40:18.229Z] > git for-each-ref --sort -committerdate --format %(refname) %(objectname) %(*objectname) [10ms]
[2022-08-04T09:40:18.229Z] > git remote --verbose [5ms]
[2022-08-04T09:40:18.241Z] > git config --get commit.template [1ms]
[2022-08-04T09:40:23.363Z] > git status -z -uall [108ms]
[2022-08-04T09:40:23.370Z] > git symbolic-ref --short HEAD [2ms]
[2022-08-04T09:40:23.376Z] > git for-each-ref --format=%(refname)%00%(upstream:short)%00%(objectname)%00%(upstream:track)%00%(upstream:remotename)%00%(upstream:remoteref) refs/heads/main refs/remotes/main [2ms]
[2022-08-04T09:40:23.385Z] > git for-each-ref --sort -committerdate --format %(refname) %(objectname) %(*objectname) [5ms]
[2022-08-04T09:40:23.386Z] > git remote --verbose [2ms]
[2022-08-04T09:40:23.394Z] > git config --get commit.template [1ms]
[2022-08-04T09:40:28.536Z] > git status -z -uall [128ms]
[2022-08-04T09:40:28.546Z] > git symbolic-ref --short HEAD [2ms]
[2022-08-04T09:40:28.557Z] > git for-each-ref --format=%(refname)%00%(upstream:short)%00%(objectname)%00%(upstream:track)%00%(upstream:remotename)%00%(upstream:remoteref) refs/heads/main refs/remotes/main [3ms]
[2022-08-04T09:40:28.574Z] > git for-each-ref --sort -committerdate --format %(refname) %(objectname) %(*objectname) [10ms]
[2022-08-04T09:40:28.575Z] > git remote --verbose [3ms]
[2022-08-04T09:40:28.594Z] > git config --get commit.template [4ms]
[2022-08-04T09:40:33.746Z] > git status -z -uall [135ms]
[2022-08-04T09:40:33.757Z] > git symbolic-ref --short HEAD [3ms]
[2022-08-04T09:40:33.769Z] > git for-each-ref --format=%(refname)%00%(upstream:short)%00%(objectname)%00%(upstream:track)%00%(upstream:remotename)%00%(upstream:remoteref) refs/heads/main refs/remotes/main [3ms]
[2022-08-04T09:40:33.787Z] > git for-each-ref --sort -committerdate --format %(refname) %(objectname) %(*objectname) [9ms]
[2022-08-04T09:40:33.787Z] > git remote --verbose [3ms]
[2022-08-04T09:40:33.805Z] > git config --get commit.template [3ms]
[2022-08-04T09:40:38.967Z] > git status -z -uall [145ms]
[2022-08-04T09:40:38.973Z] > git symbolic-ref --short HEAD [1ms]
[2022-08-04T09:40:38.979Z] > git for-each-ref --format=%(refname)%00%(upstream:short)%00%(objectname)%00%(upstream:track)%00%(upstream:remotename)%00%(upstream:remoteref) refs/heads/main refs/remotes/main [1ms]
[2022-08-04T09:40:38.990Z] > git for-each-ref --sort -committerdate --format %(refname) %(objectname) %(*objectname) [5ms]
[2022-08-04T09:40:38.994Z] > git remote --verbose [5ms]
[2022-08-04T09:40:39.005Z] > git config --get commit.template [2ms]
[2022-08-04T09:40:44.150Z] > git status -z -uall [131ms]
[2022-08-04T09:40:44.160Z] > git symbolic-ref --short HEAD [2ms]
[2022-08-04T09:40:44.170Z] > git for-each-ref --format=%(refname)%00%(upstream:short)%00%(objectname)%00%(upstream:track)%00%(upstream:remotename)%00%(upstream:remoteref) refs/heads/main refs/remotes/main [3ms]
[2022-08-04T09:40:44.185Z] > git for-each-ref --sort -committerdate --format %(refname) %(objectname) %(*objectname) [8ms]
[2022-08-04T09:40:44.186Z] > git remote --verbose [3ms]
[2022-08-04T09:40:44.202Z] > git config --get commit.template [3ms]
[2022-08-04T09:40:49.352Z] > git status -z -uall [134ms]
[2022-08-04T09:40:49.368Z] > git symbolic-ref --short HEAD [4ms]
[2022-08-04T09:40:49.379Z] > git for-each-ref --format=%(refname)%00%(upstream:short)%00%(objectname)%00%(upstream:track)%00%(upstream:remotename)%00%(upstream:remoteref) refs/heads/main refs/remotes/main [2ms]
[2022-08-04T09:40:49.400Z] > git for-each-ref --sort -committerdate --format %(refname) %(objectname) %(*objectname) [11ms]
[2022-08-04T09:40:49.401Z] > git remote --verbose [4ms]
[2022-08-04T09:40:49.420Z] > git config --get commit.template [4ms]
[2022-08-04T09:40:54.563Z] > git status -z -uall [127ms]
[2022-08-04T09:40:54.576Z] > git symbolic-ref --short HEAD [4ms]
[2022-08-04T09:40:54.588Z] > git for-each-ref --format=%(refname)%00%(upstream:short)%00%(objectname)%00%(upstream:track)%00%(upstream:remotename)%00%(upstream:remoteref) refs/heads/main refs/remotes/main [3ms]
[2022-08-04T09:40:54.608Z] > git for-each-ref --sort -committerdate --format %(refname) %(objectname) %(*objectname) [11ms]
[2022-08-04T09:40:54.609Z] > git remote --verbose [3ms]
[2022-08-04T09:40:54.630Z] > git config --get commit.template [4ms]
[2022-08-04T09:40:59.774Z] > git status -z -uall [130ms]
[2022-08-04T09:40:59.786Z] > git symbolic-ref --short HEAD [3ms]
[2022-08-04T09:40:59.798Z] > git for-each-ref --format=%(refname)%00%(upstream:short)%00%(objectname)%00%(upstream:track)%00%(upstream:remotename)%00%(upstream:remoteref) refs/heads/main refs/remotes/main [3ms]
[2022-08-04T09:40:59.818Z] > git for-each-ref --sort -committerdate --format %(refname) %(objectname) %(*objectname) [11ms]
[2022-08-04T09:40:59.819Z] > git remote --verbose [3ms]
[2022-08-04T09:40:59.841Z] > git config --get commit.template [4ms]
[2022-08-04T09:41:05.045Z] > git status -z -uall [188ms]
[2022-08-04T09:41:05.058Z] > git symbolic-ref --short HEAD [4ms]
[2022-08-04T09:41:05.071Z] > git for-each-ref --format=%(refname)%00%(upstream:short)%00%(objectname)%00%(upstream:track)%00%(upstream:remotename)%00%(upstream:remoteref) refs/heads/main refs/remotes/main [4ms]
[2022-08-04T09:41:05.092Z] > git for-each-ref --sort -committerdate --format %(refname) %(objectname) %(*objectname) [12ms]
[2022-08-04T09:41:05.093Z] > git remote --verbose [3ms]
[2022-08-04T09:41:05.115Z] > git config --get commit.template [5ms]
[2022-08-04T09:41:10.268Z] > git status -z -uall [137ms]
[2022-08-04T09:41:10.277Z] > git symbolic-ref --short HEAD [2ms]
[2022-08-04T09:41:10.287Z] > git for-each-ref --format=%(refname)%00%(upstream:short)%00%(objectname)%00%(upstream:track)%00%(upstream:remotename)%00%(upstream:remoteref) refs/heads/main refs/remotes/main [2ms]
[2022-08-04T09:41:10.302Z] > git for-each-ref --sort -committerdate --format %(refname) %(objectname) %(*objectname) [8ms]
[2022-08-04T09:41:10.303Z] > git remote --verbose [2ms]
[2022-08-04T09:41:10.321Z] > git config --get commit.template [5ms]
[2022-08-04T09:41:15.510Z] > git status -z -uall [173ms]
[2022-08-04T09:41:15.525Z] > git symbolic-ref --short HEAD [6ms]
[2022-08-04T09:41:15.538Z] > git for-each-ref --format=%(refname)%00%(upstream:short)%00%(objectname)%00%(upstream:track)%00%(upstream:remotename)%00%(upstream:remoteref) refs/heads/main refs/remotes/main [3ms]
[2022-08-04T09:41:15.557Z] > git for-each-ref --sort -committerdate --format %(refname) %(objectname) %(*objectname) [11ms]
[2022-08-04T09:41:15.558Z] > git remote --verbose [3ms]
[2022-08-04T09:41:15.577Z] > git config --get commit.template [4ms]
[2022-08-04T09:41:20.729Z] > git status -z -uall [137ms]
[2022-08-04T09:41:20.741Z] > git symbolic-ref --short HEAD [3ms]
[2022-08-04T09:41:20.753Z] > git for-each-ref --format=%(refname)%00%(upstream:short)%00%(objectname)%00%(upstream:track)%00%(upstream:remotename)%00%(upstream:remoteref) refs/heads/main refs/remotes/main [2ms]
[2022-08-04T09:41:20.774Z] > git for-each-ref --sort -committerdate --format %(refname) %(objectname) %(*objectname) [12ms]
[2022-08-04T09:41:20.775Z] > git remote --verbose [3ms]
[2022-08-04T09:41:20.796Z] > git config --get commit.template [4ms]
[2022-08-04T09:41:26.079Z] > git status -z -uall [136ms]
[2022-08-04T09:41:26.091Z] > git symbolic-ref --short HEAD [3ms]
[2022-08-04T09:41:26.104Z] > git for-each-ref --format=%(refname)%00%(upstream:short)%00%(objectname)%00%(upstream:track)%00%(upstream:remotename)%00%(upstream:remoteref) refs/heads/main refs/remotes/main [3ms]
[2022-08-04T09:41:26.126Z] > git for-each-ref --sort -committerdate --format %(refname) %(objectname) %(*objectname) [14ms]
[2022-08-04T09:41:26.127Z] > git remote --verbose [6ms]
[2022-08-04T09:41:26.147Z] > git config --get commit.template [4ms]
[2022-08-04T09:41:31.353Z] > git status -z -uall [186ms]
[2022-08-04T09:41:31.360Z] > git symbolic-ref --short HEAD [2ms]
[2022-08-04T09:41:31.368Z] > git for-each-ref --format=%(refname)%00%(upstream:short)%00%(objectname)%00%(upstream:track)%00%(upstream:remotename)%00%(upstream:remoteref) refs/heads/main refs/remotes/main [2ms]
[2022-08-04T09:41:31.378Z] > git for-each-ref --sort -committerdate --format %(refname) %(objectname) %(*objectname) [5ms]
[2022-08-04T09:41:31.378Z] > git remote --verbose [1ms]
[2022-08-04T09:41:31.394Z] > git config --get commit.template [1ms]
[2022-08-04T09:50:01.876Z] > git status -z -uall [98ms]
[2022-08-04T09:50:01.884Z] > git symbolic-ref --short HEAD [2ms]
[2022-08-04T09:50:01.892Z] > git for-each-ref --format=%(refname)%00%(upstream:short)%00%(objectname)%00%(upstream:track)%00%(upstream:remotename)%00%(upstream:remoteref) refs/heads/main refs/remotes/main [1ms]
[2022-08-04T09:50:01.904Z] > git for-each-ref --sort -committerdate --format %(refname) %(objectname) %(*objectname) [6ms]
[2022-08-04T09:50:01.904Z] > git remote --verbose [1ms]
[2022-08-04T09:50:01.919Z] > git config --get commit.template [4ms]
[2022-08-04T09:50:07.061Z] > git status -z -uall [129ms]
[2022-08-04T09:50:07.073Z] > git symbolic-ref --short HEAD [3ms]
[2022-08-04T09:50:07.085Z] > git for-each-ref --format=%(refname)%00%(upstream:short)%00%(objectname)%00%(upstream:track)%00%(upstream:remotename)%00%(upstream:remoteref) refs/heads/main refs/remotes/main [3ms]
[2022-08-04T09:50:07.107Z] > git for-each-ref --sort -committerdate --format %(refname) %(objectname) %(*objectname) [13ms]
[2022-08-04T09:50:07.108Z] > git remote --verbose [4ms]
[2022-08-04T09:50:07.127Z] > git config --get commit.template [3ms]
[2022-08-04T09:50:12.274Z] > git status -z -uall [130ms]
[2022-08-04T09:50:12.286Z] > git symbolic-ref --short HEAD [4ms]
[2022-08-04T09:50:12.297Z] > git for-each-ref --format=%(refname)%00%(upstream:short)%00%(objectname)%00%(upstream:track)%00%(upstream:remotename)%00%(upstream:remoteref) refs/heads/main refs/remotes/main [3ms]
[2022-08-04T09:50:12.316Z] > git for-each-ref --sort -committerdate --format %(refname) %(objectname) %(*objectname) [10ms]
[2022-08-04T09:50:12.317Z] > git remote --verbose [3ms]
[2022-08-04T09:50:12.337Z] > git config --get commit.template [4ms]
[2022-08-04T09:50:17.587Z] > git status -z -uall [235ms]
[2022-08-04T09:50:17.600Z] > git symbolic-ref --short HEAD [2ms]
[2022-08-04T09:50:17.614Z] > git for-each-ref --format=%(refname)%00%(upstream:short)%00%(objectname)%00%(upstream:track)%00%(upstream:remotename)%00%(upstream:remoteref) refs/heads/main refs/remotes/main [2ms]
[2022-08-04T09:50:17.652Z] > git for-each-ref --sort -committerdate --format %(refname) %(objectname) %(*objectname) [24ms]
[2022-08-04T09:50:17.653Z] > git remote --verbose [13ms]
[2022-08-04T09:50:17.677Z] > git config --get commit.template [3ms]
[2022-08-04T09:51:33.997Z] > git status -z -uall [88ms]
[2022-08-04T09:51:34.007Z] > git symbolic-ref --short HEAD [2ms]
[2022-08-04T09:51:34.016Z] > git for-each-ref --format=%(refname)%00%(upstream:short)%00%(objectname)%00%(upstream:track)%00%(upstream:remotename)%00%(upstream:remoteref) refs/heads/main refs/remotes/main [2ms]
[2022-08-04T09:51:34.031Z] > git for-each-ref --sort -committerdate --format %(refname) %(objectname) %(*objectname) [7ms]
[2022-08-04T09:51:34.031Z] > git remote --verbose [2ms]
[2022-08-04T09:51:34.042Z] > git config --get commit.template [1ms]
[2022-08-04T09:51:39.204Z] > git status -z -uall [148ms]
[2022-08-04T09:51:39.217Z] > git symbolic-ref --short HEAD [3ms]
[2022-08-04T09:51:39.231Z] > git for-each-ref --format=%(refname)%00%(upstream:short)%00%(objectname)%00%(upstream:track)%00%(upstream:remotename)%00%(upstream:remoteref) refs/heads/main refs/remotes/main [3ms]
[2022-08-04T09:51:39.251Z] > git for-each-ref --sort -committerdate --format %(refname) %(objectname) %(*objectname) [10ms]
[2022-08-04T09:51:39.253Z] > git remote --verbose [3ms]
[2022-08-04T09:51:39.274Z] > git config --get commit.template [4ms]
