[2022-08-04T13:29:01.573Z] Log level: Info
[2022-08-04T13:29:01.596Z] [info] Validating found git in: git
[2022-08-04T13:29:01.713Z] [info] Using git 2.37.1 from git
[2022-08-04T13:29:01.755Z] > git rev-parse --show-toplevel [11ms]
[2022-08-04T13:29:01.794Z] > git rev-parse --git-dir --git-common-dir [17ms]
[2022-08-04T13:29:01.811Z] [info] Open repository: /home/mash/phase-0-html-tables-lab/test/phase-0-html-tables-lab
[2022-08-04T13:29:01.854Z] > git status -z -uall [29ms]
[2022-08-04T13:29:01.873Z] > git symbolic-ref --short HEAD [12ms]
[2022-08-04T13:29:01.896Z] > git for-each-ref --format=%(refname)%00%(upstream:short)%00%(objectname)%00%(upstream:track)%00%(upstream:remotename)%00%(upstream:remoteref) refs/heads/master refs/remotes/master [9ms]
[2022-08-04T13:29:01.939Z] > git remote --verbose [6ms]
[2022-08-04T13:29:01.941Z] > git for-each-ref --sort -committerdate --format %(refname) %(objectname) %(*objectname) [33ms]
[2022-08-04T13:29:01.959Z] > git config --get commit.template [1ms]
[2022-08-04T13:29:02.277Z] > git status -z -uall [306ms]
[2022-08-04T13:29:02.289Z] > git symbolic-ref --short HEAD [5ms]
[2022-08-04T13:29:02.426Z] > git check-ignore -v -z --stdin [5ms]
[2022-08-04T13:29:02.433Z] > git for-each-ref --format=%(refname)%00%(upstream:short)%00%(objectname)%00%(upstream:track)%00%(upstream:remotename)%00%(upstream:remoteref) refs/heads/master refs/remotes/master [119ms]
[2022-08-04T13:29:02.468Z] > git remote --verbose [14ms]
[2022-08-04T13:29:02.470Z] > git for-each-ref --sort -committerdate --format %(refname) %(objectname) %(*objectname) [27ms]
[2022-08-04T13:29:02.495Z] > git config --get commit.template [6ms]
[2022-08-04T13:29:10.727Z] > git show --textconv :index.html [36ms]
[2022-08-04T13:29:10.728Z] > git ls-files --stage -- /home/mash/phase-0-html-tables-lab/test/phase-0-html-tables-lab/index.html [28ms]
[2022-08-04T13:29:10.745Z] > git cat-file -s 9027f1a70efa1cc6169a97eac66cad26550b7a82 [4ms]
[2022-08-04T18:33:57.230Z] > git status -z -uall [8ms]
[2022-08-04T18:33:57.238Z] > git symbolic-ref --short HEAD [2ms]
[2022-08-04T18:33:57.248Z] > git for-each-ref --format=%(refname)%00%(upstream:short)%00%(objectname)%00%(upstream:track)%00%(upstream:remotename)%00%(upstream:remoteref) refs/heads/master refs/remotes/master [1ms]
[2022-08-04T18:33:57.608Z] > git remote --verbose [296ms]
[2022-08-04T18:33:57.608Z] > git for-each-ref --sort -committerdate --format %(refname) %(objectname) %(*objectname) [338ms]
[2022-08-04T18:33:57.624Z] > git config --get commit.template [3ms]
[2022-08-04T18:33:58.486Z] > git check-ignore -v -z --stdin [6ms]
[2022-08-04T18:34:47.507Z] > git status -z -uall [5ms]
[2022-08-04T18:34:47.522Z] > git symbolic-ref --short HEAD [2ms]
[2022-08-04T18:34:47.536Z] > git for-each-ref --format=%(refname)%00%(upstream:short)%00%(objectname)%00%(upstream:track)%00%(upstream:remotename)%00%(upstream:remoteref) refs/heads/master refs/remotes/master [2ms]
[2022-08-04T18:34:47.557Z] > git remote --verbose [3ms]
[2022-08-04T18:34:47.557Z] > git for-each-ref --sort -committerdate --format %(refname) %(objectname) %(*objectname) [17ms]
[2022-08-04T18:34:47.584Z] > git config --get commit.template [9ms]
[2022-08-04T18:38:09.271Z] > git status -z -uall [4ms]
[2022-08-04T18:38:09.278Z] > git symbolic-ref --short HEAD [2ms]
[2022-08-04T18:38:09.284Z] > git for-each-ref --format=%(refname)%00%(upstream:short)%00%(objectname)%00%(upstream:track)%00%(upstream:remotename)%00%(upstream:remoteref) refs/heads/master refs/remotes/master [1ms]
[2022-08-04T18:38:09.305Z] > git remote --verbose [2ms]
[2022-08-04T18:38:09.306Z] > git for-each-ref --sort -committerdate --format %(refname) %(objectname) %(*objectname) [12ms]
[2022-08-04T18:38:09.320Z] > git config --get commit.template [2ms]
[2022-08-04T18:38:09.403Z] > git ls-files --stage -- /home/mash/phase-0-html-tables-lab/test/phase-0-html-tables-lab/index.html [1ms]
[2022-08-04T18:38:09.412Z] > git cat-file -s 8bb3a74cac417625116cc96f4beecde1ad2cc9dc [4ms]
[2022-08-04T18:38:09.427Z] > git show --textconv :index.html [3ms]
[2022-08-04T18:39:02.306Z] > git status -z -uall [3ms]
[2022-08-04T18:39:02.321Z] > git symbolic-ref --short HEAD [3ms]
[2022-08-04T18:39:02.342Z] > git for-each-ref --format=%(refname)%00%(upstream:short)%00%(objectname)%00%(upstream:track)%00%(upstream:remotename)%00%(upstream:remoteref) refs/heads/master refs/remotes/master [7ms]
[2022-08-04T18:39:02.367Z] > git remote --verbose [2ms]
[2022-08-04T18:39:02.368Z] > git for-each-ref --sort -committerdate --format %(refname) %(objectname) %(*objectname) [18ms]
[2022-08-04T18:39:02.406Z] > git config --get commit.template [4ms]
[2022-08-04T18:39:02.584Z] > git ls-files --stage -- /home/mash/phase-0-html-tables-lab/test/phase-0-html-tables-lab/index.html [3ms]
[2022-08-04T18:39:02.595Z] > git cat-file -s 8bb3a74cac417625116cc96f4beecde1ad2cc9dc [2ms]
[2022-08-04T18:39:02.701Z] > git show --textconv :index.html [9ms]
[2022-08-05T06:48:06.304Z] > git status -z -uall [10ms]
[2022-08-05T06:48:06.333Z] > git symbolic-ref --short HEAD [4ms]
[2022-08-05T06:48:06.388Z] > git for-each-ref --format=%(refname)%00%(upstream:short)%00%(objectname)%00%(upstream:track)%00%(upstream:remotename)%00%(upstream:remoteref) refs/heads/master refs/remotes/master [12ms]
[2022-08-05T06:48:06.484Z] > git remote --verbose [46ms]
[2022-08-05T06:48:06.488Z] > git for-each-ref --sort -committerdate --format %(refname) %(objectname) %(*objectname) [69ms]
[2022-08-05T06:48:06.537Z] > git ls-files --stage -- /home/mash/phase-0-html-tables-lab/test/phase-0-html-tables-lab/index.html [64ms]
[2022-08-05T06:48:06.556Z] > git config --get commit.template [20ms]
[2022-08-05T06:48:06.566Z] > git cat-file -s 8bb3a74cac417625116cc96f4beecde1ad2cc9dc [17ms]
[2022-08-05T06:48:06.606Z] > git show --textconv :index.html [12ms]
[2022-08-05T06:48:24.618Z] > git status -z -uall [15ms]
[2022-08-05T06:48:24.642Z] > git symbolic-ref --short HEAD [5ms]
[2022-08-05T06:48:24.654Z] > git for-each-ref --format=%(refname)%00%(upstream:short)%00%(objectname)%00%(upstream:track)%00%(upstream:remotename)%00%(upstream:remoteref) refs/heads/master refs/remotes/master [3ms]
[2022-08-05T06:48:24.676Z] > git remote --verbose [3ms]
[2022-08-05T06:48:24.678Z] > git for-each-ref --sort -committerdate --format %(refname) %(objectname) %(*objectname) [16ms]
[2022-08-05T06:48:24.695Z] > git config --get commit.template [2ms]
[2022-08-05T06:48:24.719Z] > git ls-files --stage -- /home/mash/phase-0-html-tables-lab/test/phase-0-html-tables-lab/index.html [5ms]
[2022-08-05T06:48:24.727Z] > git cat-file -s 8bb3a74cac417625116cc96f4beecde1ad2cc9dc [1ms]
[2022-08-05T06:48:24.824Z] > git show --textconv :index.html [18ms]
