[2022-08-04 13:42:01.522] [exthost] [info] Extension host with pid 9880 started
[2022-08-04 13:42:01.598] [exthost] [info] Lock '/home/mash/.vscode-server/data/User/workspaceStorage/5d90bb51b3f730da09f617fe00b4df66/vscode.lock': Lock acquired.
[2022-08-04 13:42:01.821] [exthost] [info] ExtensionService#_doActivateExtension vscode.html-language-features, startup: false, activationEvent: 'onLanguage:html'
[2022-08-04 13:42:02.070] [exthost] [info] ExtensionService#_doActivateExtension vscode.debug-auto-launch, startup: true, activationEvent: '*'
[2022-08-04 13:42:02.080] [exthost] [info] ExtensionService#_doActivateExtension vscode.git-base, startup: true, activationEvent: '*', root cause: vscode.git
[2022-08-04 13:42:02.090] [exthost] [info] ExtensionService#_doActivateExtension vscode.ipynb, startup: true, activationEvent: '*'
[2022-08-04 13:42:02.358] [exthost] [info] ExtensionService#_doActivateExtension vscode.git, startup: true, activationEvent: '*'
[2022-08-04 13:42:02.549] [exthost] [info] ExtensionService#_doActivateExtension vscode.github, startup: true, activationEvent: '*'
[2022-08-04 13:42:02.766] [exthost] [info] ExtensionService#_doActivateExtension vscode.emmet, startup: false, activationEvent: 'onStartupFinished'
[2022-08-04 13:42:02.807] [exthost] [info] ExtensionService#_doActivateExtension vscode.merge-conflict, startup: false, activationEvent: 'onStartupFinished'
[2022-08-04 13:42:02.818] [exthost] [info] ExtensionService#_doActivateExtension ritwickdey.LiveServer, startup: false, activationEvent: 'onStartupFinished'
[2022-08-04 13:42:03.074] [exthost] [info] Eager extensions activated
[2022-08-04 13:42:03.819] [exthost] [error] {"message":"Git error","stdout":"","stderr":"fatal: Pathspec '/home/mash/phase-0-html-document-structure-lab/index.html' is in submodule 'phase-0-html-document-structure-lab'\n","exitCode":128,"gitErrorCode":"IsInSubmodule"}
[2022-08-04 13:42:03.819] [exthost] [error] {"message":"Git error","stdout":"","stderr":"fatal: Pathspec '/home/mash/phase-0-html-document-structure-lab/index.html' is in submodule 'phase-0-html-document-structure-lab'\n","exitCode":128,"gitErrorCode":"IsInSubmodule"}
[2022-08-04 13:42:03.819] [exthost] [error] {"message":"Git error","stdout":"","stderr":"fatal: Pathspec '/home/mash/phase-0-html-document-structure-lab/index.html' is in submodule 'phase-0-html-document-structure-lab'\n","exitCode":128,"gitErrorCode":"IsInSubmodule"}
[2022-08-04 13:42:03.819] [exthost] [error] {"message":"Git error","stdout":"","stderr":"fatal: Pathspec '/home/mash/phase-0-html-document-structure-lab/index.html' is in submodule 'phase-0-html-document-structure-lab'\n","exitCode":128,"gitErrorCode":"IsInSubmodule"}
[2022-08-04 13:42:03.819] [exthost] [error] {"message":"Git error","stdout":"","stderr":"fatal: Pathspec '/home/mash/phase-0-html-document-structure-lab/index.html' is in submodule 'phase-0-html-document-structure-lab'\n","exitCode":128,"gitErrorCode":"IsInSubmodule"}
[2022-08-04 13:42:03.819] [exthost] [error] {"message":"Git error","stdout":"","stderr":"fatal: Pathspec '/home/mash/phase-0-html-document-structure-lab/index.html' is in submodule 'phase-0-html-document-structure-lab'\n","exitCode":128,"gitErrorCode":"IsInSubmodule"}
[2022-08-04 13:42:03.819] [exthost] [error] {"message":"Git error","stdout":"","stderr":"fatal: Pathspec '/home/mash/phase-0-html-document-structure-lab/index.html' is in submodule 'phase-0-html-document-structure-lab'\n","exitCode":128,"gitErrorCode":"IsInSubmodule"}
[2022-08-04 13:42:03.819] [exthost] [error] {"message":"Git error","stdout":"","stderr":"fatal: Pathspec '/home/mash/phase-0-html-document-structure-lab/index.html' is in submodule 'phase-0-html-document-structure-lab'\n","exitCode":128,"gitErrorCode":"IsInSubmodule"}
[2022-08-04 13:42:03.819] [exthost] [error] {"message":"Git error","stdout":"","stderr":"fatal: Pathspec '/home/mash/phase-0-html-document-structure-lab/index.html' is in submodule 'phase-0-html-document-structure-lab'\n","exitCode":128,"gitErrorCode":"IsInSubmodule"}
[2022-08-04 13:42:03.819] [exthost] [error] {"message":"Git error","stdout":"","stderr":"fatal: Pathspec '/home/mash/phase-0-html-document-structure-lab/index.html' is in submodule 'phase-0-html-document-structure-lab'\n","exitCode":128,"gitErrorCode":"IsInSubmodule"}
[2022-08-04 13:42:03.819] [exthost] [error] {"message":"Git error","stdout":"","stderr":"fatal: Pathspec '/home/mash/phase-0-html-document-structure-lab/index.html' is in submodule 'phase-0-html-document-structure-lab'\n","exitCode":128,"gitErrorCode":"IsInSubmodule"}
[2022-08-04 13:42:03.820] [exthost] [error] {"message":"Git error","stdout":"","stderr":"fatal: Pathspec '/home/mash/phase-0-html-document-structure-lab/index.html' is in submodule 'phase-0-html-document-structure-lab'\n","exitCode":128,"gitErrorCode":"IsInSubmodule"}
[2022-08-04 13:42:03.820] [exthost] [error] {"message":"Git error","stdout":"","stderr":"fatal: Pathspec '/home/mash/phase-0-html-document-structure-lab/index.html' is in submodule 'phase-0-html-document-structure-lab'\n","exitCode":128,"gitErrorCode":"IsInSubmodule"}
[2022-08-04 13:42:03.820] [exthost] [error] {"message":"Git error","stdout":"","stderr":"fatal: Pathspec '/home/mash/phase-0-html-document-structure-lab/index.html' is in submodule 'phase-0-html-document-structure-lab'\n","exitCode":128,"gitErrorCode":"IsInSubmodule"}
[2022-08-04 13:42:03.820] [exthost] [error] {"message":"Git error","stdout":"","stderr":"fatal: Pathspec '/home/mash/phase-0-html-document-structure-lab/index.html' is in submodule 'phase-0-html-document-structure-lab'\n","exitCode":128,"gitErrorCode":"IsInSubmodule"}
[2022-08-04 13:42:03.820] [exthost] [error] {"message":"Git error","stdout":"","stderr":"fatal: Pathspec '/home/mash/phase-0-html-document-structure-lab/index.html' is in submodule 'phase-0-html-document-structure-lab'\n","exitCode":128,"gitErrorCode":"IsInSubmodule"}
[2022-08-04 13:42:03.820] [exthost] [error] {"message":"Git error","stdout":"","stderr":"fatal: Pathspec '/home/mash/phase-0-html-document-structure-lab/index.html' is in submodule 'phase-0-html-document-structure-lab'\n","exitCode":128,"gitErrorCode":"IsInSubmodule"}
[2022-08-04 13:42:03.820] [exthost] [error] {"message":"Git error","stdout":"","stderr":"fatal: Pathspec '/home/mash/phase-0-html-document-structure-lab/index.html' is in submodule 'phase-0-html-document-structure-lab'\n","exitCode":128,"gitErrorCode":"IsInSubmodule"}
[2022-08-04 13:42:03.820] [exthost] [error] {"message":"Git error","stdout":"","stderr":"fatal: Pathspec '/home/mash/phase-0-html-document-structure-lab/index.html' is in submodule 'phase-0-html-document-structure-lab'\n","exitCode":128,"gitErrorCode":"IsInSubmodule"}
[2022-08-04 13:42:03.820] [exthost] [error] {"message":"Git error","stdout":"","stderr":"fatal: Pathspec '/home/mash/phase-0-html-document-structure-lab/index.html' is in submodule 'phase-0-html-document-structure-lab'\n","exitCode":128,"gitErrorCode":"IsInSubmodule"}
[2022-08-04 13:42:03.820] [exthost] [error] {"message":"Git error","stdout":"","stderr":"fatal: Pathspec '/home/mash/phase-0-html-document-structure-lab/index.html' is in submodule 'phase-0-html-document-structure-lab'\n","exitCode":128,"gitErrorCode":"IsInSubmodule"}
[2022-08-04 13:42:03.820] [exthost] [error] {"message":"Git error","stdout":"","stderr":"fatal: Pathspec '/home/mash/phase-0-html-document-structure-lab/index.html' is in submodule 'phase-0-html-document-structure-lab'\n","exitCode":128,"gitErrorCode":"IsInSubmodule"}
[2022-08-04 13:42:03.820] [exthost] [error] {"message":"Git error","stdout":"","stderr":"fatal: Pathspec '/home/mash/phase-0-html-document-structure-lab/index.html' is in submodule 'phase-0-html-document-structure-lab'\n","exitCode":128,"gitErrorCode":"IsInSubmodule"}
[2022-08-04 13:42:03.820] [exthost] [error] {"message":"Git error","stdout":"","stderr":"fatal: Pathspec '/home/mash/phase-0-html-document-structure-lab/index.html' is in submodule 'phase-0-html-document-structure-lab'\n","exitCode":128,"gitErrorCode":"IsInSubmodule"}
[2022-08-04 13:42:03.820] [exthost] [error] {"message":"Git error","stdout":"","stderr":"fatal: Pathspec '/home/mash/phase-0-html-document-structure-lab/index.html' is in submodule 'phase-0-html-document-structure-lab'\n","exitCode":128,"gitErrorCode":"IsInSubmodule"}
[2022-08-04 13:42:03.820] [exthost] [error] {"message":"Git error","stdout":"","stderr":"fatal: Pathspec '/home/mash/phase-0-html-document-structure-lab/index.html' is in submodule 'phase-0-html-document-structure-lab'\n","exitCode":128,"gitErrorCode":"IsInSubmodule"}
[2022-08-04 13:42:03.820] [exthost] [error] {"message":"Git error","stdout":"","stderr":"fatal: Pathspec '/home/mash/phase-0-html-document-structure-lab/index.html' is in submodule 'phase-0-html-document-structure-lab'\n","exitCode":128,"gitErrorCode":"IsInSubmodule"}
[2022-08-04 13:42:03.820] [exthost] [error] {"message":"Git error","stdout":"","stderr":"fatal: Pathspec '/home/mash/phase-0-html-document-structure-lab/index.html' is in submodule 'phase-0-html-document-structure-lab'\n","exitCode":128,"gitErrorCode":"IsInSubmodule"}
[2022-08-04 13:42:03.821] [exthost] [error] {"message":"Git error","stdout":"","stderr":"fatal: Pathspec '/home/mash/phase-0-html-document-structure-lab/index.html' is in submodule 'phase-0-html-document-structure-lab'\n","exitCode":128,"gitErrorCode":"IsInSubmodule"}
[2022-08-04 13:42:03.821] [exthost] [error] {"message":"Git error","stdout":"","stderr":"fatal: Pathspec '/home/mash/phase-0-html-document-structure-lab/index.html' is in submodule 'phase-0-html-document-structure-lab'\n","exitCode":128,"gitErrorCode":"IsInSubmodule"}
[2022-08-04 13:42:03.821] [exthost] [error] {"message":"Git error","stdout":"","stderr":"fatal: Pathspec '/home/mash/phase-0-html-document-structure-lab/index.html' is in submodule 'phase-0-html-document-structure-lab'\n","exitCode":128,"gitErrorCode":"IsInSubmodule"}
[2022-08-04 13:42:03.821] [exthost] [error] {"message":"Git error","stdout":"","stderr":"fatal: Pathspec '/home/mash/phase-0-html-document-structure-lab/index.html' is in submodule 'phase-0-html-document-structure-lab'\n","exitCode":128,"gitErrorCode":"IsInSubmodule"}
[2022-08-04 13:42:03.821] [exthost] [error] {"message":"Git error","stdout":"","stderr":"fatal: Pathspec '/home/mash/phase-0-html-document-structure-lab/index.html' is in submodule 'phase-0-html-document-structure-lab'\n","exitCode":128,"gitErrorCode":"IsInSubmodule"}
[2022-08-04 13:42:03.821] [exthost] [error] {"message":"Git error","stdout":"","stderr":"fatal: Pathspec '/home/mash/phase-0-html-document-structure-lab/index.html' is in submodule 'phase-0-html-document-structure-lab'\n","exitCode":128,"gitErrorCode":"IsInSubmodule"}
[2022-08-04 13:42:03.821] [exthost] [error] {"message":"Git error","stdout":"","stderr":"fatal: Pathspec '/home/mash/phase-0-html-document-structure-lab/index.html' is in submodule 'phase-0-html-document-structure-lab'\n","exitCode":128,"gitErrorCode":"IsInSubmodule"}
[2022-08-04 13:42:03.821] [exthost] [error] {"message":"Git error","stdout":"","stderr":"fatal: Pathspec '/home/mash/phase-0-html-document-structure-lab/index.html' is in submodule 'phase-0-html-document-structure-lab'\n","exitCode":128,"gitErrorCode":"IsInSubmodule"}
[2022-08-04 13:42:03.821] [exthost] [error] {"message":"Git error","stdout":"","stderr":"fatal: Pathspec '/home/mash/phase-0-html-document-structure-lab/index.html' is in submodule 'phase-0-html-document-structure-lab'\n","exitCode":128,"gitErrorCode":"IsInSubmodule"}
[2022-08-04 13:42:03.821] [exthost] [error] {"message":"Git error","stdout":"","stderr":"fatal: Pathspec '/home/mash/phase-0-html-document-structure-lab/index.html' is in submodule 'phase-0-html-document-structure-lab'\n","exitCode":128,"gitErrorCode":"IsInSubmodule"}
[2022-08-04 13:42:03.821] [exthost] [error] {"message":"Git error","stdout":"","stderr":"fatal: Pathspec '/home/mash/phase-0-html-document-structure-lab/index.html' is in submodule 'phase-0-html-document-structure-lab'\n","exitCode":128,"gitErrorCode":"IsInSubmodule"}
[2022-08-04 13:42:03.821] [exthost] [error] {"message":"Git error","stdout":"","stderr":"fatal: Pathspec '/home/mash/phase-0-html-document-structure-lab/index.html' is in submodule 'phase-0-html-document-structure-lab'\n","exitCode":128,"gitErrorCode":"IsInSubmodule"}
[2022-08-04 13:42:03.821] [exthost] [error] {"message":"Git error","stdout":"","stderr":"fatal: Pathspec '/home/mash/phase-0-html-document-structure-lab/index.html' is in submodule 'phase-0-html-document-structure-lab'\n","exitCode":128,"gitErrorCode":"IsInSubmodule"}
[2022-08-04 13:42:03.821] [exthost] [error] {"message":"Git error","stdout":"","stderr":"fatal: Pathspec '/home/mash/phase-0-html-document-structure-lab/index.html' is in submodule 'phase-0-html-document-structure-lab'\n","exitCode":128,"gitErrorCode":"IsInSubmodule"}
[2022-08-04 13:42:03.821] [exthost] [error] {"message":"Git error","stdout":"","stderr":"fatal: Pathspec '/home/mash/phase-0-html-document-structure-lab/index.html' is in submodule 'phase-0-html-document-structure-lab'\n","exitCode":128,"gitErrorCode":"IsInSubmodule"}
[2022-08-04 13:42:03.821] [exthost] [error] {"message":"Git error","stdout":"","stderr":"fatal: Pathspec '/home/mash/phase-0-html-document-structure-lab/index.html' is in submodule 'phase-0-html-document-structure-lab'\n","exitCode":128,"gitErrorCode":"IsInSubmodule"}
[2022-08-04 13:42:03.822] [exthost] [error] {"message":"Git error","stdout":"","stderr":"fatal: Pathspec '/home/mash/phase-0-html-document-structure-lab/index.html' is in submodule 'phase-0-html-document-structure-lab'\n","exitCode":128,"gitErrorCode":"IsInSubmodule"}
[2022-08-04 13:42:03.822] [exthost] [error] {"message":"Git error","stdout":"","stderr":"fatal: Pathspec '/home/mash/phase-0-html-document-structure-lab/index.html' is in submodule 'phase-0-html-document-structure-lab'\n","exitCode":128,"gitErrorCode":"IsInSubmodule"}
[2022-08-04 13:42:03.822] [exthost] [error] {"message":"Git error","stdout":"","stderr":"fatal: Pathspec '/home/mash/phase-0-html-document-structure-lab/index.html' is in submodule 'phase-0-html-document-structure-lab'\n","exitCode":128,"gitErrorCode":"IsInSubmodule"}
[2022-08-04 13:42:03.822] [exthost] [error] {"message":"Git error","stdout":"","stderr":"fatal: Pathspec '/home/mash/phase-0-html-document-structure-lab/index.html' is in submodule 'phase-0-html-document-structure-lab'\n","exitCode":128,"gitErrorCode":"IsInSubmodule"}
[2022-08-04 13:42:03.822] [exthost] [error] {"message":"Git error","stdout":"","stderr":"fatal: Pathspec '/home/mash/phase-0-html-document-structure-lab/index.html' is in submodule 'phase-0-html-document-structure-lab'\n","exitCode":128,"gitErrorCode":"IsInSubmodule"}
[2022-08-04 13:42:03.822] [exthost] [error] {"message":"Git error","stdout":"","stderr":"fatal: Pathspec '/home/mash/phase-0-html-document-structure-lab/index.html' is in submodule 'phase-0-html-document-structure-lab'\n","exitCode":128,"gitErrorCode":"IsInSubmodule"}
[2022-08-04 13:42:03.822] [exthost] [error] {"message":"Git error","stdout":"","stderr":"fatal: Pathspec '/home/mash/phase-0-html-document-structure-lab/index.html' is in submodule 'phase-0-html-document-structure-lab'\n","exitCode":128,"gitErrorCode":"IsInSubmodule"}
[2022-08-04 13:42:03.822] [exthost] [error] {"message":"Git error","stdout":"","stderr":"fatal: Pathspec '/home/mash/phase-0-html-document-structure-lab/index.html' is in submodule 'phase-0-html-document-structure-lab'\n","exitCode":128,"gitErrorCode":"IsInSubmodule"}
[2022-08-04 13:42:03.822] [exthost] [error] {"message":"Git error","stdout":"","stderr":"fatal: Pathspec '/home/mash/phase-0-html-document-structure-lab/index.html' is in submodule 'phase-0-html-document-structure-lab'\n","exitCode":128,"gitErrorCode":"IsInSubmodule"}
[2022-08-04 13:42:03.822] [exthost] [error] {"message":"Git error","stdout":"","stderr":"fatal: Pathspec '/home/mash/phase-0-html-document-structure-lab/index.html' is in submodule 'phase-0-html-document-structure-lab'\n","exitCode":128,"gitErrorCode":"IsInSubmodule"}
[2022-08-04 13:42:03.822] [exthost] [error] {"message":"Git error","stdout":"","stderr":"fatal: Pathspec '/home/mash/phase-0-html-document-structure-lab/index.html' is in submodule 'phase-0-html-document-structure-lab'\n","exitCode":128,"gitErrorCode":"IsInSubmodule"}
[2022-08-04 13:42:03.822] [exthost] [error] {"message":"Git error","stdout":"","stderr":"fatal: Pathspec '/home/mash/phase-0-html-document-structure-lab/index.html' is in submodule 'phase-0-html-document-structure-lab'\n","exitCode":128,"gitErrorCode":"IsInSubmodule"}
[2022-08-04 13:42:03.822] [exthost] [error] {"message":"Git error","stdout":"","stderr":"fatal: Pathspec '/home/mash/phase-0-html-document-structure-lab/index.html' is in submodule 'phase-0-html-document-structure-lab'\n","exitCode":128,"gitErrorCode":"IsInSubmodule"}
[2022-08-04 13:42:03.822] [exthost] [error] {"message":"Git error","stdout":"","stderr":"fatal: Pathspec '/home/mash/phase-0-html-document-structure-lab/index.html' is in submodule 'phase-0-html-document-structure-lab'\n","exitCode":128,"gitErrorCode":"IsInSubmodule"}
[2022-08-04 13:42:03.822] [exthost] [error] {"message":"Git error","stdout":"","stderr":"fatal: Pathspec '/home/mash/phase-0-html-document-structure-lab/index.html' is in submodule 'phase-0-html-document-structure-lab'\n","exitCode":128,"gitErrorCode":"IsInSubmodule"}
[2022-08-04 13:42:03.822] [exthost] [error] {"message":"Git error","stdout":"","stderr":"fatal: Pathspec '/home/mash/phase-0-html-document-structure-lab/index.html' is in submodule 'phase-0-html-document-structure-lab'\n","exitCode":128,"gitErrorCode":"IsInSubmodule"}
[2022-08-04 13:42:03.822] [exthost] [error] {"message":"Git error","stdout":"","stderr":"fatal: Pathspec '/home/mash/phase-0-html-document-structure-lab/index.html' is in submodule 'phase-0-html-document-structure-lab'\n","exitCode":128,"gitErrorCode":"IsInSubmodule"}
[2022-08-04 13:42:03.822] [exthost] [error] {"message":"Git error","stdout":"","stderr":"fatal: Pathspec '/home/mash/phase-0-html-document-structure-lab/index.html' is in submodule 'phase-0-html-document-structure-lab'\n","exitCode":128,"gitErrorCode":"IsInSubmodule"}
[2022-08-04 13:43:05.481] [exthost] [info] ExtensionService#_doActivateExtension vscode.extension-editing, startup: false, activationEvent: 'onLanguage:markdown'
[2022-08-04 13:43:05.651] [exthost] [info] ExtensionService#_doActivateExtension vscode.markdown-language-features, startup: false, activationEvent: 'onLanguage:markdown'
[2022-08-04 13:43:06.399] [exthost] [info] ExtensionService#_doActivateExtension vscode.markdown-math, startup: false, activationEvent: 'api', root cause: vscode.markdown-language-features
[2022-08-04 13:43:06.604] [exthost] [info] ExtensionService#_doActivateExtension vscode.configuration-editing, startup: false, activationEvent: 'onLanguage:json'
[2022-08-04 13:43:06.633] [exthost] [info] ExtensionService#_doActivateExtension vscode.json-language-features, startup: false, activationEvent: 'onLanguage:json'
[2022-08-04 13:43:06.771] [exthost] [info] ExtensionService#_doActivateExtension vscode.npm, startup: false, activationEvent: 'onLanguage:json'
[2022-08-04 13:43:50.180] [exthost] [error] {"message":"Git error","stdout":"","stderr":"fatal: Pathspec '/home/mash/phase-0-html-experiencing-html-lab/.github' is in submodule 'phase-0-html-experiencing-html-lab'\n","exitCode":128,"gitErrorCode":"IsInSubmodule"}
[2022-08-04 13:43:50.180] [exthost] [error] {"message":"Git error","stdout":"","stderr":"fatal: Pathspec '/home/mash/phase-0-html-experiencing-html-lab/.github' is in submodule 'phase-0-html-experiencing-html-lab'\n","exitCode":128,"gitErrorCode":"IsInSubmodule"}
[2022-08-04 13:43:50.180] [exthost] [error] {"message":"Git error","stdout":"","stderr":"fatal: Pathspec '/home/mash/phase-0-html-experiencing-html-lab/.github' is in submodule 'phase-0-html-experiencing-html-lab'\n","exitCode":128,"gitErrorCode":"IsInSubmodule"}
[2022-08-04 13:43:50.180] [exthost] [error] {"message":"Git error","stdout":"","stderr":"fatal: Pathspec '/home/mash/phase-0-html-experiencing-html-lab/.github' is in submodule 'phase-0-html-experiencing-html-lab'\n","exitCode":128,"gitErrorCode":"IsInSubmodule"}
[2022-08-04 13:43:50.181] [exthost] [error] {"message":"Git error","stdout":"","stderr":"fatal: Pathspec '/home/mash/phase-0-html-experiencing-html-lab/.github' is in submodule 'phase-0-html-experiencing-html-lab'\n","exitCode":128,"gitErrorCode":"IsInSubmodule"}
[2022-08-04 13:43:50.181] [exthost] [error] {"message":"Git error","stdout":"","stderr":"fatal: Pathspec '/home/mash/phase-0-html-experiencing-html-lab/.github' is in submodule 'phase-0-html-experiencing-html-lab'\n","exitCode":128,"gitErrorCode":"IsInSubmodule"}
[2022-08-04 13:43:50.181] [exthost] [error] {"message":"Git error","stdout":"","stderr":"fatal: Pathspec '/home/mash/phase-0-html-experiencing-html-lab/.github' is in submodule 'phase-0-html-experiencing-html-lab'\n","exitCode":128,"gitErrorCode":"IsInSubmodule"}
[2022-08-04 13:43:50.181] [exthost] [error] {"message":"Git error","stdout":"","stderr":"fatal: Pathspec '/home/mash/phase-0-html-experiencing-html-lab/.github' is in submodule 'phase-0-html-experiencing-html-lab'\n","exitCode":128,"gitErrorCode":"IsInSubmodule"}
[2022-08-04 13:43:50.181] [exthost] [error] {"message":"Git error","stdout":"","stderr":"fatal: Pathspec '/home/mash/phase-0-html-experiencing-html-lab/.github' is in submodule 'phase-0-html-experiencing-html-lab'\n","exitCode":128,"gitErrorCode":"IsInSubmodule"}
[2022-08-04 13:43:50.181] [exthost] [error] {"message":"Git error","stdout":"","stderr":"fatal: Pathspec '/home/mash/phase-0-html-experiencing-html-lab/.github' is in submodule 'phase-0-html-experiencing-html-lab'\n","exitCode":128,"gitErrorCode":"IsInSubmodule"}
[2022-08-04 13:43:56.345] [exthost] [error] {"message":"Git error","stdout":"","stderr":"fatal: Pathspec '/home/mash/phase-0-html-document-structure-lab/.github' is in submodule 'phase-0-html-document-structure-lab'\n","exitCode":128,"gitErrorCode":"IsInSubmodule"}
[2022-08-04 13:43:56.345] [exthost] [error] {"message":"Git error","stdout":"","stderr":"fatal: Pathspec '/home/mash/phase-0-html-document-structure-lab/.github' is in submodule 'phase-0-html-document-structure-lab'\n","exitCode":128,"gitErrorCode":"IsInSubmodule"}
[2022-08-04 13:43:56.345] [exthost] [error] {"message":"Git error","stdout":"","stderr":"fatal: Pathspec '/home/mash/phase-0-html-document-structure-lab/.github' is in submodule 'phase-0-html-document-structure-lab'\n","exitCode":128,"gitErrorCode":"IsInSubmodule"}
[2022-08-04 13:43:56.345] [exthost] [error] {"message":"Git error","stdout":"","stderr":"fatal: Pathspec '/home/mash/phase-0-html-document-structure-lab/.github' is in submodule 'phase-0-html-document-structure-lab'\n","exitCode":128,"gitErrorCode":"IsInSubmodule"}
[2022-08-04 13:43:56.345] [exthost] [error] {"message":"Git error","stdout":"","stderr":"fatal: Pathspec '/home/mash/phase-0-html-document-structure-lab/.github' is in submodule 'phase-0-html-document-structure-lab'\n","exitCode":128,"gitErrorCode":"IsInSubmodule"}
[2022-08-04 13:43:56.345] [exthost] [error] {"message":"Git error","stdout":"","stderr":"fatal: Pathspec '/home/mash/phase-0-html-document-structure-lab/.github' is in submodule 'phase-0-html-document-structure-lab'\n","exitCode":128,"gitErrorCode":"IsInSubmodule"}
[2022-08-04 13:43:56.345] [exthost] [error] {"message":"Git error","stdout":"","stderr":"fatal: Pathspec '/home/mash/phase-0-html-document-structure-lab/.github' is in submodule 'phase-0-html-document-structure-lab'\n","exitCode":128,"gitErrorCode":"IsInSubmodule"}
[2022-08-04 13:43:56.345] [exthost] [error] {"message":"Git error","stdout":"","stderr":"fatal: Pathspec '/home/mash/phase-0-html-document-structure-lab/.github' is in submodule 'phase-0-html-document-structure-lab'\n","exitCode":128,"gitErrorCode":"IsInSubmodule"}
[2022-08-04 13:43:56.346] [exthost] [error] {"message":"Git error","stdout":"","stderr":"fatal: Pathspec '/home/mash/phase-0-html-document-structure-lab/.github' is in submodule 'phase-0-html-document-structure-lab'\n","exitCode":128,"gitErrorCode":"IsInSubmodule"}
[2022-08-04 13:43:56.346] [exthost] [error] {"message":"Git error","stdout":"","stderr":"fatal: Pathspec '/home/mash/phase-0-html-document-structure-lab/.github' is in submodule 'phase-0-html-document-structure-lab'\n","exitCode":128,"gitErrorCode":"IsInSubmodule"}
[2022-08-04 13:43:56.346] [exthost] [error] {"message":"Git error","stdout":"","stderr":"fatal: Pathspec '/home/mash/phase-0-html-document-structure-lab/.github' is in submodule 'phase-0-html-document-structure-lab'\n","exitCode":128,"gitErrorCode":"IsInSubmodule"}
[2022-08-04 15:05:02.910] [exthost] [error] {"message":"Git error","stdout":"","stderr":"fatal: Pathspec '/home/mash/phase-0-html-tag-lab/.github' is in submodule 'phase-0-html-tag-lab'\n","exitCode":128,"gitErrorCode":"IsInSubmodule"}
[2022-08-04 15:05:02.911] [exthost] [error] {"message":"Git error","stdout":"","stderr":"fatal: Pathspec '/home/mash/phase-0-html-tag-lab/.github' is in submodule 'phase-0-html-tag-lab'\n","exitCode":128,"gitErrorCode":"IsInSubmodule"}
[2022-08-04 15:05:02.911] [exthost] [error] {"message":"Git error","stdout":"","stderr":"fatal: Pathspec '/home/mash/phase-0-html-tag-lab/.github' is in submodule 'phase-0-html-tag-lab'\n","exitCode":128,"gitErrorCode":"IsInSubmodule"}
[2022-08-04 15:05:02.911] [exthost] [error] {"message":"Git error","stdout":"","stderr":"fatal: Pathspec '/home/mash/phase-0-html-tag-lab/.github' is in submodule 'phase-0-html-tag-lab'\n","exitCode":128,"gitErrorCode":"IsInSubmodule"}
[2022-08-04 15:05:02.912] [exthost] [error] {"message":"Git error","stdout":"","stderr":"fatal: Pathspec '/home/mash/phase-0-html-tag-lab/.github' is in submodule 'phase-0-html-tag-lab'\n","exitCode":128,"gitErrorCode":"IsInSubmodule"}
[2022-08-04 15:05:05.563] [exthost] [error] {"message":"Git error","stdout":"","stderr":"fatal: Pathspec '/home/mash/phase-0-html-tag-lab/CONTRIBUTING.md' is in submodule 'phase-0-html-tag-lab'\n","exitCode":128,"gitErrorCode":"IsInSubmodule"}
[2022-08-04 15:05:05.563] [exthost] [error] {"message":"Git error","stdout":"","stderr":"fatal: Pathspec '/home/mash/phase-0-html-tag-lab/CONTRIBUTING.md' is in submodule 'phase-0-html-tag-lab'\n","exitCode":128,"gitErrorCode":"IsInSubmodule"}
[2022-08-04 15:05:05.563] [exthost] [error] {"message":"Git error","stdout":"","stderr":"fatal: Pathspec '/home/mash/phase-0-html-tag-lab/CONTRIBUTING.md' is in submodule 'phase-0-html-tag-lab'\n","exitCode":128,"gitErrorCode":"IsInSubmodule"}
[2022-08-04 15:05:05.563] [exthost] [error] {"message":"Git error","stdout":"","stderr":"fatal: Pathspec '/home/mash/phase-0-html-tag-lab/CONTRIBUTING.md' is in submodule 'phase-0-html-tag-lab'\n","exitCode":128,"gitErrorCode":"IsInSubmodule"}
[2022-08-04 15:05:05.563] [exthost] [error] {"message":"Git error","stdout":"","stderr":"fatal: Pathspec '/home/mash/phase-0-html-tag-lab/CONTRIBUTING.md' is in submodule 'phase-0-html-tag-lab'\n","exitCode":128,"gitErrorCode":"IsInSubmodule"}
[2022-08-04 15:05:23.624] [exthost] [info] ExtensionService#_doActivateExtension vscode.typescript-language-features, startup: false, activationEvent: 'onLanguage:jsonc'
