[2022-07-31 22:54:32.167] [exthost] [info] Extension host with pid 2305 started
[2022-07-31 22:54:32.320] [exthost] [info] ExtensionService#_doActivateExtension vscode.debug-auto-launch, startup: true, activationEvent: '*'
[2022-07-31 22:54:32.330] [exthost] [info] ExtensionService#_doActivateExtension vscode.git-base, startup: true, activationEvent: '*'
[2022-07-31 22:54:32.342] [exthost] [info] ExtensionService#_doActivateExtension vscode.ipynb, startup: true, activationEvent: '*'
[2022-07-31 22:54:32.405] [exthost] [info] Lock '/home/mash/.vscode-server/data/User/workspaceStorage/5d90bb51b3f730da09f617fe00b4df66/vscode.lock': Lock acquired.
[2022-07-31 22:54:32.467] [exthost] [info] ExtensionService#_doActivateExtension vscode.github, startup: true, activationEvent: '*'
[2022-07-31 22:54:32.566] [exthost] [info] ExtensionService#_doActivateExtension vscode.emmet, startup: false, activationEvent: 'onStartupFinished'
[2022-07-31 22:54:32.621] [exthost] [info] ExtensionService#_doActivateExtension vscode.merge-conflict, startup: false, activationEvent: 'onStartupFinished'
[2022-07-31 22:54:32.643] [exthost] [info] Eager extensions activated
[2022-07-31 22:54:46.147] [exthost] [info] ExtensionService#_doActivateExtension vscode.git, startup: false, activationEvent: 'api', root cause: vscode.github
[2022-07-31 22:54:47.230] [exthost] [warning] [Decorations] CAPPING events from decorations provider vscode.git 3504
[2022-07-31 22:54:48.805] [exthost] [info] ExtensionService#_doActivateExtension vscode.html-language-features, startup: false, activationEvent: 'onLanguage:html'
[2022-07-31 22:54:49.296] [exthost] [warning] [Decorations] CAPPING events from decorations provider vscode.git 3504
[2022-07-31 23:15:22.157] [exthost] [warning] [Decorations] CAPPING events from decorations provider vscode.git 3506
[2022-07-31 23:15:24.793] [exthost] [info] ExtensionService#_doActivateExtension vscode.debug-server-ready, startup: false, activationEvent: 'onDebugResolve'
[2022-07-31 23:15:24.810] [exthost] [info] ExtensionService#_doActivateExtension ms-vscode.js-debug, startup: false, activationEvent: 'onDebugResolve:pwa-chrome'
[2022-07-31 23:16:26.058] [exthost] [info] ExtensionService#_doActivateExtension vscode.configuration-editing, startup: false, activationEvent: 'onLanguage:jsonc'
[2022-07-31 23:16:26.114] [exthost] [info] ExtensionService#_doActivateExtension vscode.json-language-features, startup: false, activationEvent: 'onLanguage:jsonc'
[2022-07-31 23:16:26.407] [exthost] [info] ExtensionService#_doActivateExtension vscode.typescript-language-features, startup: false, activationEvent: 'onLanguage:jsonc'
[2022-07-31 23:16:28.512] [exthost] [warning] [Decorations] CAPPING events from decorations provider vscode.git 3508
[2022-07-31 23:19:46.128] [exthost] [warning] [Decorations] CAPPING events from decorations provider vscode.git 3510
