[2022-07-31T19:54:46.337Z] Log level: Info
[2022-07-31T19:54:46.356Z] [info] Validating found git in: git
[2022-07-31T19:54:46.458Z] [info] Using git 2.37.1 from git
[2022-07-31T19:54:46.522Z] > git rev-parse --show-toplevel [20ms]
[2022-07-31T19:54:46.572Z] > git rev-parse --git-dir --git-common-dir [19ms]
[2022-07-31T19:54:46.584Z] [info] Open repository: /home/mash
[2022-07-31T19:54:47.063Z] > git status -z -uall [467ms]
[2022-07-31T19:54:47.073Z] > git symbolic-ref --short HEAD [2ms]
[2022-07-31T19:54:47.093Z] > git for-each-ref --format=%(refname)%00%(upstream:short)%00%(objectname)%00%(upstream:track)%00%(upstream:remotename)%00%(upstream:remoteref) refs/heads/main refs/remotes/main [4ms]
[2022-07-31T19:54:47.125Z] > git remote --verbose [4ms]
[2022-07-31T19:54:47.126Z] > git for-each-ref --sort -committerdate --format %(refname) %(objectname) %(*objectname) [24ms]
[2022-07-31T19:54:48.985Z] > git check-ignore -v -z --stdin [1724ms]
[2022-07-31T19:54:48.988Z] > git config --get commit.template [1717ms]
[2022-07-31T19:54:49.177Z] > git status -z -uall [177ms]
[2022-07-31T19:54:49.184Z] > git symbolic-ref --short HEAD [1ms]
[2022-07-31T19:54:49.194Z] > git for-each-ref --format=%(refname)%00%(upstream:short)%00%(objectname)%00%(upstream:track)%00%(upstream:remotename)%00%(upstream:remoteref) refs/heads/main refs/remotes/main [1ms]
[2022-07-31T19:54:49.211Z] > git for-each-ref --sort -committerdate --format %(refname) %(objectname) %(*objectname) [6ms]
[2022-07-31T19:54:49.211Z] > git remote --verbose [2ms]
[2022-07-31T19:54:51.659Z] > git show --textconv :my_list.html [2315ms]
[2022-07-31T19:54:51.660Z] > git ls-files --stage -- /home/mash/my_list.html [2306ms]
[2022-07-31T19:54:51.663Z] > git config --get commit.template [2330ms]
[2022-07-31T19:54:55.911Z] > git show --textconv :my_list.txt [12ms]
[2022-07-31T19:54:55.914Z] > git ls-files --stage -- /home/mash/my_list.txt [4ms]
[2022-07-31T19:55:07.038Z] > git show --textconv :my_list.html [7ms]
[2022-07-31T19:55:07.040Z] > git ls-files --stage -- /home/mash/my_list.html [3ms]
[2022-07-31T20:15:21.997Z] > git status -z -uall [142ms]
[2022-07-31T20:15:22.012Z] > git symbolic-ref --short HEAD [3ms]
[2022-07-31T20:15:22.039Z] > git for-each-ref --format=%(refname)%00%(upstream:short)%00%(objectname)%00%(upstream:track)%00%(upstream:remotename)%00%(upstream:remoteref) refs/heads/main refs/remotes/main [1ms]
[2022-07-31T20:15:22.080Z] > git for-each-ref --sort -committerdate --format %(refname) %(objectname) %(*objectname) [19ms]
[2022-07-31T20:15:22.081Z] > git remote --verbose [2ms]
[2022-07-31T20:15:22.185Z] > git config --get commit.template [3ms]
[2022-07-31T20:16:26.715Z] > git check-ignore -v -z --stdin [76ms]
[2022-07-31T20:16:26.849Z] > git show --textconv :.vscode/launch.json [14ms]
[2022-07-31T20:16:26.907Z] > git ls-files --stage -- /home/mash/.vscode/launch.json [63ms]
[2022-07-31T20:16:28.213Z] > git status -z -uall [231ms]
[2022-07-31T20:16:28.228Z] > git symbolic-ref --short HEAD [2ms]
[2022-07-31T20:16:28.250Z] > git for-each-ref --format=%(refname)%00%(upstream:short)%00%(objectname)%00%(upstream:track)%00%(upstream:remotename)%00%(upstream:remoteref) refs/heads/main refs/remotes/main [7ms]
[2022-07-31T20:16:28.294Z] > git remote --verbose [10ms]
[2022-07-31T20:16:28.295Z] > git for-each-ref --sort -committerdate --format %(refname) %(objectname) %(*objectname) [23ms]
[2022-07-31T20:16:30.628Z] > git config --get commit.template [44ms]
[2022-07-31T20:18:17.212Z] > git show --textconv :my_list.html [18ms]
[2022-07-31T20:18:17.217Z] > git ls-files --stage -- /home/mash/my_list.html [8ms]
[2022-07-31T20:19:45.903Z] > git status -z -uall [170ms]
[2022-07-31T20:19:45.921Z] > git symbolic-ref --short HEAD [5ms]
[2022-07-31T20:19:45.944Z] > git for-each-ref --format=%(refname)%00%(upstream:short)%00%(objectname)%00%(upstream:track)%00%(upstream:remotename)%00%(upstream:remoteref) refs/heads/main refs/remotes/main [9ms]
[2022-07-31T20:19:45.986Z] > git for-each-ref --sort -committerdate --format %(refname) %(objectname) %(*objectname) [26ms]
[2022-07-31T20:19:45.990Z] > git remote --verbose [12ms]
[2022-07-31T20:19:48.203Z] > git config --get commit.template [2018ms]
