[2022-08-05T07:32:51.535Z] Log level: Info
[2022-08-05T07:32:51.569Z] [info] Validating found git in: git
[2022-08-05T07:32:51.742Z] [info] Using git 2.37.1 from git
[2022-08-05T07:32:52.948Z] > git rev-parse --show-toplevel [1137ms]
[2022-08-05T07:32:53.243Z] > git rev-parse --git-dir --git-common-dir [222ms]
[2022-08-05T07:32:53.289Z] [info] Open repository: /home/mash
[2022-08-05T07:32:53.608Z] > git status -z -uall [283ms]
[2022-08-05T07:32:53.640Z] > git symbolic-ref --short HEAD [24ms]
[2022-08-05T07:32:53.664Z] > git for-each-ref --format=%(refname)%00%(upstream:short)%00%(objectname)%00%(upstream:track)%00%(upstream:remotename)%00%(upstream:remoteref) refs/heads/main refs/remotes/main [14ms]
[2022-08-05T07:32:53.712Z] > git remote --verbose [10ms]
[2022-08-05T07:32:53.724Z] > git for-each-ref --sort -committerdate --format %(refname) %(objectname) %(*objectname) [33ms]
[2022-08-05T07:32:53.789Z] > git config --get commit.template [12ms]
[2022-08-05T07:32:53.979Z] > git show --textconv :phase-0-html-tables-lab/index.html [11ms]
[2022-08-05T07:32:53.987Z] > git ls-files --stage -- /home/mash/phase-0-html-tables-lab/index.html [10ms]
[2022-08-05T07:32:54.004Z] > git status -z -uall [182ms]
[2022-08-05T07:32:54.014Z] > git symbolic-ref --short HEAD [5ms]
[2022-08-05T07:32:54.048Z] > git check-ignore -v -z --stdin [7ms]
[2022-08-05T07:32:54.057Z] > git for-each-ref --format=%(refname)%00%(upstream:short)%00%(objectname)%00%(upstream:track)%00%(upstream:remotename)%00%(upstream:remoteref) refs/heads/main refs/remotes/main [27ms]
[2022-08-05T07:32:54.084Z] > git remote --verbose [7ms]
[2022-08-05T07:32:54.085Z] > git for-each-ref --sort -committerdate --format %(refname) %(objectname) %(*objectname) [20ms]
[2022-08-05T07:32:54.109Z] > git config --get commit.template [6ms]
[2022-08-05T07:32:57.132Z] > git status -z -uall [64ms]
[2022-08-05T07:32:57.138Z] > git symbolic-ref --short HEAD [1ms]
[2022-08-05T07:32:57.145Z] > git for-each-ref --format=%(refname)%00%(upstream:short)%00%(objectname)%00%(upstream:track)%00%(upstream:remotename)%00%(upstream:remoteref) refs/heads/main refs/remotes/main [1ms]
[2022-08-05T07:32:57.159Z] > git remote --verbose [2ms]
[2022-08-05T07:32:57.160Z] > git for-each-ref --sort -committerdate --format %(refname) %(objectname) %(*objectname) [9ms]
[2022-08-05T07:32:57.175Z] > git config --get commit.template [1ms]
[2022-08-05T07:33:02.255Z] > git status -z -uall [72ms]
[2022-08-05T07:33:02.263Z] > git symbolic-ref --short HEAD [2ms]
[2022-08-05T07:33:02.272Z] > git for-each-ref --format=%(refname)%00%(upstream:short)%00%(objectname)%00%(upstream:track)%00%(upstream:remotename)%00%(upstream:remoteref) refs/heads/main refs/remotes/main [2ms]
[2022-08-05T07:33:02.288Z] > git for-each-ref --sort -committerdate --format %(refname) %(objectname) %(*objectname) [8ms]
[2022-08-05T07:33:02.289Z] > git remote --verbose [3ms]
[2022-08-05T07:33:02.303Z] > git config --get commit.template [2ms]
[2022-08-05T07:33:07.410Z] > git status -z -uall [76ms]
[2022-08-05T07:33:07.417Z] > git symbolic-ref --short HEAD [2ms]
[2022-08-05T07:33:07.425Z] > git for-each-ref --format=%(refname)%00%(upstream:short)%00%(objectname)%00%(upstream:track)%00%(upstream:remotename)%00%(upstream:remoteref) refs/heads/main refs/remotes/main [3ms]
[2022-08-05T07:33:07.440Z] > git for-each-ref --sort -committerdate --format %(refname) %(objectname) %(*objectname) [8ms]
[2022-08-05T07:33:07.440Z] > git remote --verbose [2ms]
[2022-08-05T07:33:07.457Z] > git config --get commit.template [2ms]
[2022-08-05T07:33:22.241Z] > git status -z -uall [116ms]
[2022-08-05T07:33:22.257Z] > git symbolic-ref --short HEAD [6ms]
[2022-08-05T07:33:22.269Z] > git for-each-ref --format=%(refname)%00%(upstream:short)%00%(objectname)%00%(upstream:track)%00%(upstream:remotename)%00%(upstream:remoteref) refs/heads/main refs/remotes/main [2ms]
[2022-08-05T07:33:22.290Z] > git for-each-ref --sort -committerdate --format %(refname) %(objectname) %(*objectname) [12ms]
[2022-08-05T07:33:22.291Z] > git remote --verbose [3ms]
[2022-08-05T07:33:22.310Z] > git config --get commit.template [1ms]
[2022-08-05T07:33:27.412Z] > git status -z -uall [80ms]
[2022-08-05T07:33:27.417Z] > git symbolic-ref --short HEAD [1ms]
[2022-08-05T07:33:27.423Z] > git for-each-ref --format=%(refname)%00%(upstream:short)%00%(objectname)%00%(upstream:track)%00%(upstream:remotename)%00%(upstream:remoteref) refs/heads/main refs/remotes/main [1ms]
[2022-08-05T07:33:27.433Z] > git for-each-ref --sort -committerdate --format %(refname) %(objectname) %(*objectname) [5ms]
[2022-08-05T07:33:27.434Z] > git remote --verbose [2ms]
[2022-08-05T07:33:27.453Z] > git config --get commit.template [5ms]
[2022-08-05T07:33:32.600Z] > git status -z -uall [137ms]
[2022-08-05T07:33:32.617Z] > git symbolic-ref --short HEAD [9ms]
[2022-08-05T07:33:32.632Z] > git for-each-ref --format=%(refname)%00%(upstream:short)%00%(objectname)%00%(upstream:track)%00%(upstream:remotename)%00%(upstream:remoteref) refs/heads/main refs/remotes/main [9ms]
[2022-08-05T07:33:32.655Z] > git for-each-ref --sort -committerdate --format %(refname) %(objectname) %(*objectname) [15ms]
[2022-08-05T07:33:32.664Z] > git remote --verbose [11ms]
[2022-08-05T07:33:32.705Z] > git config --get commit.template [2ms]
[2022-08-05T07:33:37.924Z] > git status -z -uall [203ms]
[2022-08-05T07:33:37.933Z] > git symbolic-ref --short HEAD [2ms]
[2022-08-05T07:33:37.945Z] > git for-each-ref --format=%(refname)%00%(upstream:short)%00%(objectname)%00%(upstream:track)%00%(upstream:remotename)%00%(upstream:remoteref) refs/heads/main refs/remotes/main [4ms]
[2022-08-05T07:33:37.971Z] > git remote --verbose [11ms]
[2022-08-05T07:33:37.971Z] > git for-each-ref --sort -committerdate --format %(refname) %(objectname) %(*objectname) [19ms]
[2022-08-05T07:33:37.990Z] > git config --get commit.template [1ms]
[2022-08-05T07:33:39.001Z] > git check-ignore -v -z --stdin [31ms]
[2022-08-05T07:33:43.133Z] > git status -z -uall [106ms]
[2022-08-05T07:33:43.139Z] > git symbolic-ref --short HEAD [2ms]
[2022-08-05T07:33:43.146Z] > git for-each-ref --format=%(refname)%00%(upstream:short)%00%(objectname)%00%(upstream:track)%00%(upstream:remotename)%00%(upstream:remoteref) refs/heads/main refs/remotes/main [2ms]
[2022-08-05T07:33:43.159Z] > git for-each-ref --sort -committerdate --format %(refname) %(objectname) %(*objectname) [7ms]
[2022-08-05T07:33:43.160Z] > git remote --verbose [3ms]
[2022-08-05T07:33:43.170Z] > git config --get commit.template [1ms]
[2022-08-05T07:36:35.553Z] > git status -z -uall [119ms]
[2022-08-05T07:36:35.561Z] > git symbolic-ref --short HEAD [2ms]
[2022-08-05T07:36:35.570Z] > git for-each-ref --format=%(refname)%00%(upstream:short)%00%(objectname)%00%(upstream:track)%00%(upstream:remotename)%00%(upstream:remoteref) refs/heads/main refs/remotes/main [3ms]
[2022-08-05T07:36:35.592Z] > git for-each-ref --sort -committerdate --format %(refname) %(objectname) %(*objectname) [11ms]
[2022-08-05T07:36:35.593Z] > git remote --verbose [4ms]
[2022-08-05T07:36:35.606Z] > git config --get commit.template [2ms]
[2022-08-05T07:36:40.818Z] > git status -z -uall [190ms]
[2022-08-05T07:36:40.826Z] > git symbolic-ref --short HEAD [2ms]
[2022-08-05T07:36:40.834Z] > git for-each-ref --format=%(refname)%00%(upstream:short)%00%(objectname)%00%(upstream:track)%00%(upstream:remotename)%00%(upstream:remoteref) refs/heads/main refs/remotes/main [2ms]
[2022-08-05T07:36:40.847Z] > git for-each-ref --sort -committerdate --format %(refname) %(objectname) %(*objectname) [7ms]
[2022-08-05T07:36:40.848Z] > git remote --verbose [3ms]
[2022-08-05T07:36:40.866Z] > git config --get commit.template [2ms]
[2022-08-05T07:36:46.126Z] > git status -z -uall [242ms]
[2022-08-05T07:36:46.148Z] > git symbolic-ref --short HEAD [5ms]
[2022-08-05T07:36:46.172Z] > git for-each-ref --format=%(refname)%00%(upstream:short)%00%(objectname)%00%(upstream:track)%00%(upstream:remotename)%00%(upstream:remoteref) refs/heads/main refs/remotes/main [7ms]
[2022-08-05T07:36:46.211Z] > git for-each-ref --sort -committerdate --format %(refname) %(objectname) %(*objectname) [24ms]
[2022-08-05T07:36:46.213Z] > git remote --verbose [8ms]
[2022-08-05T07:36:46.260Z] > git config --get commit.template [4ms]
