[2022-08-05 10:39:47.333] [exthost] [info] Extension host with pid 18532 started
[2022-08-05 10:39:47.361] [exthost] [info] Lock '/home/mash/.vscode-server/data/User/workspaceStorage/5d90bb51b3f730da09f617fe00b4df66/vscode.lock': Lock acquired.
[2022-08-05 10:39:49.489] [exthost] [info] ExtensionService#_doActivateExtension vscode.debug-auto-launch, startup: true, activationEvent: '*'
[2022-08-05 10:39:49.537] [exthost] [info] ExtensionService#_doActivateExtension vscode.git-base, startup: true, activationEvent: '*', root cause: vscode.git
[2022-08-05 10:39:49.558] [exthost] [info] ExtensionService#_doActivateExtension vscode.ipynb, startup: true, activationEvent: '*'
[2022-08-05 10:39:49.909] [exthost] [info] ExtensionService#_doActivateExtension vscode.git, startup: true, activationEvent: '*'
[2022-08-05 10:39:50.322] [exthost] [info] ExtensionService#_doActivateExtension vscode.github, startup: true, activationEvent: '*'
[2022-08-05 10:39:52.183] [exthost] [info] ExtensionService#_doActivateExtension vscode.emmet, startup: false, activationEvent: 'onStartupFinished'
[2022-08-05 10:39:52.249] [exthost] [info] ExtensionService#_doActivateExtension vscode.merge-conflict, startup: false, activationEvent: 'onStartupFinished'
[2022-08-05 10:39:52.258] [exthost] [info] ExtensionService#_doActivateExtension ritwickdey.LiveServer, startup: false, activationEvent: 'onStartupFinished'
[2022-08-05 10:39:52.719] [exthost] [info] Eager extensions activated
[2022-08-05 10:39:53.527] [exthost] [warning] [Decorations] CAPPING events from decorations provider vscode.git 4008
[2022-08-05 10:39:55.937] [exthost] [warning] [Decorations] CAPPING events from decorations provider vscode.git 4008
[2022-08-05 10:40:40.352] [exthost] [warning] [Decorations] CAPPING events from decorations provider vscode.git 4008
[2022-08-05 10:40:49.238] [exthost] [warning] [Decorations] CAPPING events from decorations provider vscode.git 4008
[2022-08-05 10:40:54.791] [exthost] [warning] [Decorations] CAPPING events from decorations provider vscode.git 4008
[2022-08-05 10:41:00.127] [exthost] [warning] [Decorations] CAPPING events from decorations provider vscode.git 4008
[2022-08-05 10:41:05.874] [exthost] [warning] [Decorations] CAPPING events from decorations provider vscode.git 4008
[2022-08-05 10:41:11.381] [exthost] [warning] [Decorations] CAPPING events from decorations provider vscode.git 4008
[2022-08-05 10:41:16.889] [exthost] [warning] [Decorations] CAPPING events from decorations provider vscode.git 4008
[2022-08-05 10:41:24.978] [exthost] [warning] [Decorations] CAPPING events from decorations provider vscode.git 4008
[2022-08-05 10:41:30.227] [exthost] [warning] [Decorations] CAPPING events from decorations provider vscode.git 4008
[2022-08-05 10:41:35.752] [exthost] [warning] [Decorations] CAPPING events from decorations provider vscode.git 4008
[2022-08-05 10:41:41.489] [exthost] [warning] [Decorations] CAPPING events from decorations provider vscode.git 4008
[2022-08-05 10:41:51.697] [exthost] [warning] [Decorations] CAPPING events from decorations provider vscode.git 4008
[2022-08-05 10:41:57.004] [exthost] [warning] [Decorations] CAPPING events from decorations provider vscode.git 4008
[2022-08-05 10:42:05.741] [exthost] [warning] [Decorations] CAPPING events from decorations provider vscode.git 4008
[2022-08-05 10:42:10.128] [exthost] [info] ExtensionService#_doActivateExtension vscode.html-language-features, startup: false, activationEvent: 'onLanguage:html'
[2022-08-05 11:54:54.043] [exthost] [warning] [Decorations] CAPPING events from decorations provider vscode.git 4009
[2022-08-05 11:54:59.230] [exthost] [warning] [Decorations] CAPPING events from decorations provider vscode.git 4009
[2022-08-05 11:55:06.401] [exthost] [warning] [Decorations] CAPPING events from decorations provider vscode.git 4009
[2022-08-05 11:55:12.734] [exthost] [warning] [Decorations] CAPPING events from decorations provider vscode.git 4009
[2022-08-05 11:55:18.086] [exthost] [warning] [Decorations] CAPPING events from decorations provider vscode.git 4009
[2022-08-05 11:55:23.274] [exthost] [warning] [Decorations] CAPPING events from decorations provider vscode.git 4009
[2022-08-05 11:55:28.482] [exthost] [warning] [Decorations] CAPPING events from decorations provider vscode.git 4009
[2022-08-05 11:55:33.640] [exthost] [warning] [Decorations] CAPPING events from decorations provider vscode.git 4009
[2022-08-05 11:55:38.840] [exthost] [warning] [Decorations] CAPPING events from decorations provider vscode.git 4009
[2022-08-05 11:55:45.114] [exthost] [warning] [Decorations] CAPPING events from decorations provider vscode.git 4009
[2022-08-05 11:55:50.323] [exthost] [warning] [Decorations] CAPPING events from decorations provider vscode.git 4009
[2022-08-05 11:55:55.487] [exthost] [warning] [Decorations] CAPPING events from decorations provider vscode.git 4009
[2022-08-05 11:56:01.190] [exthost] [warning] [Decorations] CAPPING events from decorations provider vscode.git 4009
[2022-08-05 11:56:09.577] [exthost] [warning] [Decorations] CAPPING events from decorations provider vscode.git 4009
[2022-08-05 11:56:14.809] [exthost] [warning] [Decorations] CAPPING events from decorations provider vscode.git 4009
[2022-08-05 11:56:19.984] [exthost] [warning] [Decorations] CAPPING events from decorations provider vscode.git 4009
[2022-08-05 11:56:25.163] [exthost] [warning] [Decorations] CAPPING events from decorations provider vscode.git 4009
[2022-08-05 11:56:30.390] [exthost] [warning] [Decorations] CAPPING events from decorations provider vscode.git 4009
[2022-08-05 11:56:35.560] [exthost] [warning] [Decorations] CAPPING events from decorations provider vscode.git 4009
[2022-08-05 11:56:40.799] [exthost] [warning] [Decorations] CAPPING events from decorations provider vscode.git 4009
[2022-08-05 11:56:45.980] [exthost] [warning] [Decorations] CAPPING events from decorations provider vscode.git 4009
[2022-08-05 11:56:51.667] [exthost] [warning] [Decorations] CAPPING events from decorations provider vscode.git 4009
[2022-08-05 11:56:56.915] [exthost] [warning] [Decorations] CAPPING events from decorations provider vscode.git 4009
[2022-08-05 11:57:03.415] [exthost] [warning] [Decorations] CAPPING events from decorations provider vscode.git 4009
[2022-08-05 11:57:08.648] [exthost] [warning] [Decorations] CAPPING events from decorations provider vscode.git 4009
[2022-08-05 11:57:13.816] [exthost] [warning] [Decorations] CAPPING events from decorations provider vscode.git 4009
[2022-08-05 11:57:19.041] [exthost] [warning] [Decorations] CAPPING events from decorations provider vscode.git 4009
[2022-08-05 11:57:24.210] [exthost] [warning] [Decorations] CAPPING events from decorations provider vscode.git 4009
[2022-08-05 11:57:29.443] [exthost] [warning] [Decorations] CAPPING events from decorations provider vscode.git 4009
[2022-08-05 11:57:34.622] [exthost] [warning] [Decorations] CAPPING events from decorations provider vscode.git 4009
[2022-08-05 11:57:39.946] [exthost] [warning] [Decorations] CAPPING events from decorations provider vscode.git 4009
[2022-08-05 11:57:47.262] [exthost] [warning] [Decorations] CAPPING events from decorations provider vscode.git 4009
[2022-08-05 11:57:52.505] [exthost] [warning] [Decorations] CAPPING events from decorations provider vscode.git 4009
[2022-08-05 11:57:57.673] [exthost] [warning] [Decorations] CAPPING events from decorations provider vscode.git 4009
[2022-08-05 11:58:02.908] [exthost] [warning] [Decorations] CAPPING events from decorations provider vscode.git 4009
[2022-08-05 11:58:08.080] [exthost] [warning] [Decorations] CAPPING events from decorations provider vscode.git 4009
[2022-08-05 11:58:13.290] [exthost] [warning] [Decorations] CAPPING events from decorations provider vscode.git 4009
[2022-08-05 11:58:18.464] [exthost] [warning] [Decorations] CAPPING events from decorations provider vscode.git 4009
[2022-08-05 11:58:23.642] [exthost] [warning] [Decorations] CAPPING events from decorations provider vscode.git 4009
[2022-08-05 11:58:28.795] [exthost] [warning] [Decorations] CAPPING events from decorations provider vscode.git 4009
[2022-08-05 11:58:33.994] [exthost] [warning] [Decorations] CAPPING events from decorations provider vscode.git 4009
[2022-08-05 11:58:41.327] [exthost] [warning] [Decorations] CAPPING events from decorations provider vscode.git 4009
[2022-08-05 11:58:46.837] [exthost] [warning] [Decorations] CAPPING events from decorations provider vscode.git 4009
[2022-08-05 11:58:52.003] [exthost] [warning] [Decorations] CAPPING events from decorations provider vscode.git 4009
[2022-08-05 11:58:57.187] [exthost] [warning] [Decorations] CAPPING events from decorations provider vscode.git 4009
[2022-08-05 11:59:02.730] [exthost] [warning] [Decorations] CAPPING events from decorations provider vscode.git 4009
[2022-08-05 11:59:11.551] [exthost] [warning] [Decorations] CAPPING events from decorations provider vscode.git 4009
[2022-08-05 11:59:16.754] [exthost] [warning] [Decorations] CAPPING events from decorations provider vscode.git 4009
[2022-08-05 12:23:55.837] [exthost] [warning] [Decorations] CAPPING events from decorations provider vscode.git 4009
[2022-08-05 12:24:01.265] [exthost] [warning] [Decorations] CAPPING events from decorations provider vscode.git 4009
[2022-08-05 12:24:09.208] [exthost] [warning] [Decorations] CAPPING events from decorations provider vscode.git 4009
[2022-08-05 12:24:14.377] [exthost] [warning] [Decorations] CAPPING events from decorations provider vscode.git 4009
[2022-08-05 12:24:19.563] [exthost] [warning] [Decorations] CAPPING events from decorations provider vscode.git 4009
[2022-08-05 12:24:24.759] [exthost] [warning] [Decorations] CAPPING events from decorations provider vscode.git 4009
[2022-08-05 12:24:29.945] [exthost] [warning] [Decorations] CAPPING events from decorations provider vscode.git 4009
[2022-08-05 12:24:36.358] [exthost] [warning] [Decorations] CAPPING events from decorations provider vscode.git 4009
[2022-08-05 12:24:42.071] [exthost] [warning] [Decorations] CAPPING events from decorations provider vscode.git 4009
[2022-08-05 12:24:47.305] [exthost] [warning] [Decorations] CAPPING events from decorations provider vscode.git 4009
[2022-08-05 12:24:52.462] [exthost] [warning] [Decorations] CAPPING events from decorations provider vscode.git 4009
[2022-08-05 12:24:57.626] [exthost] [warning] [Decorations] CAPPING events from decorations provider vscode.git 4009
[2022-08-05 12:25:03.305] [exthost] [warning] [Decorations] CAPPING events from decorations provider vscode.git 4009
[2022-08-05 12:25:08.459] [exthost] [warning] [Decorations] CAPPING events from decorations provider vscode.git 4009
[2022-08-05 12:25:13.685] [exthost] [warning] [Decorations] CAPPING events from decorations provider vscode.git 4009
[2022-08-05 12:25:18.858] [exthost] [warning] [Decorations] CAPPING events from decorations provider vscode.git 4009
[2022-08-05 12:25:24.148] [exthost] [warning] [Decorations] CAPPING events from decorations provider vscode.git 4009
[2022-08-05 12:25:29.306] [exthost] [warning] [Decorations] CAPPING events from decorations provider vscode.git 4009
[2022-08-05 12:25:34.535] [exthost] [warning] [Decorations] CAPPING events from decorations provider vscode.git 4009
[2022-08-05 12:25:39.687] [exthost] [warning] [Decorations] CAPPING events from decorations provider vscode.git 4009
[2022-08-05 12:25:45.195] [exthost] [warning] [Decorations] CAPPING events from decorations provider vscode.git 4009
[2022-08-05 12:25:50.756] [exthost] [warning] [Decorations] CAPPING events from decorations provider vscode.git 4009
[2022-08-05 12:25:56.103] [exthost] [warning] [Decorations] CAPPING events from decorations provider vscode.git 4009
[2022-08-05 12:26:02.667] [exthost] [warning] [Decorations] CAPPING events from decorations provider vscode.git 4009
[2022-08-05 12:26:10.365] [exthost] [warning] [Decorations] CAPPING events from decorations provider vscode.git 4009
[2022-08-05 12:26:15.517] [exthost] [warning] [Decorations] CAPPING events from decorations provider vscode.git 4009
[2022-08-05 12:26:20.800] [exthost] [warning] [Decorations] CAPPING events from decorations provider vscode.git 4009
[2022-08-05 12:26:25.984] [exthost] [warning] [Decorations] CAPPING events from decorations provider vscode.git 4009
[2022-08-05 12:26:32.546] [exthost] [warning] [Decorations] CAPPING events from decorations provider vscode.git 4009
[2022-08-05 12:26:37.706] [exthost] [warning] [Decorations] CAPPING events from decorations provider vscode.git 4009
[2022-08-05 12:26:42.916] [exthost] [warning] [Decorations] CAPPING events from decorations provider vscode.git 4009
[2022-08-05 12:26:48.080] [exthost] [warning] [Decorations] CAPPING events from decorations provider vscode.git 4009
[2022-08-05 12:26:53.311] [exthost] [warning] [Decorations] CAPPING events from decorations provider vscode.git 4009
[2022-08-05 12:26:58.464] [exthost] [warning] [Decorations] CAPPING events from decorations provider vscode.git 4009
[2022-08-05 12:27:05.114] [exthost] [warning] [Decorations] CAPPING events from decorations provider vscode.git 4009
[2022-08-05 12:27:31.470] [exthost] [warning] [Decorations] CAPPING events from decorations provider vscode.git 4009
[2022-08-05 12:27:36.662] [exthost] [warning] [Decorations] CAPPING events from decorations provider vscode.git 4009
[2022-08-05 12:27:43.034] [exthost] [warning] [Decorations] CAPPING events from decorations provider vscode.git 4009
[2022-08-05 12:27:48.293] [exthost] [warning] [Decorations] CAPPING events from decorations provider vscode.git 4009
[2022-08-05 12:27:53.528] [exthost] [warning] [Decorations] CAPPING events from decorations provider vscode.git 4009
[2022-08-05 12:27:58.931] [exthost] [warning] [Decorations] CAPPING events from decorations provider vscode.git 4009
[2022-08-05 12:28:07.218] [exthost] [warning] [Decorations] CAPPING events from decorations provider vscode.git 4009
[2022-08-05 12:28:12.375] [exthost] [warning] [Decorations] CAPPING events from decorations provider vscode.git 4009
[2022-08-05 12:28:17.737] [exthost] [warning] [Decorations] CAPPING events from decorations provider vscode.git 4009
[2022-08-05 12:28:23.195] [exthost] [warning] [Decorations] CAPPING events from decorations provider vscode.git 4009
[2022-08-05 12:28:28.793] [exthost] [warning] [Decorations] CAPPING events from decorations provider vscode.git 4009
[2022-08-05 12:28:34.108] [exthost] [warning] [Decorations] CAPPING events from decorations provider vscode.git 4009
[2022-08-05 12:28:42.975] [exthost] [warning] [Decorations] CAPPING events from decorations provider vscode.git 4009
[2022-08-05 12:28:48.192] [exthost] [warning] [Decorations] CAPPING events from decorations provider vscode.git 4009
[2022-08-05 12:28:54.799] [exthost] [warning] [Decorations] CAPPING events from decorations provider vscode.git 4009
[2022-08-05 12:28:59.996] [exthost] [warning] [Decorations] CAPPING events from decorations provider vscode.git 4011
[2022-08-05 12:29:20.031] [exthost] [warning] [Decorations] CAPPING events from decorations provider vscode.git 4011
[2022-08-05 12:29:25.271] [exthost] [warning] [Decorations] CAPPING events from decorations provider vscode.git 4011
[2022-08-05 12:29:30.466] [exthost] [warning] [Decorations] CAPPING events from decorations provider vscode.git 4011
[2022-08-05 12:30:39.188] [exthost] [warning] [Decorations] CAPPING events from decorations provider vscode.git 4011
[2022-08-05 12:30:44.361] [exthost] [warning] [Decorations] CAPPING events from decorations provider vscode.git 4011
[2022-08-05 12:30:49.517] [exthost] [warning] [Decorations] CAPPING events from decorations provider vscode.git 4011
[2022-08-05 12:30:54.693] [exthost] [warning] [Decorations] CAPPING events from decorations provider vscode.git 4012
[2022-08-05 12:31:16.410] [exthost] [warning] [Decorations] CAPPING events from decorations provider vscode.git 4012
[2022-08-05 12:31:21.571] [exthost] [warning] [Decorations] CAPPING events from decorations provider vscode.git 4012
[2022-08-05 12:31:26.873] [exthost] [warning] [Decorations] CAPPING events from decorations provider vscode.git 4012
[2022-08-05 12:31:33.026] [exthost] [warning] [Decorations] CAPPING events from decorations provider vscode.git 4014
[2022-08-05 12:31:38.640] [exthost] [warning] [Decorations] CAPPING events from decorations provider vscode.git 4014
[2022-08-05 12:31:44.310] [exthost] [warning] [Decorations] CAPPING events from decorations provider vscode.git 4014
[2022-08-05 12:31:49.876] [exthost] [warning] [Decorations] CAPPING events from decorations provider vscode.git 4014
[2022-08-05 12:31:55.489] [exthost] [warning] [Decorations] CAPPING events from decorations provider vscode.git 4014
[2022-08-05 12:32:02.195] [exthost] [warning] [Decorations] CAPPING events from decorations provider vscode.git 4014
[2022-08-05 12:32:08.923] [exthost] [warning] [Decorations] CAPPING events from decorations provider vscode.git 4014
[2022-08-05 12:32:14.550] [exthost] [warning] [Decorations] CAPPING events from decorations provider vscode.git 4014
[2022-08-05 12:32:20.141] [exthost] [warning] [Decorations] CAPPING events from decorations provider vscode.git 4014
[2022-08-05 12:32:25.726] [exthost] [warning] [Decorations] CAPPING events from decorations provider vscode.git 4014
[2022-08-05 12:32:31.371] [exthost] [warning] [Decorations] CAPPING events from decorations provider vscode.git 4014
[2022-08-05 12:32:37.015] [exthost] [warning] [Decorations] CAPPING events from decorations provider vscode.git 4014
[2022-08-05 12:32:42.578] [exthost] [warning] [Decorations] CAPPING events from decorations provider vscode.git 4014
[2022-08-05 12:32:48.275] [exthost] [warning] [Decorations] CAPPING events from decorations provider vscode.git 4014
[2022-08-05 12:32:53.925] [exthost] [warning] [Decorations] CAPPING events from decorations provider vscode.git 4014
[2022-08-05 12:32:59.739] [exthost] [warning] [Decorations] CAPPING events from decorations provider vscode.git 4014
[2022-08-05 12:33:13.522] [exthost] [warning] [Decorations] CAPPING events from decorations provider vscode.git 4014
[2022-08-05 12:33:49.739] [exthost] [warning] [Decorations] CAPPING events from decorations provider vscode.git 4014
[2022-08-05 12:33:56.595] [exthost] [warning] [Decorations] CAPPING events from decorations provider vscode.git 4014
[2022-08-05 12:34:16.186] [exthost] [warning] [Decorations] CAPPING events from decorations provider vscode.git 4014
[2022-08-05 12:34:21.779] [exthost] [warning] [Decorations] CAPPING events from decorations provider vscode.git 4014
[2022-08-05 12:34:27.357] [exthost] [warning] [Decorations] CAPPING events from decorations provider vscode.git 4014
[2022-08-05 12:34:32.943] [exthost] [warning] [Decorations] CAPPING events from decorations provider vscode.git 4014
[2022-08-05 12:34:38.535] [exthost] [warning] [Decorations] CAPPING events from decorations provider vscode.git 4014
[2022-08-05 12:34:44.108] [exthost] [warning] [Decorations] CAPPING events from decorations provider vscode.git 4014
[2022-08-05 12:34:49.657] [exthost] [warning] [Decorations] CAPPING events from decorations provider vscode.git 4014
[2022-08-05 12:34:55.214] [exthost] [warning] [Decorations] CAPPING events from decorations provider vscode.git 4014
[2022-08-05 12:35:02.023] [exthost] [warning] [Decorations] CAPPING events from decorations provider vscode.git 4014
[2022-08-05 12:35:08.805] [exthost] [warning] [Decorations] CAPPING events from decorations provider vscode.git 4014
[2022-08-05 12:35:14.406] [exthost] [warning] [Decorations] CAPPING events from decorations provider vscode.git 4014
[2022-08-05 12:35:19.957] [exthost] [warning] [Decorations] CAPPING events from decorations provider vscode.git 4014
[2022-08-05 12:35:25.507] [exthost] [warning] [Decorations] CAPPING events from decorations provider vscode.git 4014
[2022-08-05 12:35:31.077] [exthost] [warning] [Decorations] CAPPING events from decorations provider vscode.git 4014
[2022-08-05 12:35:36.741] [exthost] [warning] [Decorations] CAPPING events from decorations provider vscode.git 4014
[2022-08-05 12:35:42.316] [exthost] [warning] [Decorations] CAPPING events from decorations provider vscode.git 4014
[2022-08-05 12:35:47.968] [exthost] [warning] [Decorations] CAPPING events from decorations provider vscode.git 4014
[2022-08-05 12:35:53.541] [exthost] [warning] [Decorations] CAPPING events from decorations provider vscode.git 4014
[2022-08-05 12:35:59.139] [exthost] [warning] [Decorations] CAPPING events from decorations provider vscode.git 4014
[2022-08-05 12:36:04.748] [exthost] [warning] [Decorations] CAPPING events from decorations provider vscode.git 4014
[2022-08-05 12:36:10.389] [exthost] [warning] [Decorations] CAPPING events from decorations provider vscode.git 4014
[2022-08-05 12:36:15.948] [exthost] [warning] [Decorations] CAPPING events from decorations provider vscode.git 4014
[2022-08-05 12:36:21.574] [exthost] [warning] [Decorations] CAPPING events from decorations provider vscode.git 4014
[2022-08-05 12:36:27.148] [exthost] [warning] [Decorations] CAPPING events from decorations provider vscode.git 4014
[2022-08-05 12:36:32.709] [exthost] [warning] [Decorations] CAPPING events from decorations provider vscode.git 4014
[2022-08-05 12:36:38.344] [exthost] [warning] [Decorations] CAPPING events from decorations provider vscode.git 4014
[2022-08-05 12:36:44.150] [exthost] [warning] [Decorations] CAPPING events from decorations provider vscode.git 4014
[2022-08-05 12:37:24.460] [exthost] [warning] [Decorations] CAPPING events from decorations provider vscode.git 4014
[2022-08-05 12:37:30.060] [exthost] [warning] [Decorations] CAPPING events from decorations provider vscode.git 4014
[2022-08-05 12:37:35.830] [exthost] [warning] [Decorations] CAPPING events from decorations provider vscode.git 4014
[2022-08-05 12:37:42.514] [exthost] [warning] [Decorations] CAPPING events from decorations provider vscode.git 4014
[2022-08-05 12:37:48.315] [exthost] [warning] [Decorations] CAPPING events from decorations provider vscode.git 4014
[2022-08-05 12:37:53.890] [exthost] [warning] [Decorations] CAPPING events from decorations provider vscode.git 4014
[2022-08-05 12:37:59.522] [exthost] [warning] [Decorations] CAPPING events from decorations provider vscode.git 4014
[2022-08-05 12:38:05.123] [exthost] [warning] [Decorations] CAPPING events from decorations provider vscode.git 4014
[2022-08-05 12:38:10.689] [exthost] [warning] [Decorations] CAPPING events from decorations provider vscode.git 4014
[2022-08-05 12:38:16.263] [exthost] [warning] [Decorations] CAPPING events from decorations provider vscode.git 4014
[2022-08-05 12:38:21.888] [exthost] [warning] [Decorations] CAPPING events from decorations provider vscode.git 4014
[2022-08-05 12:38:27.505] [exthost] [warning] [Decorations] CAPPING events from decorations provider vscode.git 4014
[2022-08-05 12:38:33.106] [exthost] [warning] [Decorations] CAPPING events from decorations provider vscode.git 4014
[2022-08-05 12:38:38.689] [exthost] [warning] [Decorations] CAPPING events from decorations provider vscode.git 4014
[2022-08-05 12:38:44.379] [exthost] [warning] [Decorations] CAPPING events from decorations provider vscode.git 4014
[2022-08-05 12:38:50.020] [exthost] [warning] [Decorations] CAPPING events from decorations provider vscode.git 4014
[2022-08-05 12:38:55.575] [exthost] [warning] [Decorations] CAPPING events from decorations provider vscode.git 4014
[2022-08-05 12:39:02.155] [exthost] [warning] [Decorations] CAPPING events from decorations provider vscode.git 4014
[2022-08-05 12:39:08.823] [exthost] [warning] [Decorations] CAPPING events from decorations provider vscode.git 4014
[2022-08-05 12:39:14.378] [exthost] [warning] [Decorations] CAPPING events from decorations provider vscode.git 4014
[2022-08-05 12:39:19.996] [exthost] [warning] [Decorations] CAPPING events from decorations provider vscode.git 4014
[2022-08-05 12:39:25.591] [exthost] [warning] [Decorations] CAPPING events from decorations provider vscode.git 4014
[2022-08-05 12:39:31.218] [exthost] [warning] [Decorations] CAPPING events from decorations provider vscode.git 4014
[2022-08-05 12:39:36.842] [exthost] [warning] [Decorations] CAPPING events from decorations provider vscode.git 4014
[2022-08-05 12:39:42.464] [exthost] [warning] [Decorations] CAPPING events from decorations provider vscode.git 4014
[2022-08-05 12:39:48.012] [exthost] [warning] [Decorations] CAPPING events from decorations provider vscode.git 4014
[2022-08-05 12:39:53.652] [exthost] [warning] [Decorations] CAPPING events from decorations provider vscode.git 4014
[2022-08-05 12:39:58.794] [exthost] [warning] [Decorations] CAPPING events from decorations provider vscode.git 4014
[2022-08-05 13:14:36.205] [exthost] [info] ExtensionService#_doActivateExtension vscode.configuration-editing, startup: false, activationEvent: 'onLanguage:jsonc'
[2022-08-05 13:14:36.217] [exthost] [info] ExtensionService#_doActivateExtension vscode.json-language-features, startup: false, activationEvent: 'onLanguage:jsonc'
[2022-08-05 13:14:36.303] [exthost] [info] ExtensionService#_doActivateExtension vscode.typescript-language-features, startup: false, activationEvent: 'onLanguage:jsonc'
